févr. 23, 2015 5:04:01 PM org.apache.catalina.startup.VersionLoggerListener log
INFOS: Server version:        Apache Tomcat/7.0.57
févr. 23, 2015 5:04:01 PM org.apache.catalina.startup.VersionLoggerListener log
INFOS: Server built:          Nov 3 2014 08:39:16 UTC
févr. 23, 2015 5:04:01 PM org.apache.catalina.startup.VersionLoggerListener log
INFOS: Server number:         7.0.57.0
févr. 23, 2015 5:04:01 PM org.apache.catalina.startup.VersionLoggerListener log
INFOS: OS Name:               Linux
févr. 23, 2015 5:04:01 PM org.apache.catalina.startup.VersionLoggerListener log
INFOS: OS Version:            3.16.0-30-generic
févr. 23, 2015 5:04:01 PM org.apache.catalina.startup.VersionLoggerListener log
INFOS: Architecture:          amd64
févr. 23, 2015 5:04:01 PM org.apache.catalina.startup.VersionLoggerListener log
INFOS: JAVA_HOME:             /usr/lib/jvm/java-7-oracle/jre
févr. 23, 2015 5:04:01 PM org.apache.catalina.startup.VersionLoggerListener log
INFOS: JVM Version:           1.7.0_76-b13
févr. 23, 2015 5:04:01 PM org.apache.catalina.startup.VersionLoggerListener log
INFOS: JVM Vendor:            Oracle Corporation
févr. 23, 2015 5:04:01 PM org.apache.catalina.startup.VersionLoggerListener log
INFOS: CATALINA_BASE:         /home/vivi/CCI/PL2/Serveur/apache-tomcat-7.0.57
févr. 23, 2015 5:04:01 PM org.apache.catalina.startup.VersionLoggerListener log
INFOS: CATALINA_HOME:         /home/vivi/CCI/PL2/Serveur/apache-tomcat-7.0.57
févr. 23, 2015 5:04:01 PM org.apache.catalina.startup.VersionLoggerListener log
INFOS: Command line argument: -Djava.util.logging.config.file=/home/vivi/CCI/PL2/Serveur/apache-tomcat-7.0.57/conf/logging.properties
févr. 23, 2015 5:04:01 PM org.apache.catalina.startup.VersionLoggerListener log
INFOS: Command line argument: -Djava.util.logging.manager=org.apache.juli.ClassLoaderLogManager
févr. 23, 2015 5:04:01 PM org.apache.catalina.startup.VersionLoggerListener log
INFOS: Command line argument: -Dhttp.nonProxyHosts=localhost|127.0.0.1|vivi-K50IE
févr. 23, 2015 5:04:01 PM org.apache.catalina.startup.VersionLoggerListener log
INFOS: Command line argument: -Djava.endorsed.dirs=/home/vivi/CCI/PL2/Serveur/apache-tomcat-7.0.57/endorsed
févr. 23, 2015 5:04:01 PM org.apache.catalina.startup.VersionLoggerListener log
INFOS: Command line argument: -Dcatalina.base=/home/vivi/CCI/PL2/Serveur/apache-tomcat-7.0.57
févr. 23, 2015 5:04:01 PM org.apache.catalina.startup.VersionLoggerListener log
INFOS: Command line argument: -Dcatalina.home=/home/vivi/CCI/PL2/Serveur/apache-tomcat-7.0.57
févr. 23, 2015 5:04:01 PM org.apache.catalina.startup.VersionLoggerListener log
INFOS: Command line argument: -Djava.io.tmpdir=/home/vivi/CCI/PL2/Serveur/apache-tomcat-7.0.57/temp
févr. 23, 2015 5:04:01 PM org.apache.catalina.core.AprLifecycleListener lifecycleEvent
INFOS: The APR based Apache Tomcat Native library which allows optimal performance in production environments was not found on the java.library.path: /usr/lib/jvm/java-7-oracle/jre/lib/amd64:/usr/lib/jvm/java-7-oracle/jre/lib/i386::/usr/java/packages/lib/amd64:/usr/lib64:/lib64:/lib:/usr/lib
févr. 23, 2015 5:04:03 PM org.apache.coyote.AbstractProtocol init
INFOS: Initializing ProtocolHandler ["http-bio-8080"]
févr. 23, 2015 5:04:04 PM org.apache.coyote.AbstractProtocol init
INFOS: Initializing ProtocolHandler ["ajp-bio-8009"]
févr. 23, 2015 5:04:04 PM org.apache.catalina.startup.Catalina load
INFOS: Initialization processed in 12691 ms
févr. 23, 2015 5:04:04 PM org.apache.catalina.core.StandardService startInternal
INFOS: Démarrage du service Catalina
févr. 23, 2015 5:04:04 PM org.apache.catalina.core.StandardEngine startInternal
INFOS: Starting Servlet Engine: Apache Tomcat/7.0.57
févr. 23, 2015 5:04:04 PM org.apache.catalina.startup.HostConfig deployDescriptor
INFOS: Déploiement du descripteur de configuration /home/vivi/CCI/PL2/Serveur/apache-tomcat-7.0.57/conf/Catalina/localhost/AppliCafeV2.xml
févr. 23, 2015 5:04:06 PM org.apache.catalina.deploy.WebXml setVersion
AVERTISSEMENT: Unknown version string [3.1]. Default version will be used.
févr. 23, 2015 5:04:12 PM org.apache.catalina.util.SessionIdGenerator createSecureRandom
INFOS: Creation of SecureRandom instance for session ID generation using [SHA1PRNG] took [326] milliseconds.
févr. 23, 2015 5:04:13 PM org.apache.catalina.startup.HostConfig deployDescriptor
INFOS: Deployment of configuration descriptor /home/vivi/CCI/PL2/Serveur/apache-tomcat-7.0.57/conf/Catalina/localhost/AppliCafeV2.xml has finished in 8 141 ms
févr. 23, 2015 5:04:13 PM org.apache.catalina.startup.HostConfig deployDescriptor
INFOS: Déploiement du descripteur de configuration /home/vivi/CCI/PL2/Serveur/apache-tomcat-7.0.57/conf/Catalina/localhost/AppliCafeV3.xml
févr. 23, 2015 5:04:14 PM org.apache.catalina.deploy.WebXml setVersion
AVERTISSEMENT: Unknown version string [3.1]. Default version will be used.
févr. 23, 2015 5:04:16 PM org.apache.catalina.startup.HostConfig deployDescriptor
INFOS: Deployment of configuration descriptor /home/vivi/CCI/PL2/Serveur/apache-tomcat-7.0.57/conf/Catalina/localhost/AppliCafeV3.xml has finished in 3 111 ms
févr. 23, 2015 5:04:16 PM org.apache.catalina.startup.HostConfig deployDescriptor
INFOS: Déploiement du descripteur de configuration /home/vivi/CCI/PL2/Serveur/apache-tomcat-7.0.57/conf/Catalina/localhost/test.xml
févr. 23, 2015 5:04:17 PM org.apache.catalina.startup.HostConfig deployDescriptor
INFOS: Deployment of configuration descriptor /home/vivi/CCI/PL2/Serveur/apache-tomcat-7.0.57/conf/Catalina/localhost/test.xml has finished in 1 179 ms
févr. 23, 2015 5:04:17 PM org.apache.catalina.startup.HostConfig deployDescriptor
INFOS: Déploiement du descripteur de configuration /home/vivi/CCI/PL2/Serveur/apache-tomcat-7.0.57/conf/Catalina/localhost/AppliCafeV1.xml
févr. 23, 2015 5:04:18 PM org.apache.catalina.deploy.WebXml setVersion
AVERTISSEMENT: Unknown version string [3.1]. Default version will be used.
févr. 23, 2015 5:04:20 PM org.apache.catalina.startup.HostConfig deployDescriptor
INFOS: Deployment of configuration descriptor /home/vivi/CCI/PL2/Serveur/apache-tomcat-7.0.57/conf/Catalina/localhost/AppliCafeV1.xml has finished in 3 584 ms
févr. 23, 2015 5:04:20 PM org.apache.catalina.startup.HostConfig deployDescriptor
INFOS: Déploiement du descripteur de configuration /home/vivi/CCI/PL2/Serveur/apache-tomcat-7.0.57/conf/Catalina/localhost/AppliCafeV4_1.xml
févr. 23, 2015 5:04:21 PM org.apache.catalina.deploy.WebXml setVersion
AVERTISSEMENT: Unknown version string [3.1]. Default version will be used.
févr. 23, 2015 5:04:22 PM org.apache.catalina.startup.HostConfig deployDescriptor
INFOS: Deployment of configuration descriptor /home/vivi/CCI/PL2/Serveur/apache-tomcat-7.0.57/conf/Catalina/localhost/AppliCafeV4_1.xml has finished in 1 909 ms
févr. 23, 2015 5:04:22 PM org.apache.catalina.startup.HostConfig deployDescriptor
INFOS: Déploiement du descripteur de configuration /home/vivi/CCI/PL2/Serveur/apache-tomcat-7.0.57/conf/Catalina/localhost/CarnetTest.xml
févr. 23, 2015 5:04:24 PM org.apache.catalina.startup.HostConfig deployDescriptor
INFOS: Deployment of configuration descriptor /home/vivi/CCI/PL2/Serveur/apache-tomcat-7.0.57/conf/Catalina/localhost/CarnetTest.xml has finished in 1 347 ms
févr. 23, 2015 5:04:24 PM org.apache.catalina.startup.HostConfig deployDescriptor
INFOS: Déploiement du descripteur de configuration /home/vivi/CCI/PL2/Serveur/apache-tomcat-7.0.57/conf/Catalina/localhost/ApliDataBase.xml
févr. 23, 2015 5:04:27 PM org.apache.catalina.startup.HostConfig deployDescriptor
INFOS: Deployment of configuration descriptor /home/vivi/CCI/PL2/Serveur/apache-tomcat-7.0.57/conf/Catalina/localhost/ApliDataBase.xml has finished in 3 526 ms
févr. 23, 2015 5:04:27 PM org.apache.catalina.startup.HostConfig deployDescriptor
INFOS: Déploiement du descripteur de configuration /home/vivi/CCI/PL2/Serveur/apache-tomcat-7.0.57/conf/Catalina/localhost/AppliCafes.xml
févr. 23, 2015 5:04:31 PM org.apache.catalina.startup.HostConfig deployDescriptor
INFOS: Deployment of configuration descriptor /home/vivi/CCI/PL2/Serveur/apache-tomcat-7.0.57/conf/Catalina/localhost/AppliCafes.xml has finished in 3 766 ms
févr. 23, 2015 5:04:31 PM org.apache.catalina.startup.HostConfig deployDescriptor
INFOS: Déploiement du descripteur de configuration /home/vivi/CCI/PL2/Serveur/apache-tomcat-7.0.57/conf/Catalina/localhost/LeNombreCache.xml
févr. 23, 2015 5:04:32 PM org.apache.catalina.startup.HostConfig deployDescriptor
INFOS: Deployment of configuration descriptor /home/vivi/CCI/PL2/Serveur/apache-tomcat-7.0.57/conf/Catalina/localhost/LeNombreCache.xml has finished in 944 ms
févr. 23, 2015 5:04:32 PM org.apache.catalina.startup.HostConfig deployDescriptor
INFOS: Déploiement du descripteur de configuration /home/vivi/CCI/PL2/Serveur/apache-tomcat-7.0.57/conf/Catalina/localhost/WebApplication1.xml
févr. 23, 2015 5:04:33 PM org.apache.catalina.startup.HostConfig deployDescriptor
INFOS: Deployment of configuration descriptor /home/vivi/CCI/PL2/Serveur/apache-tomcat-7.0.57/conf/Catalina/localhost/WebApplication1.xml has finished in 1 316 ms
févr. 23, 2015 5:04:33 PM org.apache.catalina.startup.HostConfig deployDirectory
INFOS: Déploiement du répertoire /home/vivi/CCI/PL2/Serveur/apache-tomcat-7.0.57/webapps/examples de l'application web
févr. 23, 2015 5:04:40 PM org.apache.catalina.startup.HostConfig deployDirectory
INFOS: Deployment of web application directory /home/vivi/CCI/PL2/Serveur/apache-tomcat-7.0.57/webapps/examples has finished in 6 426 ms
févr. 23, 2015 5:04:40 PM org.apache.catalina.startup.HostConfig deployDirectory
INFOS: Déploiement du répertoire /home/vivi/CCI/PL2/Serveur/apache-tomcat-7.0.57/webapps/ROOT de l'application web
févr. 23, 2015 5:04:41 PM org.apache.catalina.startup.HostConfig deployDirectory
INFOS: Deployment of web application directory /home/vivi/CCI/PL2/Serveur/apache-tomcat-7.0.57/webapps/ROOT has finished in 1 092 ms
févr. 23, 2015 5:04:41 PM org.apache.catalina.startup.HostConfig deployDirectory
INFOS: Déploiement du répertoire /home/vivi/CCI/PL2/Serveur/apache-tomcat-7.0.57/webapps/manager de l'application web
févr. 23, 2015 5:04:42 PM org.apache.catalina.startup.HostConfig deployDirectory
INFOS: Deployment of web application directory /home/vivi/CCI/PL2/Serveur/apache-tomcat-7.0.57/webapps/manager has finished in 1 064 ms
févr. 23, 2015 5:04:42 PM org.apache.catalina.startup.HostConfig deployDirectory
INFOS: Déploiement du répertoire /home/vivi/CCI/PL2/Serveur/apache-tomcat-7.0.57/webapps/host-manager de l'application web
févr. 23, 2015 5:04:42 PM org.apache.catalina.startup.HostConfig deployDirectory
INFOS: Deployment of web application directory /home/vivi/CCI/PL2/Serveur/apache-tomcat-7.0.57/webapps/host-manager has finished in 603 ms
févr. 23, 2015 5:04:42 PM org.apache.catalina.startup.HostConfig deployDirectory
INFOS: Déploiement du répertoire /home/vivi/CCI/PL2/Serveur/apache-tomcat-7.0.57/webapps/docs de l'application web
févr. 23, 2015 5:04:43 PM org.apache.catalina.startup.HostConfig deployDirectory
INFOS: Deployment of web application directory /home/vivi/CCI/PL2/Serveur/apache-tomcat-7.0.57/webapps/docs has finished in 481 ms
févr. 23, 2015 5:04:43 PM org.apache.coyote.AbstractProtocol start
INFOS: Starting ProtocolHandler ["http-bio-8080"]
févr. 23, 2015 5:04:43 PM org.apache.coyote.AbstractProtocol start
INFOS: Starting ProtocolHandler ["ajp-bio-8009"]
févr. 23, 2015 5:04:43 PM org.apache.catalina.startup.Catalina start
INFOS: Server startup in 39383 ms
févr. 23, 2015 6:01:25 PM org.apache.coyote.AbstractProtocol pause
INFOS: Pausing ProtocolHandler ["http-bio-8080"]
févr. 23, 2015 6:01:25 PM org.apache.coyote.AbstractProtocol pause
INFOS: Pausing ProtocolHandler ["ajp-bio-8009"]
févr. 23, 2015 6:01:25 PM org.apache.catalina.core.StandardService stopInternal
INFOS: Arrêt du service Catalina
févr. 23, 2015 6:01:26 PM org.apache.coyote.AbstractProtocol stop
INFOS: Stopping ProtocolHandler ["http-bio-8080"]
févr. 23, 2015 6:01:26 PM org.apache.coyote.AbstractProtocol stop
INFOS: Stopping ProtocolHandler ["ajp-bio-8009"]
févr. 23, 2015 6:01:26 PM org.apache.coyote.AbstractProtocol destroy
INFOS: Destroying ProtocolHandler ["http-bio-8080"]
févr. 23, 2015 6:01:26 PM org.apache.coyote.AbstractProtocol destroy
INFOS: Destroying ProtocolHandler ["ajp-bio-8009"]
févr. 23, 2015 8:56:31 PM org.apache.catalina.startup.VersionLoggerListener log
INFOS: Server version:        Apache Tomcat/7.0.57
févr. 23, 2015 8:56:32 PM org.apache.catalina.startup.VersionLoggerListener log
INFOS: Server built:          Nov 3 2014 08:39:16 UTC
févr. 23, 2015 8:56:32 PM org.apache.catalina.startup.VersionLoggerListener log
INFOS: Server number:         7.0.57.0
févr. 23, 2015 8:56:32 PM org.apache.catalina.startup.VersionLoggerListener log
INFOS: OS Name:               Linux
févr. 23, 2015 8:56:32 PM org.apache.catalina.startup.VersionLoggerListener log
INFOS: OS Version:            3.16.0-30-generic
févr. 23, 2015 8:56:32 PM org.apache.catalina.startup.VersionLoggerListener log
INFOS: Architecture:          amd64
févr. 23, 2015 8:56:32 PM org.apache.catalina.startup.VersionLoggerListener log
INFOS: JAVA_HOME:             /usr/lib/jvm/java-7-oracle/jre
févr. 23, 2015 8:56:32 PM org.apache.catalina.startup.VersionLoggerListener log
INFOS: JVM Version:           1.7.0_76-b13
févr. 23, 2015 8:56:32 PM org.apache.catalina.startup.VersionLoggerListener log
INFOS: JVM Vendor:            Oracle Corporation
févr. 23, 2015 8:56:32 PM org.apache.catalina.startup.VersionLoggerListener log
INFOS: CATALINA_BASE:         /home/vivi/CCI/PL2/Serveur/apache-tomcat-7.0.57
févr. 23, 2015 8:56:32 PM org.apache.catalina.startup.VersionLoggerListener log
INFOS: CATALINA_HOME:         /home/vivi/CCI/PL2/Serveur/apache-tomcat-7.0.57
févr. 23, 2015 8:56:32 PM org.apache.catalina.startup.VersionLoggerListener log
INFOS: Command line argument: -Djava.util.logging.config.file=/home/vivi/CCI/PL2/Serveur/apache-tomcat-7.0.57/conf/logging.properties
févr. 23, 2015 8:56:32 PM org.apache.catalina.startup.VersionLoggerListener log
INFOS: Command line argument: -Djava.util.logging.manager=org.apache.juli.ClassLoaderLogManager
févr. 23, 2015 8:56:32 PM org.apache.catalina.startup.VersionLoggerListener log
INFOS: Command line argument: -Dhttp.nonProxyHosts=localhost|127.0.0.1|vivi-K50IE
févr. 23, 2015 8:56:32 PM org.apache.catalina.startup.VersionLoggerListener log
INFOS: Command line argument: -Djava.endorsed.dirs=/home/vivi/CCI/PL2/Serveur/apache-tomcat-7.0.57/endorsed
févr. 23, 2015 8:56:32 PM org.apache.catalina.startup.VersionLoggerListener log
INFOS: Command line argument: -Dcatalina.base=/home/vivi/CCI/PL2/Serveur/apache-tomcat-7.0.57
févr. 23, 2015 8:56:32 PM org.apache.catalina.startup.VersionLoggerListener log
INFOS: Command line argument: -Dcatalina.home=/home/vivi/CCI/PL2/Serveur/apache-tomcat-7.0.57
févr. 23, 2015 8:56:32 PM org.apache.catalina.startup.VersionLoggerListener log
INFOS: Command line argument: -Djava.io.tmpdir=/home/vivi/CCI/PL2/Serveur/apache-tomcat-7.0.57/temp
févr. 23, 2015 8:56:32 PM org.apache.catalina.core.AprLifecycleListener lifecycleEvent
INFOS: The APR based Apache Tomcat Native library which allows optimal performance in production environments was not found on the java.library.path: /usr/lib/jvm/java-7-oracle/jre/lib/amd64:/usr/lib/jvm/java-7-oracle/jre/lib/i386::/usr/java/packages/lib/amd64:/usr/lib64:/lib64:/lib:/usr/lib
févr. 23, 2015 8:56:34 PM org.apache.coyote.AbstractProtocol init
INFOS: Initializing ProtocolHandler ["http-bio-8080"]
févr. 23, 2015 8:56:35 PM org.apache.coyote.AbstractProtocol init
INFOS: Initializing ProtocolHandler ["ajp-bio-8009"]
févr. 23, 2015 8:56:35 PM org.apache.catalina.startup.Catalina load
INFOS: Initialization processed in 6288 ms
févr. 23, 2015 8:56:35 PM org.apache.catalina.core.StandardService startInternal
INFOS: Démarrage du service Catalina
févr. 23, 2015 8:56:35 PM org.apache.catalina.core.StandardEngine startInternal
INFOS: Starting Servlet Engine: Apache Tomcat/7.0.57
févr. 23, 2015 8:56:35 PM org.apache.catalina.startup.HostConfig deployDescriptor
INFOS: Déploiement du descripteur de configuration /home/vivi/CCI/PL2/Serveur/apache-tomcat-7.0.57/conf/Catalina/localhost/AppliCafeV2.xml
févr. 23, 2015 8:56:36 PM org.apache.catalina.deploy.WebXml setVersion
AVERTISSEMENT: Unknown version string [3.1]. Default version will be used.
févr. 23, 2015 8:56:41 PM org.apache.catalina.startup.HostConfig deployDescriptor
INFOS: Deployment of configuration descriptor /home/vivi/CCI/PL2/Serveur/apache-tomcat-7.0.57/conf/Catalina/localhost/AppliCafeV2.xml has finished in 5 717 ms
févr. 23, 2015 8:56:41 PM org.apache.catalina.startup.HostConfig deployDescriptor
INFOS: Déploiement du descripteur de configuration /home/vivi/CCI/PL2/Serveur/apache-tomcat-7.0.57/conf/Catalina/localhost/AppliCafeV3.xml
févr. 23, 2015 8:56:41 PM org.apache.catalina.deploy.WebXml setVersion
AVERTISSEMENT: Unknown version string [3.1]. Default version will be used.
févr. 23, 2015 8:56:43 PM org.apache.catalina.startup.HostConfig deployDescriptor
INFOS: Deployment of configuration descriptor /home/vivi/CCI/PL2/Serveur/apache-tomcat-7.0.57/conf/Catalina/localhost/AppliCafeV3.xml has finished in 2 036 ms
févr. 23, 2015 8:56:43 PM org.apache.catalina.startup.HostConfig deployDescriptor
INFOS: Déploiement du descripteur de configuration /home/vivi/CCI/PL2/Serveur/apache-tomcat-7.0.57/conf/Catalina/localhost/test.xml
févr. 23, 2015 8:56:44 PM org.apache.catalina.startup.HostConfig deployDescriptor
INFOS: Deployment of configuration descriptor /home/vivi/CCI/PL2/Serveur/apache-tomcat-7.0.57/conf/Catalina/localhost/test.xml has finished in 946 ms
févr. 23, 2015 8:56:44 PM org.apache.catalina.startup.HostConfig deployDescriptor
INFOS: Déploiement du descripteur de configuration /home/vivi/CCI/PL2/Serveur/apache-tomcat-7.0.57/conf/Catalina/localhost/AppliCafeV1.xml
févr. 23, 2015 8:56:44 PM org.apache.catalina.deploy.WebXml setVersion
AVERTISSEMENT: Unknown version string [3.1]. Default version will be used.
févr. 23, 2015 8:56:47 PM org.apache.catalina.startup.HostConfig deployDescriptor
INFOS: Deployment of configuration descriptor /home/vivi/CCI/PL2/Serveur/apache-tomcat-7.0.57/conf/Catalina/localhost/AppliCafeV1.xml has finished in 3 301 ms
févr. 23, 2015 8:56:47 PM org.apache.catalina.startup.HostConfig deployDescriptor
INFOS: Déploiement du descripteur de configuration /home/vivi/CCI/PL2/Serveur/apache-tomcat-7.0.57/conf/Catalina/localhost/AppliCafeV4_1.xml
févr. 23, 2015 8:56:48 PM org.apache.catalina.deploy.WebXml setVersion
AVERTISSEMENT: Unknown version string [3.1]. Default version will be used.
févr. 23, 2015 8:56:49 PM org.apache.catalina.startup.HostConfig deployDescriptor
INFOS: Deployment of configuration descriptor /home/vivi/CCI/PL2/Serveur/apache-tomcat-7.0.57/conf/Catalina/localhost/AppliCafeV4_1.xml has finished in 1 698 ms
févr. 23, 2015 8:56:49 PM org.apache.catalina.startup.HostConfig deployDescriptor
INFOS: Déploiement du descripteur de configuration /home/vivi/CCI/PL2/Serveur/apache-tomcat-7.0.57/conf/Catalina/localhost/CarnetTest.xml
févr. 23, 2015 8:56:50 PM org.apache.catalina.startup.HostConfig deployDescriptor
INFOS: Deployment of configuration descriptor /home/vivi/CCI/PL2/Serveur/apache-tomcat-7.0.57/conf/Catalina/localhost/CarnetTest.xml has finished in 1 167 ms
févr. 23, 2015 8:56:50 PM org.apache.catalina.startup.HostConfig deployDescriptor
INFOS: Déploiement du descripteur de configuration /home/vivi/CCI/PL2/Serveur/apache-tomcat-7.0.57/conf/Catalina/localhost/ApliDataBase.xml
févr. 23, 2015 8:56:53 PM org.apache.catalina.startup.HostConfig deployDescriptor
INFOS: Deployment of configuration descriptor /home/vivi/CCI/PL2/Serveur/apache-tomcat-7.0.57/conf/Catalina/localhost/ApliDataBase.xml has finished in 2 748 ms
févr. 23, 2015 8:56:53 PM org.apache.catalina.startup.HostConfig deployDescriptor
INFOS: Déploiement du descripteur de configuration /home/vivi/CCI/PL2/Serveur/apache-tomcat-7.0.57/conf/Catalina/localhost/AppliCafes.xml
févr. 23, 2015 8:56:56 PM org.apache.catalina.startup.HostConfig deployDescriptor
INFOS: Deployment of configuration descriptor /home/vivi/CCI/PL2/Serveur/apache-tomcat-7.0.57/conf/Catalina/localhost/AppliCafes.xml has finished in 3 519 ms
févr. 23, 2015 8:56:56 PM org.apache.catalina.startup.HostConfig deployDescriptor
INFOS: Déploiement du descripteur de configuration /home/vivi/CCI/PL2/Serveur/apache-tomcat-7.0.57/conf/Catalina/localhost/LeNombreCache.xml
févr. 23, 2015 8:56:57 PM org.apache.catalina.startup.HostConfig deployDescriptor
INFOS: Deployment of configuration descriptor /home/vivi/CCI/PL2/Serveur/apache-tomcat-7.0.57/conf/Catalina/localhost/LeNombreCache.xml has finished in 763 ms
févr. 23, 2015 8:56:57 PM org.apache.catalina.startup.HostConfig deployDescriptor
INFOS: Déploiement du descripteur de configuration /home/vivi/CCI/PL2/Serveur/apache-tomcat-7.0.57/conf/Catalina/localhost/WebApplication1.xml
févr. 23, 2015 8:56:58 PM org.apache.catalina.startup.HostConfig deployDescriptor
INFOS: Deployment of configuration descriptor /home/vivi/CCI/PL2/Serveur/apache-tomcat-7.0.57/conf/Catalina/localhost/WebApplication1.xml has finished in 942 ms
févr. 23, 2015 8:56:58 PM org.apache.catalina.startup.HostConfig deployDirectory
INFOS: Déploiement du répertoire /home/vivi/CCI/PL2/Serveur/apache-tomcat-7.0.57/webapps/examples de l'application web
févr. 23, 2015 8:57:05 PM org.apache.catalina.startup.HostConfig deployDirectory
INFOS: Deployment of web application directory /home/vivi/CCI/PL2/Serveur/apache-tomcat-7.0.57/webapps/examples has finished in 7 227 ms
févr. 23, 2015 8:57:05 PM org.apache.catalina.startup.HostConfig deployDirectory
INFOS: Déploiement du répertoire /home/vivi/CCI/PL2/Serveur/apache-tomcat-7.0.57/webapps/ROOT de l'application web
févr. 23, 2015 8:57:06 PM org.apache.catalina.startup.HostConfig deployDirectory
INFOS: Deployment of web application directory /home/vivi/CCI/PL2/Serveur/apache-tomcat-7.0.57/webapps/ROOT has finished in 829 ms
févr. 23, 2015 8:57:06 PM org.apache.catalina.startup.HostConfig deployDirectory
INFOS: Déploiement du répertoire /home/vivi/CCI/PL2/Serveur/apache-tomcat-7.0.57/webapps/manager de l'application web
févr. 23, 2015 8:57:07 PM org.apache.catalina.startup.HostConfig deployDirectory
INFOS: Deployment of web application directory /home/vivi/CCI/PL2/Serveur/apache-tomcat-7.0.57/webapps/manager has finished in 1 094 ms
févr. 23, 2015 8:57:07 PM org.apache.catalina.startup.HostConfig deployDirectory
INFOS: Déploiement du répertoire /home/vivi/CCI/PL2/Serveur/apache-tomcat-7.0.57/webapps/host-manager de l'application web
févr. 23, 2015 8:57:08 PM org.apache.catalina.startup.HostConfig deployDirectory
INFOS: Deployment of web application directory /home/vivi/CCI/PL2/Serveur/apache-tomcat-7.0.57/webapps/host-manager has finished in 744 ms
févr. 23, 2015 8:57:08 PM org.apache.catalina.startup.HostConfig deployDirectory
INFOS: Déploiement du répertoire /home/vivi/CCI/PL2/Serveur/apache-tomcat-7.0.57/webapps/docs de l'application web
févr. 23, 2015 8:57:09 PM org.apache.catalina.startup.HostConfig deployDirectory
INFOS: Deployment of web application directory /home/vivi/CCI/PL2/Serveur/apache-tomcat-7.0.57/webapps/docs has finished in 785 ms
févr. 23, 2015 8:57:09 PM org.apache.coyote.AbstractProtocol start
INFOS: Starting ProtocolHandler ["http-bio-8080"]
févr. 23, 2015 8:57:09 PM org.apache.coyote.AbstractProtocol start
INFOS: Starting ProtocolHandler ["ajp-bio-8009"]
févr. 23, 2015 8:57:09 PM org.apache.catalina.startup.Catalina start
INFOS: Server startup in 34548 ms
févr. 23, 2015 9:06:40 PM org.apache.catalina.core.StandardContext reload
INFOS: Le rechargement du contexte [/CarnetTest] a démarré
févr. 23, 2015 9:06:46 PM org.apache.catalina.core.StandardContext reload
INFOS: Le rechargement de ce contexte est terminé
févr. 23, 2015 9:07:23 PM org.apache.catalina.core.StandardContext reload
INFOS: Le rechargement du contexte [/CarnetTest] a démarré
févr. 23, 2015 9:07:23 PM org.apache.catalina.core.StandardContext reload
INFOS: Le rechargement de ce contexte est terminé
févr. 23, 2015 9:08:21 PM org.apache.catalina.core.StandardContext reload
INFOS: Le rechargement du contexte [/CarnetTest] a démarré
févr. 23, 2015 9:08:22 PM org.apache.catalina.core.StandardContext reload
INFOS: Le rechargement de ce contexte est terminé
févr. 23, 2015 9:08:37 PM org.apache.catalina.core.StandardContext reload
INFOS: Le rechargement du contexte [/CarnetTest] a démarré
févr. 23, 2015 9:08:37 PM org.apache.catalina.core.StandardContext reload
INFOS: Le rechargement de ce contexte est terminé
févr. 23, 2015 9:28:00 PM org.apache.catalina.core.StandardContext reload
INFOS: Le rechargement du contexte [/CarnetTest] a démarré
févr. 23, 2015 9:28:05 PM org.apache.catalina.core.StandardContext reload
INFOS: Le rechargement de ce contexte est terminé
févr. 23, 2015 9:29:17 PM org.apache.catalina.core.StandardContext reload
INFOS: Le rechargement du contexte [/CarnetTest] a démarré
févr. 23, 2015 9:29:18 PM org.apache.catalina.core.StandardContext reload
INFOS: Le rechargement de ce contexte est terminé
févr. 23, 2015 9:30:12 PM org.apache.catalina.core.StandardContext reload
INFOS: Le rechargement du contexte [/CarnetTest] a démarré
févr. 23, 2015 9:30:13 PM org.apache.catalina.core.StandardContext reload
INFOS: Le rechargement de ce contexte est terminé
févr. 23, 2015 9:32:48 PM org.apache.catalina.core.StandardContext reload
INFOS: Le rechargement du contexte [/CarnetTest] a démarré
févr. 23, 2015 9:32:49 PM org.apache.catalina.core.StandardContext reload
INFOS: Le rechargement de ce contexte est terminé
févr. 23, 2015 9:33:17 PM org.apache.catalina.core.StandardContext reload
INFOS: Le rechargement du contexte [/CarnetTest] a démarré
févr. 23, 2015 9:33:18 PM org.apache.catalina.core.StandardContext reload
INFOS: Le rechargement de ce contexte est terminé
févr. 23, 2015 9:36:18 PM org.apache.catalina.core.StandardContext reload
INFOS: Le rechargement du contexte [/CarnetTest] a démarré
févr. 23, 2015 9:36:19 PM org.apache.catalina.core.StandardContext reload
INFOS: Le rechargement de ce contexte est terminé
févr. 23, 2015 9:43:19 PM org.apache.catalina.core.StandardContext reload
INFOS: Le rechargement du contexte [/CarnetTest] a démarré
févr. 23, 2015 9:43:20 PM org.apache.catalina.core.StandardContext reload
INFOS: Le rechargement de ce contexte est terminé
févr. 23, 2015 9:45:54 PM org.apache.catalina.core.StandardContext reload
INFOS: Le rechargement du contexte [/CarnetTest] a démarré
févr. 23, 2015 9:45:54 PM org.apache.catalina.core.StandardContext reload
INFOS: Le rechargement de ce contexte est terminé
févr. 23, 2015 9:51:36 PM org.apache.catalina.core.StandardContext reload
INFOS: Le rechargement du contexte [/CarnetTest] a démarré
févr. 23, 2015 9:51:37 PM org.apache.catalina.core.StandardContext reload
INFOS: Le rechargement de ce contexte est terminé
févr. 23, 2015 9:52:26 PM org.apache.catalina.core.StandardContext reload
INFOS: Le rechargement du contexte [/CarnetTest] a démarré
févr. 23, 2015 9:52:26 PM org.apache.catalina.core.StandardContext reload
INFOS: Le rechargement de ce contexte est terminé
févr. 23, 2015 9:53:04 PM org.apache.catalina.core.StandardContext reload
INFOS: Le rechargement du contexte [/CarnetTest] a démarré
févr. 23, 2015 9:53:04 PM org.apache.catalina.core.StandardContext reload
INFOS: Le rechargement de ce contexte est terminé
févr. 23, 2015 9:56:14 PM org.apache.catalina.core.StandardContext reload
INFOS: Le rechargement du contexte [/CarnetTest] a démarré
févr. 23, 2015 9:56:14 PM org.apache.catalina.core.StandardContext reload
INFOS: Le rechargement de ce contexte est terminé
févr. 23, 2015 9:58:52 PM org.apache.catalina.core.StandardContext reload
INFOS: Le rechargement du contexte [/CarnetTest] a démarré
févr. 23, 2015 9:58:53 PM org.apache.catalina.core.StandardContext reload
INFOS: Le rechargement de ce contexte est terminé
févr. 23, 2015 9:59:10 PM org.apache.catalina.core.StandardContext reload
INFOS: Le rechargement du contexte [/CarnetTest] a démarré
févr. 23, 2015 9:59:11 PM org.apache.catalina.core.StandardContext reload
INFOS: Le rechargement de ce contexte est terminé
févr. 23, 2015 10:01:03 PM org.apache.catalina.core.StandardContext reload
INFOS: Le rechargement du contexte [/CarnetTest] a démarré
févr. 23, 2015 10:01:03 PM org.apache.catalina.core.StandardContext reload
INFOS: Le rechargement de ce contexte est terminé
févr. 23, 2015 10:01:04 PM org.apache.catalina.core.StandardContext reload
INFOS: Le rechargement du contexte [/CarnetTest] a démarré
févr. 23, 2015 10:01:04 PM org.apache.catalina.core.StandardContext reload
INFOS: Le rechargement de ce contexte est terminé
févr. 23, 2015 10:02:07 PM org.apache.catalina.core.StandardContext reload
INFOS: Le rechargement du contexte [/CarnetTest] a démarré
févr. 23, 2015 10:02:08 PM org.apache.catalina.core.StandardContext reload
INFOS: Le rechargement de ce contexte est terminé
févr. 23, 2015 10:06:40 PM org.apache.catalina.core.StandardContext reload
INFOS: Le rechargement du contexte [/CarnetTest] a démarré
févr. 23, 2015 10:06:40 PM org.apache.catalina.core.StandardContext reload
INFOS: Le rechargement de ce contexte est terminé
févr. 23, 2015 10:08:28 PM org.apache.catalina.core.StandardServer await
INFOS: A valid shutdown command was received via the shutdown port. Stopping the Server instance.
févr. 23, 2015 10:08:28 PM org.apache.coyote.AbstractProtocol pause
INFOS: Pausing ProtocolHandler ["http-bio-8080"]
févr. 23, 2015 10:08:28 PM org.apache.coyote.AbstractProtocol pause
INFOS: Pausing ProtocolHandler ["ajp-bio-8009"]
févr. 23, 2015 10:08:29 PM org.apache.catalina.core.StandardService stopInternal
INFOS: Arrêt du service Catalina
févr. 23, 2015 10:08:30 PM org.apache.coyote.AbstractProtocol stop
INFOS: Stopping ProtocolHandler ["http-bio-8080"]
févr. 23, 2015 10:08:30 PM org.apache.coyote.AbstractProtocol stop
INFOS: Stopping ProtocolHandler ["ajp-bio-8009"]
févr. 23, 2015 10:08:30 PM org.apache.coyote.AbstractProtocol destroy
INFOS: Destroying ProtocolHandler ["http-bio-8080"]
févr. 23, 2015 10:08:30 PM org.apache.coyote.AbstractProtocol destroy
INFOS: Destroying ProtocolHandler ["ajp-bio-8009"]
févr. 23, 2015 10:08:38 PM org.apache.catalina.startup.VersionLoggerListener log
INFOS: Server version:        Apache Tomcat/7.0.57
févr. 23, 2015 10:08:38 PM org.apache.catalina.startup.VersionLoggerListener log
INFOS: Server built:          Nov 3 2014 08:39:16 UTC
févr. 23, 2015 10:08:38 PM org.apache.catalina.startup.VersionLoggerListener log
INFOS: Server number:         7.0.57.0
févr. 23, 2015 10:08:38 PM org.apache.catalina.startup.VersionLoggerListener log
INFOS: OS Name:               Linux
févr. 23, 2015 10:08:38 PM org.apache.catalina.startup.VersionLoggerListener log
INFOS: OS Version:            3.16.0-30-generic
févr. 23, 2015 10:08:38 PM org.apache.catalina.startup.VersionLoggerListener log
INFOS: Architecture:          amd64
févr. 23, 2015 10:08:38 PM org.apache.catalina.startup.VersionLoggerListener log
INFOS: JAVA_HOME:             /usr/lib/jvm/java-7-oracle/jre
févr. 23, 2015 10:08:38 PM org.apache.catalina.startup.VersionLoggerListener log
INFOS: JVM Version:           1.7.0_76-b13
févr. 23, 2015 10:08:38 PM org.apache.catalina.startup.VersionLoggerListener log
INFOS: JVM Vendor:            Oracle Corporation
févr. 23, 2015 10:08:38 PM org.apache.catalina.startup.VersionLoggerListener log
INFOS: CATALINA_BASE:         /home/vivi/CCI/PL2/Serveur/apache-tomcat-7.0.57
févr. 23, 2015 10:08:38 PM org.apache.catalina.startup.VersionLoggerListener log
INFOS: CATALINA_HOME:         /home/vivi/CCI/PL2/Serveur/apache-tomcat-7.0.57
févr. 23, 2015 10:08:38 PM org.apache.catalina.startup.VersionLoggerListener log
INFOS: Command line argument: -Djava.util.logging.config.file=/home/vivi/CCI/PL2/Serveur/apache-tomcat-7.0.57/conf/logging.properties
févr. 23, 2015 10:08:38 PM org.apache.catalina.startup.VersionLoggerListener log
INFOS: Command line argument: -Djava.util.logging.manager=org.apache.juli.ClassLoaderLogManager
févr. 23, 2015 10:08:39 PM org.apache.catalina.startup.VersionLoggerListener log
INFOS: Command line argument: -Dhttp.nonProxyHosts=localhost|127.0.0.1|vivi-K50IE
févr. 23, 2015 10:08:39 PM org.apache.catalina.startup.VersionLoggerListener log
INFOS: Command line argument: -agentlib:jdwp=transport=dt_socket,address=11550,server=y,suspend=n
févr. 23, 2015 10:08:39 PM org.apache.catalina.startup.VersionLoggerListener log
INFOS: Command line argument: -Djava.endorsed.dirs=/home/vivi/CCI/PL2/Serveur/apache-tomcat-7.0.57/endorsed
févr. 23, 2015 10:08:39 PM org.apache.catalina.startup.VersionLoggerListener log
INFOS: Command line argument: -Dcatalina.base=/home/vivi/CCI/PL2/Serveur/apache-tomcat-7.0.57
févr. 23, 2015 10:08:39 PM org.apache.catalina.startup.VersionLoggerListener log
INFOS: Command line argument: -Dcatalina.home=/home/vivi/CCI/PL2/Serveur/apache-tomcat-7.0.57
févr. 23, 2015 10:08:39 PM org.apache.catalina.startup.VersionLoggerListener log
INFOS: Command line argument: -Djava.io.tmpdir=/home/vivi/CCI/PL2/Serveur/apache-tomcat-7.0.57/temp
févr. 23, 2015 10:08:39 PM org.apache.catalina.core.AprLifecycleListener lifecycleEvent
INFOS: The APR based Apache Tomcat Native library which allows optimal performance in production environments was not found on the java.library.path: /usr/lib/jvm/java-7-oracle/jre/lib/amd64:/usr/lib/jvm/java-7-oracle/jre/lib/i386::/usr/java/packages/lib/amd64:/usr/lib64:/lib64:/lib:/usr/lib
févr. 23, 2015 10:08:42 PM org.apache.coyote.AbstractProtocol init
INFOS: Initializing ProtocolHandler ["http-bio-8080"]
févr. 23, 2015 10:08:42 PM org.apache.coyote.AbstractProtocol init
INFOS: Initializing ProtocolHandler ["ajp-bio-8009"]
févr. 23, 2015 10:08:42 PM org.apache.catalina.startup.Catalina load
INFOS: Initialization processed in 6395 ms
févr. 23, 2015 10:08:42 PM org.apache.catalina.core.StandardService startInternal
INFOS: Démarrage du service Catalina
févr. 23, 2015 10:08:42 PM org.apache.catalina.core.StandardEngine startInternal
INFOS: Starting Servlet Engine: Apache Tomcat/7.0.57
févr. 23, 2015 10:08:42 PM org.apache.catalina.startup.HostConfig deployDescriptor
INFOS: Déploiement du descripteur de configuration /home/vivi/CCI/PL2/Serveur/apache-tomcat-7.0.57/conf/Catalina/localhost/AppliCafeV2.xml
févr. 23, 2015 10:08:43 PM org.apache.catalina.deploy.WebXml setVersion
AVERTISSEMENT: Unknown version string [3.1]. Default version will be used.
févr. 23, 2015 10:08:46 PM org.apache.catalina.util.SessionIdGenerator createSecureRandom
INFOS: Creation of SecureRandom instance for session ID generation using [SHA1PRNG] took [246] milliseconds.
févr. 23, 2015 10:08:47 PM org.apache.catalina.startup.HostConfig deployDescriptor
INFOS: Deployment of configuration descriptor /home/vivi/CCI/PL2/Serveur/apache-tomcat-7.0.57/conf/Catalina/localhost/AppliCafeV2.xml has finished in 4 619 ms
févr. 23, 2015 10:08:47 PM org.apache.catalina.startup.HostConfig deployDescriptor
INFOS: Déploiement du descripteur de configuration /home/vivi/CCI/PL2/Serveur/apache-tomcat-7.0.57/conf/Catalina/localhost/AppliCafeV3.xml
févr. 23, 2015 10:08:47 PM org.apache.catalina.deploy.WebXml setVersion
AVERTISSEMENT: Unknown version string [3.1]. Default version will be used.
févr. 23, 2015 10:08:49 PM org.apache.catalina.startup.HostConfig deployDescriptor
INFOS: Deployment of configuration descriptor /home/vivi/CCI/PL2/Serveur/apache-tomcat-7.0.57/conf/Catalina/localhost/AppliCafeV3.xml has finished in 2 040 ms
févr. 23, 2015 10:08:49 PM org.apache.catalina.startup.HostConfig deployDescriptor
INFOS: Déploiement du descripteur de configuration /home/vivi/CCI/PL2/Serveur/apache-tomcat-7.0.57/conf/Catalina/localhost/test.xml
févr. 23, 2015 10:08:50 PM org.apache.catalina.startup.HostConfig deployDescriptor
INFOS: Deployment of configuration descriptor /home/vivi/CCI/PL2/Serveur/apache-tomcat-7.0.57/conf/Catalina/localhost/test.xml has finished in 916 ms
févr. 23, 2015 10:08:50 PM org.apache.catalina.startup.HostConfig deployDescriptor
INFOS: Déploiement du descripteur de configuration /home/vivi/CCI/PL2/Serveur/apache-tomcat-7.0.57/conf/Catalina/localhost/AppliCafeV1.xml
févr. 23, 2015 10:08:50 PM org.apache.catalina.deploy.WebXml setVersion
AVERTISSEMENT: Unknown version string [3.1]. Default version will be used.
févr. 23, 2015 10:08:51 PM org.apache.catalina.startup.HostConfig deployDescriptor
INFOS: Deployment of configuration descriptor /home/vivi/CCI/PL2/Serveur/apache-tomcat-7.0.57/conf/Catalina/localhost/AppliCafeV1.xml has finished in 1 365 ms
févr. 23, 2015 10:08:51 PM org.apache.catalina.startup.HostConfig deployDescriptor
INFOS: Déploiement du descripteur de configuration /home/vivi/CCI/PL2/Serveur/apache-tomcat-7.0.57/conf/Catalina/localhost/AppliCafeV4_1.xml
févr. 23, 2015 10:08:51 PM org.apache.catalina.deploy.WebXml setVersion
AVERTISSEMENT: Unknown version string [3.1]. Default version will be used.
févr. 23, 2015 10:08:52 PM org.apache.catalina.startup.HostConfig deployDescriptor
INFOS: Deployment of configuration descriptor /home/vivi/CCI/PL2/Serveur/apache-tomcat-7.0.57/conf/Catalina/localhost/AppliCafeV4_1.xml has finished in 901 ms
févr. 23, 2015 10:08:52 PM org.apache.catalina.startup.HostConfig deployDescriptor
INFOS: Déploiement du descripteur de configuration /home/vivi/CCI/PL2/Serveur/apache-tomcat-7.0.57/conf/Catalina/localhost/CarnetTest.xml
févr. 23, 2015 10:08:53 PM org.apache.catalina.startup.HostConfig deployDescriptor
INFOS: Deployment of configuration descriptor /home/vivi/CCI/PL2/Serveur/apache-tomcat-7.0.57/conf/Catalina/localhost/CarnetTest.xml has finished in 1 057 ms
févr. 23, 2015 10:08:53 PM org.apache.catalina.startup.HostConfig deployDescriptor
INFOS: Déploiement du descripteur de configuration /home/vivi/CCI/PL2/Serveur/apache-tomcat-7.0.57/conf/Catalina/localhost/ApliDataBase.xml
févr. 23, 2015 10:08:55 PM org.apache.catalina.startup.HostConfig deployDescriptor
INFOS: Deployment of configuration descriptor /home/vivi/CCI/PL2/Serveur/apache-tomcat-7.0.57/conf/Catalina/localhost/ApliDataBase.xml has finished in 1 538 ms
févr. 23, 2015 10:08:55 PM org.apache.catalina.startup.HostConfig deployDescriptor
INFOS: Déploiement du descripteur de configuration /home/vivi/CCI/PL2/Serveur/apache-tomcat-7.0.57/conf/Catalina/localhost/AppliCafes.xml
févr. 23, 2015 10:08:56 PM org.apache.catalina.startup.HostConfig deployDescriptor
INFOS: Deployment of configuration descriptor /home/vivi/CCI/PL2/Serveur/apache-tomcat-7.0.57/conf/Catalina/localhost/AppliCafes.xml has finished in 1 065 ms
févr. 23, 2015 10:08:56 PM org.apache.catalina.startup.HostConfig deployDescriptor
INFOS: Déploiement du descripteur de configuration /home/vivi/CCI/PL2/Serveur/apache-tomcat-7.0.57/conf/Catalina/localhost/LeNombreCache.xml
févr. 23, 2015 10:08:57 PM org.apache.catalina.startup.HostConfig deployDescriptor
INFOS: Deployment of configuration descriptor /home/vivi/CCI/PL2/Serveur/apache-tomcat-7.0.57/conf/Catalina/localhost/LeNombreCache.xml has finished in 950 ms
févr. 23, 2015 10:08:57 PM org.apache.catalina.startup.HostConfig deployDescriptor
INFOS: Déploiement du descripteur de configuration /home/vivi/CCI/PL2/Serveur/apache-tomcat-7.0.57/conf/Catalina/localhost/WebApplication1.xml
févr. 23, 2015 10:08:58 PM org.apache.catalina.startup.HostConfig deployDescriptor
INFOS: Deployment of configuration descriptor /home/vivi/CCI/PL2/Serveur/apache-tomcat-7.0.57/conf/Catalina/localhost/WebApplication1.xml has finished in 1 072 ms
févr. 23, 2015 10:08:58 PM org.apache.catalina.startup.HostConfig deployDirectory
INFOS: Déploiement du répertoire /home/vivi/CCI/PL2/Serveur/apache-tomcat-7.0.57/webapps/examples de l'application web
févr. 23, 2015 10:09:00 PM org.apache.catalina.startup.HostConfig deployDirectory
INFOS: Deployment of web application directory /home/vivi/CCI/PL2/Serveur/apache-tomcat-7.0.57/webapps/examples has finished in 2 369 ms
févr. 23, 2015 10:09:00 PM org.apache.catalina.startup.HostConfig deployDirectory
INFOS: Déploiement du répertoire /home/vivi/CCI/PL2/Serveur/apache-tomcat-7.0.57/webapps/ROOT de l'application web
févr. 23, 2015 10:09:01 PM org.apache.catalina.startup.HostConfig deployDirectory
INFOS: Deployment of web application directory /home/vivi/CCI/PL2/Serveur/apache-tomcat-7.0.57/webapps/ROOT has finished in 721 ms
févr. 23, 2015 10:09:01 PM org.apache.catalina.startup.HostConfig deployDirectory
INFOS: Déploiement du répertoire /home/vivi/CCI/PL2/Serveur/apache-tomcat-7.0.57/webapps/manager de l'application web
févr. 23, 2015 10:09:02 PM org.apache.catalina.startup.HostConfig deployDirectory
INFOS: Deployment of web application directory /home/vivi/CCI/PL2/Serveur/apache-tomcat-7.0.57/webapps/manager has finished in 822 ms
févr. 23, 2015 10:09:02 PM org.apache.catalina.startup.HostConfig deployDirectory
INFOS: Déploiement du répertoire /home/vivi/CCI/PL2/Serveur/apache-tomcat-7.0.57/webapps/host-manager de l'application web
févr. 23, 2015 10:09:02 PM org.apache.catalina.startup.HostConfig deployDirectory
INFOS: Deployment of web application directory /home/vivi/CCI/PL2/Serveur/apache-tomcat-7.0.57/webapps/host-manager has finished in 703 ms
févr. 23, 2015 10:09:02 PM org.apache.catalina.startup.HostConfig deployDirectory
INFOS: Déploiement du répertoire /home/vivi/CCI/PL2/Serveur/apache-tomcat-7.0.57/webapps/docs de l'application web
févr. 23, 2015 10:09:03 PM org.apache.catalina.startup.HostConfig deployDirectory
INFOS: Deployment of web application directory /home/vivi/CCI/PL2/Serveur/apache-tomcat-7.0.57/webapps/docs has finished in 415 ms
févr. 23, 2015 10:09:03 PM org.apache.coyote.AbstractProtocol start
INFOS: Starting ProtocolHandler ["http-bio-8080"]
févr. 23, 2015 10:09:03 PM org.apache.coyote.AbstractProtocol start
INFOS: Starting ProtocolHandler ["ajp-bio-8009"]
févr. 23, 2015 10:09:03 PM org.apache.catalina.startup.Catalina start
INFOS: Server startup in 21024 ms
févr. 23, 2015 10:09:17 PM org.apache.catalina.startup.HostConfig undeploy
INFOS: Repli (undeploy) de l'application web ayant pour chemin de contexte /CarnetTest
févr. 23, 2015 10:09:19 PM org.apache.catalina.startup.HostConfig deployDescriptor
INFOS: Déploiement du descripteur de configuration /home/vivi/CCI/PL2/Serveur/apache-tomcat-7.0.57/conf/Catalina/localhost/CarnetTest.xml
févr. 23, 2015 10:09:20 PM org.apache.catalina.startup.HostConfig deployDescriptor
INFOS: Deployment of configuration descriptor /home/vivi/CCI/PL2/Serveur/apache-tomcat-7.0.57/conf/Catalina/localhost/CarnetTest.xml has finished in 1 010 ms
févr. 23, 2015 10:09:21 PM org.apache.catalina.util.LifecycleBase start
INFOS: The start() method was called on component [StandardEngine[Catalina].StandardHost[localhost].StandardContext[/CarnetTest]] after start() had already been called. The second call will be ignored.
févr. 23, 2015 10:14:31 PM org.apache.catalina.core.StandardContext reload
INFOS: Le rechargement du contexte [/CarnetTest] a démarré
févr. 23, 2015 10:14:35 PM org.apache.catalina.core.StandardContext reload
INFOS: Le rechargement de ce contexte est terminé
févr. 23, 2015 10:16:34 PM org.apache.catalina.startup.HostConfig undeploy
INFOS: Repli (undeploy) de l'application web ayant pour chemin de contexte /CarnetTest
févr. 23, 2015 10:16:35 PM org.apache.catalina.startup.HostConfig deployDescriptor
INFOS: Déploiement du descripteur de configuration /home/vivi/CCI/PL2/Serveur/apache-tomcat-7.0.57/conf/Catalina/localhost/CarnetTest.xml
févr. 23, 2015 10:16:35 PM org.apache.catalina.startup.HostConfig deployDescriptor
INFOS: Deployment of configuration descriptor /home/vivi/CCI/PL2/Serveur/apache-tomcat-7.0.57/conf/Catalina/localhost/CarnetTest.xml has finished in 568 ms
févr. 23, 2015 10:16:35 PM org.apache.catalina.util.LifecycleBase start
INFOS: The start() method was called on component [StandardEngine[Catalina].StandardHost[localhost].StandardContext[/CarnetTest]] after start() had already been called. The second call will be ignored.
févr. 23, 2015 10:25:32 PM org.apache.catalina.startup.HostConfig undeploy
INFOS: Repli (undeploy) de l'application web ayant pour chemin de contexte /CarnetTest
févr. 23, 2015 10:25:32 PM org.apache.catalina.startup.HostConfig deployDescriptor
INFOS: Déploiement du descripteur de configuration /home/vivi/CCI/PL2/Serveur/apache-tomcat-7.0.57/conf/Catalina/localhost/CarnetTest.xml
févr. 23, 2015 10:25:32 PM org.apache.catalina.startup.HostConfig deployDescriptor
INFOS: Deployment of configuration descriptor /home/vivi/CCI/PL2/Serveur/apache-tomcat-7.0.57/conf/Catalina/localhost/CarnetTest.xml has finished in 385 ms
févr. 23, 2015 10:25:33 PM org.apache.catalina.util.LifecycleBase start
INFOS: The start() method was called on component [StandardEngine[Catalina].StandardHost[localhost].StandardContext[/CarnetTest]] after start() had already been called. The second call will be ignored.
févr. 23, 2015 10:34:16 PM org.apache.catalina.startup.HostConfig undeploy
INFOS: Repli (undeploy) de l'application web ayant pour chemin de contexte /CarnetTest
févr. 23, 2015 10:34:16 PM org.apache.catalina.startup.HostConfig deployDescriptor
INFOS: Déploiement du descripteur de configuration /home/vivi/CCI/PL2/Serveur/apache-tomcat-7.0.57/conf/Catalina/localhost/CarnetTest.xml
févr. 23, 2015 10:34:19 PM org.apache.catalina.startup.HostConfig deployDescriptor
INFOS: Deployment of configuration descriptor /home/vivi/CCI/PL2/Serveur/apache-tomcat-7.0.57/conf/Catalina/localhost/CarnetTest.xml has finished in 3 175 ms
févr. 23, 2015 10:34:20 PM org.apache.catalina.util.LifecycleBase start
INFOS: The start() method was called on component [StandardEngine[Catalina].StandardHost[localhost].StandardContext[/CarnetTest]] after start() had already been called. The second call will be ignored.
févr. 23, 2015 10:34:35 PM org.apache.catalina.core.StandardContext reload
INFOS: Le rechargement du contexte [/CarnetTest] a démarré
févr. 23, 2015 10:34:36 PM org.apache.catalina.core.StandardContext reload
INFOS: Le rechargement de ce contexte est terminé
févr. 23, 2015 10:35:44 PM org.apache.catalina.core.StandardContext reload
INFOS: Le rechargement du contexte [/CarnetTest] a démarré
févr. 23, 2015 10:35:44 PM org.apache.catalina.core.StandardContext reload
INFOS: Le rechargement de ce contexte est terminé
févr. 23, 2015 10:35:44 PM org.apache.catalina.core.StandardContext reload
INFOS: Le rechargement du contexte [/CarnetTest] a démarré
févr. 23, 2015 10:35:45 PM org.apache.catalina.core.StandardContext reload
INFOS: Le rechargement de ce contexte est terminé
févr. 23, 2015 10:36:00 PM org.apache.catalina.core.StandardContext reload
INFOS: Le rechargement du contexte [/CarnetTest] a démarré
févr. 23, 2015 10:36:01 PM org.apache.catalina.core.StandardContext reload
INFOS: Le rechargement de ce contexte est terminé
févr. 23, 2015 10:36:42 PM org.apache.catalina.core.StandardContext reload
INFOS: Le rechargement du contexte [/CarnetTest] a démarré
févr. 23, 2015 10:36:42 PM org.apache.catalina.core.StandardContext reload
INFOS: Le rechargement de ce contexte est terminé
févr. 23, 2015 10:39:36 PM org.apache.catalina.core.StandardContext reload
INFOS: Le rechargement du contexte [/CarnetTest] a démarré
févr. 23, 2015 10:39:37 PM org.apache.catalina.core.StandardContext reload
INFOS: Le rechargement de ce contexte est terminé
févr. 23, 2015 10:39:47 PM org.apache.catalina.core.StandardContext reload
INFOS: Le rechargement du contexte [/CarnetTest] a démarré
févr. 23, 2015 10:39:47 PM org.apache.catalina.core.StandardContext reload
INFOS: Le rechargement de ce contexte est terminé
févr. 23, 2015 10:39:47 PM org.apache.catalina.core.StandardContext reload
INFOS: Le rechargement du contexte [/CarnetTest] a démarré
févr. 23, 2015 10:39:48 PM org.apache.catalina.core.StandardContext reload
INFOS: Le rechargement de ce contexte est terminé
févr. 23, 2015 10:39:49 PM org.apache.catalina.core.StandardContext reload
INFOS: Le rechargement du contexte [/CarnetTest] a démarré
févr. 23, 2015 10:39:49 PM org.apache.catalina.core.StandardContext reload
INFOS: Le rechargement de ce contexte est terminé
févr. 23, 2015 10:39:57 PM org.apache.catalina.core.StandardContext reload
INFOS: Le rechargement du contexte [/CarnetTest] a démarré
févr. 23, 2015 10:39:58 PM org.apache.catalina.core.StandardContext reload
INFOS: Le rechargement de ce contexte est terminé
févr. 23, 2015 10:41:35 PM org.apache.catalina.core.StandardContext reload
INFOS: Le rechargement du contexte [/CarnetTest] a démarré
févr. 23, 2015 10:41:36 PM org.apache.catalina.core.StandardContext reload
INFOS: Le rechargement de ce contexte est terminé
févr. 23, 2015 10:42:35 PM org.apache.catalina.core.StandardContext reload
INFOS: Le rechargement du contexte [/CarnetTest] a démarré
févr. 23, 2015 10:42:35 PM org.apache.catalina.core.StandardContext reload
INFOS: Le rechargement de ce contexte est terminé
févr. 23, 2015 10:43:10 PM org.apache.catalina.core.StandardContext reload
INFOS: Le rechargement du contexte [/CarnetTest] a démarré
févr. 23, 2015 10:43:10 PM org.apache.catalina.core.StandardContext reload
INFOS: Le rechargement de ce contexte est terminé
févr. 23, 2015 10:44:15 PM org.apache.catalina.core.StandardContext reload
INFOS: Le rechargement du contexte [/CarnetTest] a démarré
févr. 23, 2015 10:44:16 PM org.apache.catalina.core.StandardContext reload
INFOS: Le rechargement de ce contexte est terminé
févr. 23, 2015 10:45:53 PM org.apache.catalina.core.StandardContext reload
INFOS: Le rechargement du contexte [/CarnetTest] a démarré
févr. 23, 2015 10:45:54 PM org.apache.catalina.core.StandardContext reload
INFOS: Le rechargement de ce contexte est terminé
févr. 23, 2015 10:48:51 PM org.apache.catalina.startup.HostConfig undeploy
INFOS: Repli (undeploy) de l'application web ayant pour chemin de contexte /CarnetTest
févr. 23, 2015 10:48:51 PM org.apache.catalina.startup.HostConfig deployDescriptor
INFOS: Déploiement du descripteur de configuration /home/vivi/CCI/PL2/Serveur/apache-tomcat-7.0.57/conf/Catalina/localhost/CarnetTest.xml
févr. 23, 2015 10:48:53 PM org.apache.catalina.startup.HostConfig deployDescriptor
INFOS: Deployment of configuration descriptor /home/vivi/CCI/PL2/Serveur/apache-tomcat-7.0.57/conf/Catalina/localhost/CarnetTest.xml has finished in 1 759 ms
févr. 23, 2015 10:48:53 PM org.apache.catalina.util.LifecycleBase start
INFOS: The start() method was called on component [StandardEngine[Catalina].StandardHost[localhost].StandardContext[/CarnetTest]] after start() had already been called. The second call will be ignored.
févr. 23, 2015 10:51:14 PM org.apache.catalina.core.StandardContext reload
INFOS: Le rechargement du contexte [/CarnetTest] a démarré
févr. 23, 2015 10:51:14 PM org.apache.catalina.core.StandardContext reload
INFOS: Le rechargement de ce contexte est terminé
févr. 23, 2015 11:07:01 PM org.apache.catalina.startup.HostConfig undeploy
INFOS: Repli (undeploy) de l'application web ayant pour chemin de contexte /ApliDataBase
févr. 23, 2015 11:07:09 PM org.apache.catalina.startup.HostConfig undeploy
INFOS: Repli (undeploy) de l'application web ayant pour chemin de contexte /AppliCafeV1
févr. 23, 2015 11:07:13 PM org.apache.catalina.startup.HostConfig undeploy
INFOS: Repli (undeploy) de l'application web ayant pour chemin de contexte /AppliCafeV2
févr. 23, 2015 11:07:16 PM org.apache.catalina.startup.HostConfig undeploy
INFOS: Repli (undeploy) de l'application web ayant pour chemin de contexte /AppliCafeV3
févr. 23, 2015 11:07:22 PM org.apache.catalina.startup.HostConfig undeploy
INFOS: Repli (undeploy) de l'application web ayant pour chemin de contexte /AppliCafes
févr. 23, 2015 11:07:29 PM org.apache.catalina.startup.HostConfig undeploy
INFOS: Repli (undeploy) de l'application web ayant pour chemin de contexte /WebApplication1
févr. 23, 2015 11:07:39 PM org.apache.catalina.startup.HostConfig undeploy
INFOS: Repli (undeploy) de l'application web ayant pour chemin de contexte /docs
févr. 23, 2015 11:07:43 PM org.apache.catalina.startup.HostConfig undeploy
INFOS: Repli (undeploy) de l'application web ayant pour chemin de contexte /test
févr. 23, 2015 11:08:08 PM org.apache.catalina.core.StandardServer await
INFOS: A valid shutdown command was received via the shutdown port. Stopping the Server instance.
févr. 23, 2015 11:08:08 PM org.apache.coyote.AbstractProtocol pause
INFOS: Pausing ProtocolHandler ["http-bio-8080"]
févr. 23, 2015 11:08:08 PM org.apache.coyote.AbstractProtocol pause
INFOS: Pausing ProtocolHandler ["ajp-bio-8009"]
févr. 23, 2015 11:08:08 PM org.apache.catalina.core.StandardService stopInternal
INFOS: Arrêt du service Catalina
févr. 23, 2015 11:08:08 PM org.apache.coyote.AbstractProtocol stop
INFOS: Stopping ProtocolHandler ["http-bio-8080"]
févr. 23, 2015 11:08:08 PM org.apache.coyote.AbstractProtocol stop
INFOS: Stopping ProtocolHandler ["ajp-bio-8009"]
févr. 23, 2015 11:08:08 PM org.apache.coyote.AbstractProtocol destroy
INFOS: Destroying ProtocolHandler ["http-bio-8080"]
févr. 23, 2015 11:08:08 PM org.apache.coyote.AbstractProtocol destroy
INFOS: Destroying ProtocolHandler ["ajp-bio-8009"]
févr. 23, 2015 11:08:18 PM org.apache.catalina.startup.VersionLoggerListener log
INFOS: Server version:        Apache Tomcat/7.0.57
févr. 23, 2015 11:08:18 PM org.apache.catalina.startup.VersionLoggerListener log
INFOS: Server built:          Nov 3 2014 08:39:16 UTC
févr. 23, 2015 11:08:18 PM org.apache.catalina.startup.VersionLoggerListener log
INFOS: Server number:         7.0.57.0
févr. 23, 2015 11:08:18 PM org.apache.catalina.startup.VersionLoggerListener log
INFOS: OS Name:               Linux
févr. 23, 2015 11:08:18 PM org.apache.catalina.startup.VersionLoggerListener log
INFOS: OS Version:            3.16.0-30-generic
févr. 23, 2015 11:08:18 PM org.apache.catalina.startup.VersionLoggerListener log
INFOS: Architecture:          amd64
févr. 23, 2015 11:08:18 PM org.apache.catalina.startup.VersionLoggerListener log
INFOS: JAVA_HOME:             /usr/lib/jvm/java-7-oracle/jre
févr. 23, 2015 11:08:18 PM org.apache.catalina.startup.VersionLoggerListener log
INFOS: JVM Version:           1.7.0_76-b13
févr. 23, 2015 11:08:18 PM org.apache.catalina.startup.VersionLoggerListener log
INFOS: JVM Vendor:            Oracle Corporation
févr. 23, 2015 11:08:18 PM org.apache.catalina.startup.VersionLoggerListener log
INFOS: CATALINA_BASE:         /home/vivi/CCI/PL2/Serveur/apache-tomcat-7.0.57
févr. 23, 2015 11:08:18 PM org.apache.catalina.startup.VersionLoggerListener log
INFOS: CATALINA_HOME:         /home/vivi/CCI/PL2/Serveur/apache-tomcat-7.0.57
févr. 23, 2015 11:08:18 PM org.apache.catalina.startup.VersionLoggerListener log
INFOS: Command line argument: -Djava.util.logging.config.file=/home/vivi/CCI/PL2/Serveur/apache-tomcat-7.0.57/conf/logging.properties
févr. 23, 2015 11:08:18 PM org.apache.catalina.startup.VersionLoggerListener log
INFOS: Command line argument: -Djava.util.logging.manager=org.apache.juli.ClassLoaderLogManager
févr. 23, 2015 11:08:18 PM org.apache.catalina.startup.VersionLoggerListener log
INFOS: Command line argument: -Dhttp.nonProxyHosts=localhost|127.0.0.1|vivi-K50IE
févr. 23, 2015 11:08:18 PM org.apache.catalina.startup.VersionLoggerListener log
INFOS: Command line argument: -agentlib:jdwp=transport=dt_socket,address=11550,server=y,suspend=n
févr. 23, 2015 11:08:18 PM org.apache.catalina.startup.VersionLoggerListener log
INFOS: Command line argument: -Djava.endorsed.dirs=/home/vivi/CCI/PL2/Serveur/apache-tomcat-7.0.57/endorsed
févr. 23, 2015 11:08:18 PM org.apache.catalina.startup.VersionLoggerListener log
INFOS: Command line argument: -Dcatalina.base=/home/vivi/CCI/PL2/Serveur/apache-tomcat-7.0.57
févr. 23, 2015 11:08:18 PM org.apache.catalina.startup.VersionLoggerListener log
INFOS: Command line argument: -Dcatalina.home=/home/vivi/CCI/PL2/Serveur/apache-tomcat-7.0.57
févr. 23, 2015 11:08:18 PM org.apache.catalina.startup.VersionLoggerListener log
INFOS: Command line argument: -Djava.io.tmpdir=/home/vivi/CCI/PL2/Serveur/apache-tomcat-7.0.57/temp
févr. 23, 2015 11:08:18 PM org.apache.catalina.core.AprLifecycleListener lifecycleEvent
INFOS: The APR based Apache Tomcat Native library which allows optimal performance in production environments was not found on the java.library.path: /usr/lib/jvm/java-7-oracle/jre/lib/amd64:/usr/lib/jvm/java-7-oracle/jre/lib/i386::/usr/java/packages/lib/amd64:/usr/lib64:/lib64:/lib:/usr/lib
févr. 23, 2015 11:08:21 PM org.apache.coyote.AbstractProtocol init
INFOS: Initializing ProtocolHandler ["http-bio-8080"]
févr. 23, 2015 11:08:21 PM org.apache.coyote.AbstractProtocol init
INFOS: Initializing ProtocolHandler ["ajp-bio-8009"]
févr. 23, 2015 11:08:21 PM org.apache.catalina.startup.Catalina load
INFOS: Initialization processed in 8117 ms
févr. 23, 2015 11:08:22 PM org.apache.catalina.core.StandardService startInternal
INFOS: Démarrage du service Catalina
févr. 23, 2015 11:08:22 PM org.apache.catalina.core.StandardEngine startInternal
INFOS: Starting Servlet Engine: Apache Tomcat/7.0.57
févr. 23, 2015 11:08:22 PM org.apache.catalina.startup.HostConfig deployDescriptor
INFOS: Déploiement du descripteur de configuration /home/vivi/CCI/PL2/Serveur/apache-tomcat-7.0.57/conf/Catalina/localhost/AppliCafeV4_1.xml
févr. 23, 2015 11:08:23 PM org.apache.catalina.deploy.WebXml setVersion
AVERTISSEMENT: Unknown version string [3.1]. Default version will be used.
févr. 23, 2015 11:08:29 PM org.apache.catalina.startup.HostConfig deployDescriptor
INFOS: Deployment of configuration descriptor /home/vivi/CCI/PL2/Serveur/apache-tomcat-7.0.57/conf/Catalina/localhost/AppliCafeV4_1.xml has finished in 6 789 ms
févr. 23, 2015 11:08:29 PM org.apache.catalina.startup.HostConfig deployDescriptor
INFOS: Déploiement du descripteur de configuration /home/vivi/CCI/PL2/Serveur/apache-tomcat-7.0.57/conf/Catalina/localhost/CarnetTest.xml
févr. 23, 2015 11:08:30 PM org.apache.catalina.startup.HostConfig deployDescriptor
INFOS: Deployment of configuration descriptor /home/vivi/CCI/PL2/Serveur/apache-tomcat-7.0.57/conf/Catalina/localhost/CarnetTest.xml has finished in 1 112 ms
févr. 23, 2015 11:08:30 PM org.apache.catalina.startup.HostConfig deployDescriptor
INFOS: Déploiement du descripteur de configuration /home/vivi/CCI/PL2/Serveur/apache-tomcat-7.0.57/conf/Catalina/localhost/LeNombreCache.xml
févr. 23, 2015 11:08:31 PM org.apache.catalina.startup.HostConfig deployDescriptor
INFOS: Deployment of configuration descriptor /home/vivi/CCI/PL2/Serveur/apache-tomcat-7.0.57/conf/Catalina/localhost/LeNombreCache.xml has finished in 1 372 ms
févr. 23, 2015 11:08:31 PM org.apache.catalina.startup.HostConfig deployDirectory
INFOS: Déploiement du répertoire /home/vivi/CCI/PL2/Serveur/apache-tomcat-7.0.57/webapps/examples de l'application web
févr. 23, 2015 11:08:35 PM org.apache.catalina.startup.HostConfig deployDirectory
INFOS: Deployment of web application directory /home/vivi/CCI/PL2/Serveur/apache-tomcat-7.0.57/webapps/examples has finished in 3 670 ms
févr. 23, 2015 11:08:35 PM org.apache.catalina.startup.HostConfig deployDirectory
INFOS: Déploiement du répertoire /home/vivi/CCI/PL2/Serveur/apache-tomcat-7.0.57/webapps/ROOT de l'application web
févr. 23, 2015 11:08:36 PM org.apache.catalina.startup.HostConfig deployDirectory
INFOS: Deployment of web application directory /home/vivi/CCI/PL2/Serveur/apache-tomcat-7.0.57/webapps/ROOT has finished in 1 029 ms
févr. 23, 2015 11:08:36 PM org.apache.catalina.startup.HostConfig deployDirectory
INFOS: Déploiement du répertoire /home/vivi/CCI/PL2/Serveur/apache-tomcat-7.0.57/webapps/manager de l'application web
févr. 23, 2015 11:08:37 PM org.apache.catalina.startup.HostConfig deployDirectory
INFOS: Deployment of web application directory /home/vivi/CCI/PL2/Serveur/apache-tomcat-7.0.57/webapps/manager has finished in 1 026 ms
févr. 23, 2015 11:08:37 PM org.apache.catalina.startup.HostConfig deployDirectory
INFOS: Déploiement du répertoire /home/vivi/CCI/PL2/Serveur/apache-tomcat-7.0.57/webapps/host-manager de l'application web
févr. 23, 2015 11:08:38 PM org.apache.catalina.startup.HostConfig deployDirectory
INFOS: Deployment of web application directory /home/vivi/CCI/PL2/Serveur/apache-tomcat-7.0.57/webapps/host-manager has finished in 874 ms
févr. 23, 2015 11:08:38 PM org.apache.coyote.AbstractProtocol start
INFOS: Starting ProtocolHandler ["http-bio-8080"]
févr. 23, 2015 11:08:38 PM org.apache.coyote.AbstractProtocol start
INFOS: Starting ProtocolHandler ["ajp-bio-8009"]
févr. 23, 2015 11:08:38 PM org.apache.catalina.startup.Catalina start
INFOS: Server startup in 16588 ms
févr. 23, 2015 11:27:18 PM org.apache.catalina.core.StandardServer await
INFOS: A valid shutdown command was received via the shutdown port. Stopping the Server instance.
févr. 23, 2015 11:27:18 PM org.apache.coyote.AbstractProtocol pause
INFOS: Pausing ProtocolHandler ["http-bio-8080"]
févr. 23, 2015 11:27:18 PM org.apache.coyote.AbstractProtocol pause
INFOS: Pausing ProtocolHandler ["ajp-bio-8009"]
févr. 23, 2015 11:27:18 PM org.apache.catalina.core.StandardService stopInternal
INFOS: Arrêt du service Catalina
févr. 23, 2015 11:27:21 PM org.apache.coyote.AbstractProtocol stop
INFOS: Stopping ProtocolHandler ["http-bio-8080"]
févr. 23, 2015 11:27:21 PM org.apache.coyote.AbstractProtocol stop
INFOS: Stopping ProtocolHandler ["ajp-bio-8009"]
févr. 23, 2015 11:27:21 PM org.apache.coyote.AbstractProtocol destroy
INFOS: Destroying ProtocolHandler ["http-bio-8080"]
févr. 23, 2015 11:27:21 PM org.apache.coyote.AbstractProtocol destroy
INFOS: Destroying ProtocolHandler ["ajp-bio-8009"]
