févr. 03, 2015 3:17:08 PM org.apache.catalina.startup.VersionLoggerListener log
INFOS: Server version:        Apache Tomcat/7.0.57
févr. 03, 2015 3:17:08 PM org.apache.catalina.startup.VersionLoggerListener log
INFOS: Server built:          Nov 3 2014 08:39:16 UTC
févr. 03, 2015 3:17:08 PM org.apache.catalina.startup.VersionLoggerListener log
INFOS: Server number:         7.0.57.0
févr. 03, 2015 3:17:08 PM org.apache.catalina.startup.VersionLoggerListener log
INFOS: OS Name:               Linux
févr. 03, 2015 3:17:08 PM org.apache.catalina.startup.VersionLoggerListener log
INFOS: OS Version:            3.16.0-29-generic
févr. 03, 2015 3:17:08 PM org.apache.catalina.startup.VersionLoggerListener log
INFOS: Architecture:          amd64
févr. 03, 2015 3:17:08 PM org.apache.catalina.startup.VersionLoggerListener log
INFOS: JAVA_HOME:             /usr/lib/jvm/java-7-oracle/jre
févr. 03, 2015 3:17:08 PM org.apache.catalina.startup.VersionLoggerListener log
INFOS: JVM Version:           1.7.0_76-b13
févr. 03, 2015 3:17:08 PM org.apache.catalina.startup.VersionLoggerListener log
INFOS: JVM Vendor:            Oracle Corporation
févr. 03, 2015 3:17:08 PM org.apache.catalina.startup.VersionLoggerListener log
INFOS: CATALINA_BASE:         /home/vivi/CCI/PL2/Serveur/apache-tomcat-7.0.57
févr. 03, 2015 3:17:08 PM org.apache.catalina.startup.VersionLoggerListener log
INFOS: CATALINA_HOME:         /home/vivi/CCI/PL2/Serveur/apache-tomcat-7.0.57
févr. 03, 2015 3:17:08 PM org.apache.catalina.startup.VersionLoggerListener log
INFOS: Command line argument: -Djava.util.logging.config.file=/home/vivi/CCI/PL2/Serveur/apache-tomcat-7.0.57/conf/logging.properties
févr. 03, 2015 3:17:08 PM org.apache.catalina.startup.VersionLoggerListener log
INFOS: Command line argument: -Djava.util.logging.manager=org.apache.juli.ClassLoaderLogManager
févr. 03, 2015 3:17:08 PM org.apache.catalina.startup.VersionLoggerListener log
INFOS: Command line argument: -Dhttp.nonProxyHosts=localhost|127.0.0.1|vivi-K50IE
févr. 03, 2015 3:17:09 PM org.apache.catalina.startup.VersionLoggerListener log
INFOS: Command line argument: -Djava.endorsed.dirs=/home/vivi/CCI/PL2/Serveur/apache-tomcat-7.0.57/endorsed
févr. 03, 2015 3:17:09 PM org.apache.catalina.startup.VersionLoggerListener log
INFOS: Command line argument: -Dcatalina.base=/home/vivi/CCI/PL2/Serveur/apache-tomcat-7.0.57
févr. 03, 2015 3:17:09 PM org.apache.catalina.startup.VersionLoggerListener log
INFOS: Command line argument: -Dcatalina.home=/home/vivi/CCI/PL2/Serveur/apache-tomcat-7.0.57
févr. 03, 2015 3:17:09 PM org.apache.catalina.startup.VersionLoggerListener log
INFOS: Command line argument: -Djava.io.tmpdir=/home/vivi/CCI/PL2/Serveur/apache-tomcat-7.0.57/temp
févr. 03, 2015 3:17:09 PM org.apache.catalina.core.AprLifecycleListener lifecycleEvent
INFOS: The APR based Apache Tomcat Native library which allows optimal performance in production environments was not found on the java.library.path: /usr/lib/jvm/java-7-oracle/jre/lib/amd64:/usr/lib/jvm/java-7-oracle/jre/lib/i386::/usr/java/packages/lib/amd64:/usr/lib64:/lib64:/lib:/usr/lib
févr. 03, 2015 3:17:10 PM org.apache.coyote.AbstractProtocol init
INFOS: Initializing ProtocolHandler ["http-bio-8080"]
févr. 03, 2015 3:17:10 PM org.apache.coyote.AbstractProtocol init
INFOS: Initializing ProtocolHandler ["ajp-bio-8009"]
févr. 03, 2015 3:17:10 PM org.apache.catalina.startup.Catalina load
INFOS: Initialization processed in 5242 ms
févr. 03, 2015 3:17:10 PM org.apache.catalina.core.StandardService startInternal
INFOS: Démarrage du service Catalina
févr. 03, 2015 3:17:10 PM org.apache.catalina.core.StandardEngine startInternal
INFOS: Starting Servlet Engine: Apache Tomcat/7.0.57
févr. 03, 2015 3:17:10 PM org.apache.catalina.startup.HostConfig deployDescriptor
INFOS: Déploiement du descripteur de configuration /home/vivi/CCI/PL2/Serveur/apache-tomcat-7.0.57/conf/Catalina/localhost/ApliDataBase.xml
févr. 03, 2015 3:17:15 PM org.apache.catalina.startup.HostConfig deployDescriptor
INFOS: Deployment of configuration descriptor /home/vivi/CCI/PL2/Serveur/apache-tomcat-7.0.57/conf/Catalina/localhost/ApliDataBase.xml has finished in 4 530 ms
févr. 03, 2015 3:17:15 PM org.apache.catalina.startup.HostConfig deployDescriptor
INFOS: Déploiement du descripteur de configuration /home/vivi/CCI/PL2/Serveur/apache-tomcat-7.0.57/conf/Catalina/localhost/WebApplication1.xml
févr. 03, 2015 3:17:15 PM org.apache.catalina.startup.HostConfig deployDescriptor
INFOS: Deployment of configuration descriptor /home/vivi/CCI/PL2/Serveur/apache-tomcat-7.0.57/conf/Catalina/localhost/WebApplication1.xml has finished in 530 ms
févr. 03, 2015 3:17:15 PM org.apache.catalina.startup.HostConfig deployDirectory
INFOS: Déploiement du répertoire /home/vivi/CCI/PL2/Serveur/apache-tomcat-7.0.57/webapps/examples de l'application web
févr. 03, 2015 3:17:19 PM org.apache.catalina.startup.HostConfig deployDirectory
INFOS: Deployment of web application directory /home/vivi/CCI/PL2/Serveur/apache-tomcat-7.0.57/webapps/examples has finished in 3 795 ms
févr. 03, 2015 3:17:19 PM org.apache.catalina.startup.HostConfig deployDirectory
INFOS: Déploiement du répertoire /home/vivi/CCI/PL2/Serveur/apache-tomcat-7.0.57/webapps/ROOT de l'application web
févr. 03, 2015 3:17:19 PM org.apache.catalina.startup.HostConfig deployDirectory
INFOS: Deployment of web application directory /home/vivi/CCI/PL2/Serveur/apache-tomcat-7.0.57/webapps/ROOT has finished in 460 ms
févr. 03, 2015 3:17:19 PM org.apache.catalina.startup.HostConfig deployDirectory
INFOS: Déploiement du répertoire /home/vivi/CCI/PL2/Serveur/apache-tomcat-7.0.57/webapps/manager de l'application web
févr. 03, 2015 3:17:20 PM org.apache.catalina.startup.HostConfig deployDirectory
INFOS: Deployment of web application directory /home/vivi/CCI/PL2/Serveur/apache-tomcat-7.0.57/webapps/manager has finished in 536 ms
févr. 03, 2015 3:17:20 PM org.apache.catalina.startup.HostConfig deployDirectory
INFOS: Déploiement du répertoire /home/vivi/CCI/PL2/Serveur/apache-tomcat-7.0.57/webapps/host-manager de l'application web
févr. 03, 2015 3:17:21 PM org.apache.catalina.startup.HostConfig deployDirectory
INFOS: Deployment of web application directory /home/vivi/CCI/PL2/Serveur/apache-tomcat-7.0.57/webapps/host-manager has finished in 538 ms
févr. 03, 2015 3:17:21 PM org.apache.catalina.startup.HostConfig deployDirectory
INFOS: Déploiement du répertoire /home/vivi/CCI/PL2/Serveur/apache-tomcat-7.0.57/webapps/docs de l'application web
févr. 03, 2015 3:17:21 PM org.apache.catalina.startup.HostConfig deployDirectory
INFOS: Deployment of web application directory /home/vivi/CCI/PL2/Serveur/apache-tomcat-7.0.57/webapps/docs has finished in 238 ms
févr. 03, 2015 3:17:21 PM org.apache.coyote.AbstractProtocol start
INFOS: Starting ProtocolHandler ["http-bio-8080"]
févr. 03, 2015 3:17:21 PM org.apache.coyote.AbstractProtocol start
INFOS: Starting ProtocolHandler ["ajp-bio-8009"]
févr. 03, 2015 3:17:21 PM org.apache.catalina.startup.Catalina start
INFOS: Server startup in 11185 ms
févr. 03, 2015 3:20:16 PM org.apache.catalina.core.StandardContext reload
INFOS: Le rechargement du contexte [/ApliDataBase] a démarré
févr. 03, 2015 3:20:16 PM org.apache.catalina.loader.WebappClassLoader clearReferencesJdbc
GRAVE: The web application [/ApliDataBase] registered the JDBC driver [oracle.jdbc.OracleDriver] but failed to unregister it when the web application was stopped. To prevent a memory leak, the JDBC Driver has been forcibly unregistered.
févr. 03, 2015 3:20:16 PM org.apache.catalina.loader.WebappClassLoader checkThreadLocalMapForLeaks
GRAVE: The web application [/ApliDataBase] created a ThreadLocal with key of type [java.lang.ThreadLocal] (value [java.lang.ThreadLocal@107300ce]) and a value of type [java.lang.Class] (value [class oracle.sql.TypeDescriptorFactory]) but failed to remove it when the web application was stopped. Threads are going to be renewed over time to try and avoid a probable memory leak.
févr. 03, 2015 3:20:16 PM org.apache.catalina.loader.WebappClassLoader checkThreadLocalMapForLeaks
GRAVE: The web application [/ApliDataBase] created a ThreadLocal with key of type [java.lang.ThreadLocal] (value [java.lang.ThreadLocal@6e39dcd1]) and a value of type [java.lang.Class] (value [class oracle.sql.AnyDataFactory]) but failed to remove it when the web application was stopped. Threads are going to be renewed over time to try and avoid a probable memory leak.
févr. 03, 2015 3:20:17 PM org.apache.catalina.core.StandardContext reload
INFOS: Le rechargement de ce contexte est terminé
févr. 03, 2015 3:20:43 PM org.apache.catalina.core.StandardContext reload
INFOS: Le rechargement du contexte [/ApliDataBase] a démarré
févr. 03, 2015 3:20:43 PM org.apache.catalina.loader.WebappClassLoader clearReferencesJdbc
GRAVE: The web application [/ApliDataBase] registered the JDBC driver [oracle.jdbc.OracleDriver] but failed to unregister it when the web application was stopped. To prevent a memory leak, the JDBC Driver has been forcibly unregistered.
févr. 03, 2015 3:20:44 PM org.apache.catalina.core.StandardContext reload
INFOS: Le rechargement de ce contexte est terminé
févr. 03, 2015 3:21:24 PM org.apache.catalina.core.StandardContext reload
INFOS: Le rechargement du contexte [/ApliDataBase] a démarré
févr. 03, 2015 3:21:24 PM org.apache.catalina.loader.WebappClassLoader clearReferencesJdbc
GRAVE: The web application [/ApliDataBase] registered the JDBC driver [oracle.jdbc.OracleDriver] but failed to unregister it when the web application was stopped. To prevent a memory leak, the JDBC Driver has been forcibly unregistered.
févr. 03, 2015 3:21:25 PM org.apache.catalina.core.StandardContext reload
INFOS: Le rechargement de ce contexte est terminé
févr. 03, 2015 3:21:29 PM org.apache.coyote.AbstractProtocol pause
INFOS: Pausing ProtocolHandler ["http-bio-8080"]
févr. 03, 2015 3:21:29 PM org.apache.coyote.AbstractProtocol pause
INFOS: Pausing ProtocolHandler ["ajp-bio-8009"]
févr. 03, 2015 3:21:29 PM org.apache.catalina.core.StandardService stopInternal
INFOS: Arrêt du service Catalina
févr. 03, 2015 3:21:31 PM org.apache.catalina.loader.WebappClassLoader clearReferencesJdbc
GRAVE: The web application [/ApliDataBase] registered the JDBC driver [oracle.jdbc.OracleDriver] but failed to unregister it when the web application was stopped. To prevent a memory leak, the JDBC Driver has been forcibly unregistered.
févr. 03, 2015 3:21:31 PM org.apache.catalina.loader.WebappClassLoader clearReferencesThreads
GRAVE: The web application [/ApliDataBase] is still processing a request that has yet to finish. This is very likely to create a memory leak. You can control the time allowed for requests to finish by using the unloadDelay attribute of the standard Context implementation.
févr. 03, 2015 3:21:31 PM org.apache.catalina.loader.WebappClassLoader checkThreadLocalMapForLeaks
GRAVE: The web application [/ApliDataBase] created a ThreadLocal with key of type [java.lang.ThreadLocal] (value [java.lang.ThreadLocal@642d5561]) and a value of type [java.lang.Class] (value [class oracle.sql.AnyDataFactory]) but failed to remove it when the web application was stopped. Threads are going to be renewed over time to try and avoid a probable memory leak.
févr. 03, 2015 3:21:31 PM org.apache.catalina.loader.WebappClassLoader checkThreadLocalMapForLeaks
GRAVE: The web application [/ApliDataBase] created a ThreadLocal with key of type [java.lang.ThreadLocal] (value [java.lang.ThreadLocal@5c4086a8]) and a value of type [java.lang.Class] (value [class oracle.sql.TypeDescriptorFactory]) but failed to remove it when the web application was stopped. Threads are going to be renewed over time to try and avoid a probable memory leak.
févr. 03, 2015 3:21:31 PM org.apache.coyote.AbstractProtocol stop
INFOS: Stopping ProtocolHandler ["http-bio-8080"]
févr. 03, 2015 3:22:42 PM org.apache.catalina.startup.VersionLoggerListener log
INFOS: Server version:        Apache Tomcat/7.0.57
févr. 03, 2015 3:22:42 PM org.apache.catalina.startup.VersionLoggerListener log
INFOS: Server built:          Nov 3 2014 08:39:16 UTC
févr. 03, 2015 3:22:42 PM org.apache.catalina.startup.VersionLoggerListener log
INFOS: Server number:         7.0.57.0
févr. 03, 2015 3:22:42 PM org.apache.catalina.startup.VersionLoggerListener log
INFOS: OS Name:               Linux
févr. 03, 2015 3:22:42 PM org.apache.catalina.startup.VersionLoggerListener log
INFOS: OS Version:            3.16.0-29-generic
févr. 03, 2015 3:22:42 PM org.apache.catalina.startup.VersionLoggerListener log
INFOS: Architecture:          amd64
févr. 03, 2015 3:22:42 PM org.apache.catalina.startup.VersionLoggerListener log
INFOS: JAVA_HOME:             /usr/lib/jvm/java-7-oracle/jre
févr. 03, 2015 3:22:42 PM org.apache.catalina.startup.VersionLoggerListener log
INFOS: JVM Version:           1.7.0_76-b13
févr. 03, 2015 3:22:42 PM org.apache.catalina.startup.VersionLoggerListener log
INFOS: JVM Vendor:            Oracle Corporation
févr. 03, 2015 3:22:42 PM org.apache.catalina.startup.VersionLoggerListener log
INFOS: CATALINA_BASE:         /home/vivi/CCI/PL2/Serveur/apache-tomcat-7.0.57
févr. 03, 2015 3:22:42 PM org.apache.catalina.startup.VersionLoggerListener log
INFOS: CATALINA_HOME:         /home/vivi/CCI/PL2/Serveur/apache-tomcat-7.0.57
févr. 03, 2015 3:22:42 PM org.apache.catalina.startup.VersionLoggerListener log
INFOS: Command line argument: -Djava.util.logging.config.file=/home/vivi/CCI/PL2/Serveur/apache-tomcat-7.0.57/conf/logging.properties
févr. 03, 2015 3:22:42 PM org.apache.catalina.startup.VersionLoggerListener log
INFOS: Command line argument: -Djava.util.logging.manager=org.apache.juli.ClassLoaderLogManager
févr. 03, 2015 3:22:42 PM org.apache.catalina.startup.VersionLoggerListener log
INFOS: Command line argument: -Dhttp.nonProxyHosts=localhost|127.0.0.1|vivi-K50IE
févr. 03, 2015 3:22:42 PM org.apache.catalina.startup.VersionLoggerListener log
INFOS: Command line argument: -Djava.endorsed.dirs=/home/vivi/CCI/PL2/Serveur/apache-tomcat-7.0.57/endorsed
févr. 03, 2015 3:22:42 PM org.apache.catalina.startup.VersionLoggerListener log
INFOS: Command line argument: -Dcatalina.base=/home/vivi/CCI/PL2/Serveur/apache-tomcat-7.0.57
févr. 03, 2015 3:22:42 PM org.apache.catalina.startup.VersionLoggerListener log
INFOS: Command line argument: -Dcatalina.home=/home/vivi/CCI/PL2/Serveur/apache-tomcat-7.0.57
févr. 03, 2015 3:22:42 PM org.apache.catalina.startup.VersionLoggerListener log
INFOS: Command line argument: -Djava.io.tmpdir=/home/vivi/CCI/PL2/Serveur/apache-tomcat-7.0.57/temp
févr. 03, 2015 3:22:42 PM org.apache.catalina.core.AprLifecycleListener lifecycleEvent
INFOS: The APR based Apache Tomcat Native library which allows optimal performance in production environments was not found on the java.library.path: /usr/lib/jvm/java-7-oracle/jre/lib/amd64:/usr/lib/jvm/java-7-oracle/jre/lib/i386::/usr/java/packages/lib/amd64:/usr/lib64:/lib64:/lib:/usr/lib
févr. 03, 2015 3:22:43 PM org.apache.coyote.AbstractProtocol init
INFOS: Initializing ProtocolHandler ["http-bio-8080"]
févr. 03, 2015 3:22:43 PM org.apache.coyote.AbstractProtocol init
INFOS: Initializing ProtocolHandler ["ajp-bio-8009"]
févr. 03, 2015 3:22:43 PM org.apache.catalina.startup.Catalina load
INFOS: Initialization processed in 3695 ms
févr. 03, 2015 3:22:44 PM org.apache.catalina.core.StandardService startInternal
INFOS: Démarrage du service Catalina
févr. 03, 2015 3:22:44 PM org.apache.catalina.core.StandardEngine startInternal
INFOS: Starting Servlet Engine: Apache Tomcat/7.0.57
févr. 03, 2015 3:22:44 PM org.apache.catalina.startup.HostConfig deployDescriptor
INFOS: Déploiement du descripteur de configuration /home/vivi/CCI/PL2/Serveur/apache-tomcat-7.0.57/conf/Catalina/localhost/ApliDataBase.xml
févr. 03, 2015 3:22:47 PM org.apache.catalina.startup.HostConfig deployDescriptor
INFOS: Deployment of configuration descriptor /home/vivi/CCI/PL2/Serveur/apache-tomcat-7.0.57/conf/Catalina/localhost/ApliDataBase.xml has finished in 3 048 ms
févr. 03, 2015 3:22:47 PM org.apache.catalina.startup.HostConfig deployDescriptor
INFOS: Déploiement du descripteur de configuration /home/vivi/CCI/PL2/Serveur/apache-tomcat-7.0.57/conf/Catalina/localhost/WebApplication1.xml
févr. 03, 2015 3:22:47 PM org.apache.catalina.startup.HostConfig deployDescriptor
INFOS: Deployment of configuration descriptor /home/vivi/CCI/PL2/Serveur/apache-tomcat-7.0.57/conf/Catalina/localhost/WebApplication1.xml has finished in 337 ms
févr. 03, 2015 3:22:47 PM org.apache.catalina.startup.HostConfig deployDirectory
INFOS: Déploiement du répertoire /home/vivi/CCI/PL2/Serveur/apache-tomcat-7.0.57/webapps/examples de l'application web
févr. 03, 2015 3:22:49 PM org.apache.catalina.startup.HostConfig deployDirectory
INFOS: Deployment of web application directory /home/vivi/CCI/PL2/Serveur/apache-tomcat-7.0.57/webapps/examples has finished in 1 276 ms
févr. 03, 2015 3:22:49 PM org.apache.catalina.startup.HostConfig deployDirectory
INFOS: Déploiement du répertoire /home/vivi/CCI/PL2/Serveur/apache-tomcat-7.0.57/webapps/ROOT de l'application web
févr. 03, 2015 3:22:49 PM org.apache.catalina.startup.HostConfig deployDirectory
INFOS: Deployment of web application directory /home/vivi/CCI/PL2/Serveur/apache-tomcat-7.0.57/webapps/ROOT has finished in 427 ms
févr. 03, 2015 3:22:49 PM org.apache.catalina.startup.HostConfig deployDirectory
INFOS: Déploiement du répertoire /home/vivi/CCI/PL2/Serveur/apache-tomcat-7.0.57/webapps/manager de l'application web
févr. 03, 2015 3:22:50 PM org.apache.catalina.startup.HostConfig deployDirectory
INFOS: Deployment of web application directory /home/vivi/CCI/PL2/Serveur/apache-tomcat-7.0.57/webapps/manager has finished in 425 ms
févr. 03, 2015 3:22:50 PM org.apache.catalina.startup.HostConfig deployDirectory
INFOS: Déploiement du répertoire /home/vivi/CCI/PL2/Serveur/apache-tomcat-7.0.57/webapps/host-manager de l'application web
févr. 03, 2015 3:22:50 PM org.apache.catalina.startup.HostConfig deployDirectory
INFOS: Deployment of web application directory /home/vivi/CCI/PL2/Serveur/apache-tomcat-7.0.57/webapps/host-manager has finished in 315 ms
févr. 03, 2015 3:22:50 PM org.apache.catalina.startup.HostConfig deployDirectory
INFOS: Déploiement du répertoire /home/vivi/CCI/PL2/Serveur/apache-tomcat-7.0.57/webapps/docs de l'application web
févr. 03, 2015 3:22:50 PM org.apache.catalina.startup.HostConfig deployDirectory
INFOS: Deployment of web application directory /home/vivi/CCI/PL2/Serveur/apache-tomcat-7.0.57/webapps/docs has finished in 218 ms
févr. 03, 2015 3:22:50 PM org.apache.coyote.AbstractProtocol start
INFOS: Starting ProtocolHandler ["http-bio-8080"]
févr. 03, 2015 3:22:50 PM org.apache.coyote.AbstractProtocol start
INFOS: Starting ProtocolHandler ["ajp-bio-8009"]
févr. 03, 2015 3:22:50 PM org.apache.catalina.startup.Catalina start
INFOS: Server startup in 6849 ms
févr. 03, 2015 3:22:52 PM org.apache.catalina.core.StandardContext reload
INFOS: Le rechargement du contexte [/ApliDataBase] a démarré
févr. 03, 2015 3:22:53 PM org.apache.catalina.core.StandardContext reload
INFOS: Le rechargement de ce contexte est terminé
févr. 03, 2015 3:23:01 PM org.apache.coyote.AbstractProtocol pause
INFOS: Pausing ProtocolHandler ["http-bio-8080"]
févr. 03, 2015 3:23:01 PM org.apache.coyote.AbstractProtocol pause
INFOS: Pausing ProtocolHandler ["ajp-bio-8009"]
févr. 03, 2015 3:23:01 PM org.apache.catalina.core.StandardService stopInternal
INFOS: Arrêt du service Catalina
févr. 03, 2015 3:23:03 PM org.apache.catalina.loader.WebappClassLoader clearReferencesJdbc
GRAVE: The web application [/ApliDataBase] registered the JDBC driver [oracle.jdbc.OracleDriver] but failed to unregister it when the web application was stopped. To prevent a memory leak, the JDBC Driver has been forcibly unregistered.
févr. 03, 2015 3:23:03 PM org.apache.catalina.loader.WebappClassLoader clearReferencesThreads
GRAVE: The web application [/ApliDataBase] is still processing a request that has yet to finish. This is very likely to create a memory leak. You can control the time allowed for requests to finish by using the unloadDelay attribute of the standard Context implementation.
févr. 03, 2015 3:23:03 PM org.apache.catalina.loader.WebappClassLoader checkThreadLocalMapForLeaks
GRAVE: The web application [/ApliDataBase] created a ThreadLocal with key of type [java.lang.ThreadLocal] (value [java.lang.ThreadLocal@7e7be20b]) and a value of type [java.lang.Class] (value [class oracle.sql.AnyDataFactory]) but failed to remove it when the web application was stopped. Threads are going to be renewed over time to try and avoid a probable memory leak.
févr. 03, 2015 3:23:03 PM org.apache.catalina.loader.WebappClassLoader checkThreadLocalMapForLeaks
GRAVE: The web application [/ApliDataBase] created a ThreadLocal with key of type [java.lang.ThreadLocal] (value [java.lang.ThreadLocal@7735810c]) and a value of type [java.lang.Class] (value [class oracle.sql.TypeDescriptorFactory]) but failed to remove it when the web application was stopped. Threads are going to be renewed over time to try and avoid a probable memory leak.
févr. 03, 2015 3:23:03 PM org.apache.coyote.AbstractProtocol stop
INFOS: Stopping ProtocolHandler ["http-bio-8080"]
févr. 03, 2015 3:25:05 PM org.apache.catalina.startup.VersionLoggerListener log
INFOS: Server version:        Apache Tomcat/7.0.57
févr. 03, 2015 3:25:05 PM org.apache.catalina.startup.VersionLoggerListener log
INFOS: Server built:          Nov 3 2014 08:39:16 UTC
févr. 03, 2015 3:25:05 PM org.apache.catalina.startup.VersionLoggerListener log
INFOS: Server number:         7.0.57.0
févr. 03, 2015 3:25:05 PM org.apache.catalina.startup.VersionLoggerListener log
INFOS: OS Name:               Linux
févr. 03, 2015 3:25:05 PM org.apache.catalina.startup.VersionLoggerListener log
INFOS: OS Version:            3.16.0-29-generic
févr. 03, 2015 3:25:05 PM org.apache.catalina.startup.VersionLoggerListener log
INFOS: Architecture:          amd64
févr. 03, 2015 3:25:05 PM org.apache.catalina.startup.VersionLoggerListener log
INFOS: JAVA_HOME:             /usr/lib/jvm/java-7-oracle/jre
févr. 03, 2015 3:25:05 PM org.apache.catalina.startup.VersionLoggerListener log
INFOS: JVM Version:           1.7.0_76-b13
févr. 03, 2015 3:25:05 PM org.apache.catalina.startup.VersionLoggerListener log
INFOS: JVM Vendor:            Oracle Corporation
févr. 03, 2015 3:25:05 PM org.apache.catalina.startup.VersionLoggerListener log
INFOS: CATALINA_BASE:         /home/vivi/CCI/PL2/Serveur/apache-tomcat-7.0.57
févr. 03, 2015 3:25:05 PM org.apache.catalina.startup.VersionLoggerListener log
INFOS: CATALINA_HOME:         /home/vivi/CCI/PL2/Serveur/apache-tomcat-7.0.57
févr. 03, 2015 3:25:05 PM org.apache.catalina.startup.VersionLoggerListener log
INFOS: Command line argument: -Djava.util.logging.config.file=/home/vivi/CCI/PL2/Serveur/apache-tomcat-7.0.57/conf/logging.properties
févr. 03, 2015 3:25:05 PM org.apache.catalina.startup.VersionLoggerListener log
INFOS: Command line argument: -Djava.util.logging.manager=org.apache.juli.ClassLoaderLogManager
févr. 03, 2015 3:25:05 PM org.apache.catalina.startup.VersionLoggerListener log
INFOS: Command line argument: -Dhttp.nonProxyHosts=localhost|127.0.0.1|vivi-K50IE
févr. 03, 2015 3:25:05 PM org.apache.catalina.startup.VersionLoggerListener log
INFOS: Command line argument: -Djava.endorsed.dirs=/home/vivi/CCI/PL2/Serveur/apache-tomcat-7.0.57/endorsed
févr. 03, 2015 3:25:05 PM org.apache.catalina.startup.VersionLoggerListener log
INFOS: Command line argument: -Dcatalina.base=/home/vivi/CCI/PL2/Serveur/apache-tomcat-7.0.57
févr. 03, 2015 3:25:05 PM org.apache.catalina.startup.VersionLoggerListener log
INFOS: Command line argument: -Dcatalina.home=/home/vivi/CCI/PL2/Serveur/apache-tomcat-7.0.57
févr. 03, 2015 3:25:05 PM org.apache.catalina.startup.VersionLoggerListener log
INFOS: Command line argument: -Djava.io.tmpdir=/home/vivi/CCI/PL2/Serveur/apache-tomcat-7.0.57/temp
févr. 03, 2015 3:25:05 PM org.apache.catalina.core.AprLifecycleListener lifecycleEvent
INFOS: The APR based Apache Tomcat Native library which allows optimal performance in production environments was not found on the java.library.path: /usr/lib/jvm/java-7-oracle/jre/lib/amd64:/usr/lib/jvm/java-7-oracle/jre/lib/i386::/usr/java/packages/lib/amd64:/usr/lib64:/lib64:/lib:/usr/lib
févr. 03, 2015 3:25:06 PM org.apache.coyote.AbstractProtocol init
INFOS: Initializing ProtocolHandler ["http-bio-8080"]
févr. 03, 2015 3:25:06 PM org.apache.coyote.AbstractProtocol init
INFOS: Initializing ProtocolHandler ["ajp-bio-8009"]
févr. 03, 2015 3:25:06 PM org.apache.catalina.startup.Catalina load
INFOS: Initialization processed in 2934 ms
févr. 03, 2015 3:25:06 PM org.apache.catalina.core.StandardService startInternal
INFOS: Démarrage du service Catalina
févr. 03, 2015 3:25:06 PM org.apache.catalina.core.StandardEngine startInternal
INFOS: Starting Servlet Engine: Apache Tomcat/7.0.57
févr. 03, 2015 3:25:06 PM org.apache.catalina.startup.HostConfig deployDescriptor
INFOS: Déploiement du descripteur de configuration /home/vivi/CCI/PL2/Serveur/apache-tomcat-7.0.57/conf/Catalina/localhost/ApliDataBase.xml
févr. 03, 2015 3:25:08 PM org.apache.catalina.startup.HostConfig deployDescriptor
INFOS: Deployment of configuration descriptor /home/vivi/CCI/PL2/Serveur/apache-tomcat-7.0.57/conf/Catalina/localhost/ApliDataBase.xml has finished in 2 304 ms
févr. 03, 2015 3:25:08 PM org.apache.catalina.startup.HostConfig deployDescriptor
INFOS: Déploiement du descripteur de configuration /home/vivi/CCI/PL2/Serveur/apache-tomcat-7.0.57/conf/Catalina/localhost/WebApplication1.xml
févr. 03, 2015 3:25:09 PM org.apache.catalina.startup.HostConfig deployDescriptor
INFOS: Deployment of configuration descriptor /home/vivi/CCI/PL2/Serveur/apache-tomcat-7.0.57/conf/Catalina/localhost/WebApplication1.xml has finished in 477 ms
févr. 03, 2015 3:25:09 PM org.apache.catalina.startup.HostConfig deployDirectory
INFOS: Déploiement du répertoire /home/vivi/CCI/PL2/Serveur/apache-tomcat-7.0.57/webapps/examples de l'application web
févr. 03, 2015 3:25:10 PM org.apache.catalina.startup.HostConfig deployDirectory
INFOS: Deployment of web application directory /home/vivi/CCI/PL2/Serveur/apache-tomcat-7.0.57/webapps/examples has finished in 960 ms
févr. 03, 2015 3:25:10 PM org.apache.catalina.startup.HostConfig deployDirectory
INFOS: Déploiement du répertoire /home/vivi/CCI/PL2/Serveur/apache-tomcat-7.0.57/webapps/ROOT de l'application web
févr. 03, 2015 3:25:10 PM org.apache.catalina.startup.HostConfig deployDirectory
INFOS: Deployment of web application directory /home/vivi/CCI/PL2/Serveur/apache-tomcat-7.0.57/webapps/ROOT has finished in 461 ms
févr. 03, 2015 3:25:10 PM org.apache.catalina.startup.HostConfig deployDirectory
INFOS: Déploiement du répertoire /home/vivi/CCI/PL2/Serveur/apache-tomcat-7.0.57/webapps/manager de l'application web
févr. 03, 2015 3:25:11 PM org.apache.catalina.startup.HostConfig deployDirectory
INFOS: Deployment of web application directory /home/vivi/CCI/PL2/Serveur/apache-tomcat-7.0.57/webapps/manager has finished in 430 ms
févr. 03, 2015 3:25:11 PM org.apache.catalina.startup.HostConfig deployDirectory
INFOS: Déploiement du répertoire /home/vivi/CCI/PL2/Serveur/apache-tomcat-7.0.57/webapps/host-manager de l'application web
févr. 03, 2015 3:25:11 PM org.apache.catalina.startup.HostConfig deployDirectory
INFOS: Deployment of web application directory /home/vivi/CCI/PL2/Serveur/apache-tomcat-7.0.57/webapps/host-manager has finished in 187 ms
févr. 03, 2015 3:25:11 PM org.apache.catalina.startup.HostConfig deployDirectory
INFOS: Déploiement du répertoire /home/vivi/CCI/PL2/Serveur/apache-tomcat-7.0.57/webapps/docs de l'application web
févr. 03, 2015 3:25:11 PM org.apache.catalina.startup.HostConfig deployDirectory
INFOS: Deployment of web application directory /home/vivi/CCI/PL2/Serveur/apache-tomcat-7.0.57/webapps/docs has finished in 202 ms
févr. 03, 2015 3:25:11 PM org.apache.coyote.AbstractProtocol start
INFOS: Starting ProtocolHandler ["http-bio-8080"]
févr. 03, 2015 3:25:11 PM org.apache.coyote.AbstractProtocol start
INFOS: Starting ProtocolHandler ["ajp-bio-8009"]
févr. 03, 2015 3:25:11 PM org.apache.catalina.startup.Catalina start
INFOS: Server startup in 5348 ms
févr. 03, 2015 3:25:14 PM org.apache.catalina.core.StandardContext reload
INFOS: Le rechargement du contexte [/ApliDataBase] a démarré
févr. 03, 2015 3:25:15 PM org.apache.catalina.core.StandardContext reload
INFOS: Le rechargement de ce contexte est terminé
févr. 03, 2015 3:25:20 PM org.apache.coyote.AbstractProtocol pause
INFOS: Pausing ProtocolHandler ["http-bio-8080"]
févr. 03, 2015 3:25:20 PM org.apache.coyote.AbstractProtocol pause
INFOS: Pausing ProtocolHandler ["ajp-bio-8009"]
févr. 03, 2015 3:25:20 PM org.apache.catalina.core.StandardService stopInternal
INFOS: Arrêt du service Catalina
févr. 03, 2015 3:25:22 PM org.apache.catalina.loader.WebappClassLoader clearReferencesJdbc
GRAVE: The web application [/ApliDataBase] registered the JDBC driver [oracle.jdbc.OracleDriver] but failed to unregister it when the web application was stopped. To prevent a memory leak, the JDBC Driver has been forcibly unregistered.
févr. 03, 2015 3:25:22 PM org.apache.catalina.loader.WebappClassLoader clearReferencesThreads
GRAVE: The web application [/ApliDataBase] is still processing a request that has yet to finish. This is very likely to create a memory leak. You can control the time allowed for requests to finish by using the unloadDelay attribute of the standard Context implementation.
févr. 03, 2015 3:25:22 PM org.apache.catalina.loader.WebappClassLoader checkThreadLocalMapForLeaks
GRAVE: The web application [/ApliDataBase] created a ThreadLocal with key of type [java.lang.ThreadLocal] (value [java.lang.ThreadLocal@9c89957]) and a value of type [java.lang.Class] (value [class oracle.sql.AnyDataFactory]) but failed to remove it when the web application was stopped. Threads are going to be renewed over time to try and avoid a probable memory leak.
févr. 03, 2015 3:25:22 PM org.apache.catalina.loader.WebappClassLoader checkThreadLocalMapForLeaks
GRAVE: The web application [/ApliDataBase] created a ThreadLocal with key of type [java.lang.ThreadLocal] (value [java.lang.ThreadLocal@50cb23c5]) and a value of type [java.lang.Class] (value [class oracle.sql.TypeDescriptorFactory]) but failed to remove it when the web application was stopped. Threads are going to be renewed over time to try and avoid a probable memory leak.
févr. 03, 2015 3:25:22 PM org.apache.coyote.AbstractProtocol stop
INFOS: Stopping ProtocolHandler ["http-bio-8080"]
févr. 03, 2015 3:28:47 PM org.apache.catalina.startup.VersionLoggerListener log
INFOS: Server version:        Apache Tomcat/7.0.57
févr. 03, 2015 3:28:47 PM org.apache.catalina.startup.VersionLoggerListener log
INFOS: Server built:          Nov 3 2014 08:39:16 UTC
févr. 03, 2015 3:28:47 PM org.apache.catalina.startup.VersionLoggerListener log
INFOS: Server number:         7.0.57.0
févr. 03, 2015 3:28:47 PM org.apache.catalina.startup.VersionLoggerListener log
INFOS: OS Name:               Linux
févr. 03, 2015 3:28:47 PM org.apache.catalina.startup.VersionLoggerListener log
INFOS: OS Version:            3.16.0-29-generic
févr. 03, 2015 3:28:47 PM org.apache.catalina.startup.VersionLoggerListener log
INFOS: Architecture:          amd64
févr. 03, 2015 3:28:47 PM org.apache.catalina.startup.VersionLoggerListener log
INFOS: JAVA_HOME:             /usr/lib/jvm/java-7-oracle/jre
févr. 03, 2015 3:28:47 PM org.apache.catalina.startup.VersionLoggerListener log
INFOS: JVM Version:           1.7.0_76-b13
févr. 03, 2015 3:28:47 PM org.apache.catalina.startup.VersionLoggerListener log
INFOS: JVM Vendor:            Oracle Corporation
févr. 03, 2015 3:28:47 PM org.apache.catalina.startup.VersionLoggerListener log
INFOS: CATALINA_BASE:         /home/vivi/CCI/PL2/Serveur/apache-tomcat-7.0.57
févr. 03, 2015 3:28:47 PM org.apache.catalina.startup.VersionLoggerListener log
INFOS: CATALINA_HOME:         /home/vivi/CCI/PL2/Serveur/apache-tomcat-7.0.57
févr. 03, 2015 3:28:47 PM org.apache.catalina.startup.VersionLoggerListener log
INFOS: Command line argument: -Djava.util.logging.config.file=/home/vivi/CCI/PL2/Serveur/apache-tomcat-7.0.57/conf/logging.properties
févr. 03, 2015 3:28:47 PM org.apache.catalina.startup.VersionLoggerListener log
INFOS: Command line argument: -Djava.util.logging.manager=org.apache.juli.ClassLoaderLogManager
févr. 03, 2015 3:28:47 PM org.apache.catalina.startup.VersionLoggerListener log
INFOS: Command line argument: -Dhttp.nonProxyHosts=localhost|127.0.0.1|vivi-K50IE
févr. 03, 2015 3:28:47 PM org.apache.catalina.startup.VersionLoggerListener log
INFOS: Command line argument: -Djava.endorsed.dirs=/home/vivi/CCI/PL2/Serveur/apache-tomcat-7.0.57/endorsed
févr. 03, 2015 3:28:47 PM org.apache.catalina.startup.VersionLoggerListener log
INFOS: Command line argument: -Dcatalina.base=/home/vivi/CCI/PL2/Serveur/apache-tomcat-7.0.57
févr. 03, 2015 3:28:47 PM org.apache.catalina.startup.VersionLoggerListener log
INFOS: Command line argument: -Dcatalina.home=/home/vivi/CCI/PL2/Serveur/apache-tomcat-7.0.57
févr. 03, 2015 3:28:47 PM org.apache.catalina.startup.VersionLoggerListener log
INFOS: Command line argument: -Djava.io.tmpdir=/home/vivi/CCI/PL2/Serveur/apache-tomcat-7.0.57/temp
févr. 03, 2015 3:28:47 PM org.apache.catalina.core.AprLifecycleListener lifecycleEvent
INFOS: The APR based Apache Tomcat Native library which allows optimal performance in production environments was not found on the java.library.path: /usr/lib/jvm/java-7-oracle/jre/lib/amd64:/usr/lib/jvm/java-7-oracle/jre/lib/i386::/usr/java/packages/lib/amd64:/usr/lib64:/lib64:/lib:/usr/lib
févr. 03, 2015 3:28:48 PM org.apache.coyote.AbstractProtocol init
INFOS: Initializing ProtocolHandler ["http-bio-8080"]
févr. 03, 2015 3:28:48 PM org.apache.coyote.AbstractProtocol init
INFOS: Initializing ProtocolHandler ["ajp-bio-8009"]
févr. 03, 2015 3:28:48 PM org.apache.catalina.startup.Catalina load
INFOS: Initialization processed in 2726 ms
févr. 03, 2015 3:28:48 PM org.apache.catalina.core.StandardService startInternal
INFOS: Démarrage du service Catalina
févr. 03, 2015 3:28:48 PM org.apache.catalina.core.StandardEngine startInternal
INFOS: Starting Servlet Engine: Apache Tomcat/7.0.57
févr. 03, 2015 3:28:48 PM org.apache.catalina.startup.HostConfig deployDescriptor
INFOS: Déploiement du descripteur de configuration /home/vivi/CCI/PL2/Serveur/apache-tomcat-7.0.57/conf/Catalina/localhost/ApliDataBase.xml
févr. 03, 2015 3:28:50 PM org.apache.catalina.startup.HostConfig deployDescriptor
INFOS: Deployment of configuration descriptor /home/vivi/CCI/PL2/Serveur/apache-tomcat-7.0.57/conf/Catalina/localhost/ApliDataBase.xml has finished in 2 296 ms
févr. 03, 2015 3:28:50 PM org.apache.catalina.startup.HostConfig deployDescriptor
INFOS: Déploiement du descripteur de configuration /home/vivi/CCI/PL2/Serveur/apache-tomcat-7.0.57/conf/Catalina/localhost/WebApplication1.xml
févr. 03, 2015 3:28:51 PM org.apache.catalina.startup.HostConfig deployDescriptor
INFOS: Deployment of configuration descriptor /home/vivi/CCI/PL2/Serveur/apache-tomcat-7.0.57/conf/Catalina/localhost/WebApplication1.xml has finished in 399 ms
févr. 03, 2015 3:28:51 PM org.apache.catalina.startup.HostConfig deployDirectory
INFOS: Déploiement du répertoire /home/vivi/CCI/PL2/Serveur/apache-tomcat-7.0.57/webapps/examples de l'application web
févr. 03, 2015 3:28:52 PM org.apache.catalina.startup.HostConfig deployDirectory
INFOS: Deployment of web application directory /home/vivi/CCI/PL2/Serveur/apache-tomcat-7.0.57/webapps/examples has finished in 1 147 ms
févr. 03, 2015 3:28:52 PM org.apache.catalina.startup.HostConfig deployDirectory
INFOS: Déploiement du répertoire /home/vivi/CCI/PL2/Serveur/apache-tomcat-7.0.57/webapps/ROOT de l'application web
févr. 03, 2015 3:28:52 PM org.apache.catalina.startup.HostConfig deployDirectory
INFOS: Deployment of web application directory /home/vivi/CCI/PL2/Serveur/apache-tomcat-7.0.57/webapps/ROOT has finished in 493 ms
févr. 03, 2015 3:28:52 PM org.apache.catalina.startup.HostConfig deployDirectory
INFOS: Déploiement du répertoire /home/vivi/CCI/PL2/Serveur/apache-tomcat-7.0.57/webapps/manager de l'application web
févr. 03, 2015 3:28:53 PM org.apache.catalina.startup.HostConfig deployDirectory
INFOS: Deployment of web application directory /home/vivi/CCI/PL2/Serveur/apache-tomcat-7.0.57/webapps/manager has finished in 419 ms
févr. 03, 2015 3:28:53 PM org.apache.catalina.startup.HostConfig deployDirectory
INFOS: Déploiement du répertoire /home/vivi/CCI/PL2/Serveur/apache-tomcat-7.0.57/webapps/host-manager de l'application web
févr. 03, 2015 3:28:53 PM org.apache.catalina.startup.HostConfig deployDirectory
INFOS: Deployment of web application directory /home/vivi/CCI/PL2/Serveur/apache-tomcat-7.0.57/webapps/host-manager has finished in 270 ms
févr. 03, 2015 3:28:53 PM org.apache.catalina.startup.HostConfig deployDirectory
INFOS: Déploiement du répertoire /home/vivi/CCI/PL2/Serveur/apache-tomcat-7.0.57/webapps/docs de l'application web
févr. 03, 2015 3:28:53 PM org.apache.catalina.startup.HostConfig deployDirectory
INFOS: Deployment of web application directory /home/vivi/CCI/PL2/Serveur/apache-tomcat-7.0.57/webapps/docs has finished in 182 ms
févr. 03, 2015 3:28:53 PM org.apache.coyote.AbstractProtocol start
INFOS: Starting ProtocolHandler ["http-bio-8080"]
févr. 03, 2015 3:28:53 PM org.apache.coyote.AbstractProtocol start
INFOS: Starting ProtocolHandler ["ajp-bio-8009"]
févr. 03, 2015 3:28:53 PM org.apache.catalina.startup.Catalina start
INFOS: Server startup in 5504 ms
févr. 03, 2015 3:28:55 PM org.apache.catalina.core.StandardContext reload
INFOS: Le rechargement du contexte [/ApliDataBase] a démarré
févr. 03, 2015 3:28:56 PM org.apache.catalina.core.StandardContext reload
INFOS: Le rechargement de ce contexte est terminé
févr. 03, 2015 3:29:58 PM org.apache.catalina.core.StandardContext reload
INFOS: Le rechargement du contexte [/ApliDataBase] a démarré
févr. 03, 2015 3:29:58 PM org.apache.catalina.loader.WebappClassLoader clearReferencesJdbc
GRAVE: The web application [/ApliDataBase] registered the JDBC driver [oracle.jdbc.OracleDriver] but failed to unregister it when the web application was stopped. To prevent a memory leak, the JDBC Driver has been forcibly unregistered.
févr. 03, 2015 3:29:59 PM org.apache.catalina.core.StandardContext reload
INFOS: Le rechargement de ce contexte est terminé
févr. 03, 2015 3:35:03 PM org.apache.catalina.startup.HostConfig deployDescriptor
INFOS: Déploiement du descripteur de configuration /home/vivi/CCI/PL2/Serveur/apache-tomcat-7.0.57/conf/Catalina/localhost/LeNombreCache.xml
févr. 03, 2015 3:35:03 PM org.apache.catalina.startup.HostConfig deployDescriptor
INFOS: Deployment of configuration descriptor /home/vivi/CCI/PL2/Serveur/apache-tomcat-7.0.57/conf/Catalina/localhost/LeNombreCache.xml has finished in 193 ms
févr. 03, 2015 3:35:03 PM org.apache.catalina.util.LifecycleBase start
INFOS: The start() method was called on component [StandardEngine[Catalina].StandardHost[localhost].StandardContext[/LeNombreCache]] after start() had already been called. The second call will be ignored.
févr. 03, 2015 3:54:40 PM org.apache.catalina.core.StandardContext reload
INFOS: Le rechargement du contexte [/LeNombreCache] a démarré
févr. 03, 2015 3:54:40 PM org.apache.catalina.core.StandardContext reload
INFOS: Le rechargement de ce contexte est terminé
févr. 03, 2015 3:54:47 PM org.apache.catalina.core.StandardContext reload
INFOS: Le rechargement du contexte [/LeNombreCache] a démarré
févr. 03, 2015 3:54:47 PM org.apache.catalina.core.StandardContext reload
INFOS: Le rechargement de ce contexte est terminé
févr. 03, 2015 3:55:00 PM org.apache.catalina.core.StandardContext reload
INFOS: Le rechargement du contexte [/LeNombreCache] a démarré
févr. 03, 2015 3:55:00 PM org.apache.catalina.core.StandardContext reload
INFOS: Le rechargement de ce contexte est terminé
févr. 03, 2015 3:56:05 PM org.apache.catalina.core.StandardContext reload
INFOS: Le rechargement du contexte [/LeNombreCache] a démarré
févr. 03, 2015 3:56:05 PM org.apache.catalina.core.StandardContext reload
INFOS: Le rechargement de ce contexte est terminé
févr. 03, 2015 3:56:08 PM org.apache.catalina.core.StandardContext reload
INFOS: Le rechargement du contexte [/LeNombreCache] a démarré
févr. 03, 2015 3:56:08 PM org.apache.catalina.core.StandardContext reload
INFOS: Le rechargement de ce contexte est terminé
févr. 03, 2015 3:56:09 PM org.apache.catalina.core.StandardContext reload
INFOS: Le rechargement du contexte [/LeNombreCache] a démarré
févr. 03, 2015 3:56:09 PM org.apache.catalina.core.StandardContext reload
INFOS: Le rechargement de ce contexte est terminé
févr. 03, 2015 3:56:16 PM org.apache.catalina.core.StandardContext reload
INFOS: Le rechargement du contexte [/LeNombreCache] a démarré
févr. 03, 2015 3:56:16 PM org.apache.catalina.core.StandardContext reload
INFOS: Le rechargement de ce contexte est terminé
févr. 03, 2015 3:56:17 PM org.apache.catalina.core.StandardContext reload
INFOS: Le rechargement du contexte [/LeNombreCache] a démarré
févr. 03, 2015 3:56:17 PM org.apache.catalina.core.StandardContext reload
INFOS: Le rechargement de ce contexte est terminé
févr. 03, 2015 3:57:31 PM org.apache.catalina.core.StandardContext reload
INFOS: Le rechargement du contexte [/LeNombreCache] a démarré
févr. 03, 2015 3:57:32 PM org.apache.catalina.core.StandardContext reload
INFOS: Le rechargement de ce contexte est terminé
févr. 03, 2015 3:57:32 PM org.apache.catalina.core.StandardContext reload
INFOS: Le rechargement du contexte [/LeNombreCache] a démarré
févr. 03, 2015 3:57:32 PM org.apache.catalina.core.StandardContext reload
INFOS: Le rechargement de ce contexte est terminé
févr. 03, 2015 4:07:52 PM org.apache.catalina.core.StandardContext reload
INFOS: Le rechargement du contexte [/LeNombreCache] a démarré
févr. 03, 2015 4:07:52 PM org.apache.catalina.core.StandardContext reload
INFOS: Le rechargement de ce contexte est terminé
févr. 03, 2015 4:42:25 PM org.apache.catalina.core.StandardContext reload
INFOS: Le rechargement du contexte [/LeNombreCache] a démarré
févr. 03, 2015 4:42:25 PM org.apache.catalina.core.StandardContext reload
INFOS: Le rechargement de ce contexte est terminé
févr. 03, 2015 4:44:32 PM org.apache.catalina.core.StandardServer await
INFOS: A valid shutdown command was received via the shutdown port. Stopping the Server instance.
févr. 03, 2015 4:44:32 PM org.apache.coyote.AbstractProtocol pause
INFOS: Pausing ProtocolHandler ["http-bio-8080"]
févr. 03, 2015 4:44:32 PM org.apache.coyote.AbstractProtocol pause
INFOS: Pausing ProtocolHandler ["ajp-bio-8009"]
févr. 03, 2015 4:44:32 PM org.apache.catalina.core.StandardService stopInternal
INFOS: Arrêt du service Catalina
févr. 03, 2015 4:44:33 PM org.apache.catalina.loader.WebappClassLoader clearReferencesJdbc
GRAVE: The web application [/ApliDataBase] registered the JDBC driver [oracle.jdbc.OracleDriver] but failed to unregister it when the web application was stopped. To prevent a memory leak, the JDBC Driver has been forcibly unregistered.
févr. 03, 2015 4:44:33 PM org.apache.coyote.AbstractProtocol stop
INFOS: Stopping ProtocolHandler ["http-bio-8080"]
févr. 03, 2015 4:44:33 PM org.apache.coyote.AbstractProtocol stop
INFOS: Stopping ProtocolHandler ["ajp-bio-8009"]
févr. 03, 2015 4:44:33 PM org.apache.coyote.AbstractProtocol destroy
INFOS: Destroying ProtocolHandler ["http-bio-8080"]
févr. 03, 2015 4:44:33 PM org.apache.coyote.AbstractProtocol destroy
INFOS: Destroying ProtocolHandler ["ajp-bio-8009"]
févr. 03, 2015 4:44:45 PM org.apache.catalina.startup.VersionLoggerListener log
INFOS: Server version:        Apache Tomcat/7.0.57
févr. 03, 2015 4:44:45 PM org.apache.catalina.startup.VersionLoggerListener log
INFOS: Server built:          Nov 3 2014 08:39:16 UTC
févr. 03, 2015 4:44:45 PM org.apache.catalina.startup.VersionLoggerListener log
INFOS: Server number:         7.0.57.0
févr. 03, 2015 4:44:45 PM org.apache.catalina.startup.VersionLoggerListener log
INFOS: OS Name:               Linux
févr. 03, 2015 4:44:45 PM org.apache.catalina.startup.VersionLoggerListener log
INFOS: OS Version:            3.16.0-29-generic
févr. 03, 2015 4:44:45 PM org.apache.catalina.startup.VersionLoggerListener log
INFOS: Architecture:          amd64
févr. 03, 2015 4:44:45 PM org.apache.catalina.startup.VersionLoggerListener log
INFOS: JAVA_HOME:             /usr/lib/jvm/java-7-oracle/jre
févr. 03, 2015 4:44:45 PM org.apache.catalina.startup.VersionLoggerListener log
INFOS: JVM Version:           1.7.0_76-b13
févr. 03, 2015 4:44:45 PM org.apache.catalina.startup.VersionLoggerListener log
INFOS: JVM Vendor:            Oracle Corporation
févr. 03, 2015 4:44:45 PM org.apache.catalina.startup.VersionLoggerListener log
INFOS: CATALINA_BASE:         /home/vivi/CCI/PL2/Serveur/apache-tomcat-7.0.57
févr. 03, 2015 4:44:45 PM org.apache.catalina.startup.VersionLoggerListener log
INFOS: CATALINA_HOME:         /home/vivi/CCI/PL2/Serveur/apache-tomcat-7.0.57
févr. 03, 2015 4:44:45 PM org.apache.catalina.startup.VersionLoggerListener log
INFOS: Command line argument: -Djava.util.logging.config.file=/home/vivi/CCI/PL2/Serveur/apache-tomcat-7.0.57/conf/logging.properties
févr. 03, 2015 4:44:45 PM org.apache.catalina.startup.VersionLoggerListener log
INFOS: Command line argument: -Djava.util.logging.manager=org.apache.juli.ClassLoaderLogManager
févr. 03, 2015 4:44:45 PM org.apache.catalina.startup.VersionLoggerListener log
INFOS: Command line argument: -Dhttp.nonProxyHosts=localhost|127.0.0.1|vivi-K50IE
févr. 03, 2015 4:44:45 PM org.apache.catalina.startup.VersionLoggerListener log
INFOS: Command line argument: -agentlib:jdwp=transport=dt_socket,address=11550,server=y,suspend=n
févr. 03, 2015 4:44:45 PM org.apache.catalina.startup.VersionLoggerListener log
INFOS: Command line argument: -Djava.endorsed.dirs=/home/vivi/CCI/PL2/Serveur/apache-tomcat-7.0.57/endorsed
févr. 03, 2015 4:44:45 PM org.apache.catalina.startup.VersionLoggerListener log
INFOS: Command line argument: -Dcatalina.base=/home/vivi/CCI/PL2/Serveur/apache-tomcat-7.0.57
févr. 03, 2015 4:44:45 PM org.apache.catalina.startup.VersionLoggerListener log
INFOS: Command line argument: -Dcatalina.home=/home/vivi/CCI/PL2/Serveur/apache-tomcat-7.0.57
févr. 03, 2015 4:44:45 PM org.apache.catalina.startup.VersionLoggerListener log
INFOS: Command line argument: -Djava.io.tmpdir=/home/vivi/CCI/PL2/Serveur/apache-tomcat-7.0.57/temp
févr. 03, 2015 4:44:45 PM org.apache.catalina.core.AprLifecycleListener lifecycleEvent
INFOS: The APR based Apache Tomcat Native library which allows optimal performance in production environments was not found on the java.library.path: /usr/lib/jvm/java-7-oracle/jre/lib/amd64:/usr/lib/jvm/java-7-oracle/jre/lib/i386::/usr/java/packages/lib/amd64:/usr/lib64:/lib64:/lib:/usr/lib
févr. 03, 2015 4:44:47 PM org.apache.coyote.AbstractProtocol init
INFOS: Initializing ProtocolHandler ["http-bio-8080"]
févr. 03, 2015 4:44:47 PM org.apache.coyote.AbstractProtocol init
INFOS: Initializing ProtocolHandler ["ajp-bio-8009"]
févr. 03, 2015 4:44:47 PM org.apache.catalina.startup.Catalina load
INFOS: Initialization processed in 5998 ms
févr. 03, 2015 4:44:47 PM org.apache.catalina.core.StandardService startInternal
INFOS: Démarrage du service Catalina
févr. 03, 2015 4:44:47 PM org.apache.catalina.core.StandardEngine startInternal
INFOS: Starting Servlet Engine: Apache Tomcat/7.0.57
févr. 03, 2015 4:44:47 PM org.apache.catalina.startup.HostConfig deployDescriptor
INFOS: Déploiement du descripteur de configuration /home/vivi/CCI/PL2/Serveur/apache-tomcat-7.0.57/conf/Catalina/localhost/ApliDataBase.xml
févr. 03, 2015 4:44:51 PM org.apache.catalina.startup.HostConfig deployDescriptor
INFOS: Deployment of configuration descriptor /home/vivi/CCI/PL2/Serveur/apache-tomcat-7.0.57/conf/Catalina/localhost/ApliDataBase.xml has finished in 3 960 ms
févr. 03, 2015 4:44:51 PM org.apache.catalina.startup.HostConfig deployDescriptor
INFOS: Déploiement du descripteur de configuration /home/vivi/CCI/PL2/Serveur/apache-tomcat-7.0.57/conf/Catalina/localhost/LeNombreCache.xml
févr. 03, 2015 4:44:52 PM org.apache.catalina.startup.HostConfig deployDescriptor
INFOS: Deployment of configuration descriptor /home/vivi/CCI/PL2/Serveur/apache-tomcat-7.0.57/conf/Catalina/localhost/LeNombreCache.xml has finished in 632 ms
févr. 03, 2015 4:44:52 PM org.apache.catalina.startup.HostConfig deployDescriptor
INFOS: Déploiement du descripteur de configuration /home/vivi/CCI/PL2/Serveur/apache-tomcat-7.0.57/conf/Catalina/localhost/WebApplication1.xml
févr. 03, 2015 4:44:52 PM org.apache.catalina.startup.HostConfig deployDescriptor
INFOS: Deployment of configuration descriptor /home/vivi/CCI/PL2/Serveur/apache-tomcat-7.0.57/conf/Catalina/localhost/WebApplication1.xml has finished in 446 ms
févr. 03, 2015 4:44:52 PM org.apache.catalina.startup.HostConfig deployDirectory
INFOS: Déploiement du répertoire /home/vivi/CCI/PL2/Serveur/apache-tomcat-7.0.57/webapps/examples de l'application web
févr. 03, 2015 4:44:55 PM org.apache.catalina.startup.HostConfig deployDirectory
INFOS: Deployment of web application directory /home/vivi/CCI/PL2/Serveur/apache-tomcat-7.0.57/webapps/examples has finished in 2 839 ms
févr. 03, 2015 4:44:55 PM org.apache.catalina.startup.HostConfig deployDirectory
INFOS: Déploiement du répertoire /home/vivi/CCI/PL2/Serveur/apache-tomcat-7.0.57/webapps/ROOT de l'application web
févr. 03, 2015 4:44:56 PM org.apache.catalina.startup.HostConfig deployDirectory
INFOS: Deployment of web application directory /home/vivi/CCI/PL2/Serveur/apache-tomcat-7.0.57/webapps/ROOT has finished in 499 ms
févr. 03, 2015 4:44:56 PM org.apache.catalina.startup.HostConfig deployDirectory
INFOS: Déploiement du répertoire /home/vivi/CCI/PL2/Serveur/apache-tomcat-7.0.57/webapps/manager de l'application web
févr. 03, 2015 4:44:56 PM org.apache.catalina.startup.HostConfig deployDirectory
INFOS: Deployment of web application directory /home/vivi/CCI/PL2/Serveur/apache-tomcat-7.0.57/webapps/manager has finished in 589 ms
févr. 03, 2015 4:44:56 PM org.apache.catalina.startup.HostConfig deployDirectory
INFOS: Déploiement du répertoire /home/vivi/CCI/PL2/Serveur/apache-tomcat-7.0.57/webapps/host-manager de l'application web
févr. 03, 2015 4:44:57 PM org.apache.catalina.startup.HostConfig deployDirectory
INFOS: Deployment of web application directory /home/vivi/CCI/PL2/Serveur/apache-tomcat-7.0.57/webapps/host-manager has finished in 368 ms
févr. 03, 2015 4:44:57 PM org.apache.catalina.startup.HostConfig deployDirectory
INFOS: Déploiement du répertoire /home/vivi/CCI/PL2/Serveur/apache-tomcat-7.0.57/webapps/docs de l'application web
févr. 03, 2015 4:44:57 PM org.apache.catalina.startup.HostConfig deployDirectory
INFOS: Deployment of web application directory /home/vivi/CCI/PL2/Serveur/apache-tomcat-7.0.57/webapps/docs has finished in 220 ms
févr. 03, 2015 4:44:57 PM org.apache.coyote.AbstractProtocol start
INFOS: Starting ProtocolHandler ["http-bio-8080"]
févr. 03, 2015 4:44:57 PM org.apache.coyote.AbstractProtocol start
INFOS: Starting ProtocolHandler ["ajp-bio-8009"]
févr. 03, 2015 4:44:57 PM org.apache.catalina.startup.Catalina start
INFOS: Server startup in 10131 ms
févr. 03, 2015 4:45:02 PM org.apache.coyote.http11.AbstractHttp11Processor process
INFOS: Error parsing HTTP request header
 Note: further occurrences of HTTP header parsing errors will be logged at DEBUG level.
févr. 03, 2015 4:45:11 PM org.apache.catalina.startup.HostConfig undeploy
INFOS: Repli (undeploy) de l'application web ayant pour chemin de contexte /LeNombreCache
févr. 03, 2015 4:45:12 PM org.apache.catalina.startup.HostConfig deployDescriptor
INFOS: Déploiement du descripteur de configuration /home/vivi/CCI/PL2/Serveur/apache-tomcat-7.0.57/conf/Catalina/localhost/LeNombreCache.xml
févr. 03, 2015 4:45:12 PM org.apache.catalina.startup.HostConfig deployDescriptor
INFOS: Deployment of configuration descriptor /home/vivi/CCI/PL2/Serveur/apache-tomcat-7.0.57/conf/Catalina/localhost/LeNombreCache.xml has finished in 312 ms
févr. 03, 2015 4:45:12 PM org.apache.catalina.util.LifecycleBase start
INFOS: The start() method was called on component [StandardEngine[Catalina].StandardHost[localhost].StandardContext[/LeNombreCache]] after start() had already been called. The second call will be ignored.
févr. 03, 2015 4:48:42 PM org.apache.catalina.core.StandardContext reload
INFOS: Le rechargement du contexte [/LeNombreCache] a démarré
févr. 03, 2015 4:48:42 PM org.apache.catalina.core.StandardContext reload
INFOS: Le rechargement de ce contexte est terminé
févr. 03, 2015 5:07:58 PM org.apache.catalina.core.StandardContext reload
INFOS: Le rechargement du contexte [/LeNombreCache] a démarré
févr. 03, 2015 5:07:58 PM org.apache.catalina.core.StandardContext reload
INFOS: Le rechargement de ce contexte est terminé
févr. 03, 2015 5:08:16 PM org.apache.catalina.core.StandardContext reload
INFOS: Le rechargement du contexte [/LeNombreCache] a démarré
févr. 03, 2015 5:08:16 PM org.apache.catalina.core.StandardContext reload
INFOS: Le rechargement de ce contexte est terminé
févr. 03, 2015 5:15:41 PM org.apache.catalina.core.StandardContext reload
INFOS: Le rechargement du contexte [/ApliDataBase] a démarré
févr. 03, 2015 5:15:42 PM org.apache.catalina.core.StandardContext reload
INFOS: Le rechargement de ce contexte est terminé
févr. 03, 2015 5:21:24 PM org.apache.catalina.core.StandardContext reload
INFOS: Le rechargement du contexte [/LeNombreCache] a démarré
févr. 03, 2015 5:21:24 PM org.apache.catalina.core.StandardContext reload
INFOS: Le rechargement de ce contexte est terminé
févr. 03, 2015 5:21:39 PM org.apache.catalina.startup.HostConfig undeploy
INFOS: Repli (undeploy) de l'application web ayant pour chemin de contexte /LeNombreCache
févr. 03, 2015 5:21:39 PM org.apache.catalina.startup.HostConfig deployDescriptor
INFOS: Déploiement du descripteur de configuration /home/vivi/CCI/PL2/Serveur/apache-tomcat-7.0.57/conf/Catalina/localhost/LeNombreCache.xml
févr. 03, 2015 5:21:39 PM org.apache.catalina.startup.HostConfig deployDescriptor
INFOS: Deployment of configuration descriptor /home/vivi/CCI/PL2/Serveur/apache-tomcat-7.0.57/conf/Catalina/localhost/LeNombreCache.xml has finished in 232 ms
févr. 03, 2015 5:21:39 PM org.apache.catalina.util.LifecycleBase start
INFOS: The start() method was called on component [StandardEngine[Catalina].StandardHost[localhost].StandardContext[/LeNombreCache]] after start() had already been called. The second call will be ignored.
févr. 03, 2015 5:25:28 PM org.apache.catalina.startup.HostConfig undeploy
INFOS: Repli (undeploy) de l'application web ayant pour chemin de contexte /LeNombreCache
févr. 03, 2015 5:25:28 PM org.apache.catalina.startup.HostConfig deployDescriptor
INFOS: Déploiement du descripteur de configuration /home/vivi/CCI/PL2/Serveur/apache-tomcat-7.0.57/conf/Catalina/localhost/LeNombreCache.xml
févr. 03, 2015 5:25:29 PM org.apache.catalina.startup.HostConfig deployDescriptor
INFOS: Deployment of configuration descriptor /home/vivi/CCI/PL2/Serveur/apache-tomcat-7.0.57/conf/Catalina/localhost/LeNombreCache.xml has finished in 218 ms
févr. 03, 2015 5:25:29 PM org.apache.catalina.util.LifecycleBase start
INFOS: The start() method was called on component [StandardEngine[Catalina].StandardHost[localhost].StandardContext[/LeNombreCache]] after start() had already been called. The second call will be ignored.
févr. 03, 2015 5:28:03 PM org.apache.catalina.startup.HostConfig undeploy
INFOS: Repli (undeploy) de l'application web ayant pour chemin de contexte /LeNombreCache
févr. 03, 2015 5:28:03 PM org.apache.catalina.startup.HostConfig deployDescriptor
INFOS: Déploiement du descripteur de configuration /home/vivi/CCI/PL2/Serveur/apache-tomcat-7.0.57/conf/Catalina/localhost/LeNombreCache.xml
févr. 03, 2015 5:28:04 PM org.apache.catalina.startup.HostConfig deployDescriptor
INFOS: Deployment of configuration descriptor /home/vivi/CCI/PL2/Serveur/apache-tomcat-7.0.57/conf/Catalina/localhost/LeNombreCache.xml has finished in 179 ms
févr. 03, 2015 5:28:04 PM org.apache.catalina.util.LifecycleBase start
INFOS: The start() method was called on component [StandardEngine[Catalina].StandardHost[localhost].StandardContext[/LeNombreCache]] after start() had already been called. The second call will be ignored.
févr. 03, 2015 5:31:13 PM org.apache.catalina.core.StandardContext reload
INFOS: Le rechargement du contexte [/LeNombreCache] a démarré
févr. 03, 2015 5:31:13 PM org.apache.catalina.core.StandardContext reload
INFOS: Le rechargement de ce contexte est terminé
févr. 03, 2015 5:33:35 PM org.apache.catalina.startup.HostConfig undeploy
INFOS: Repli (undeploy) de l'application web ayant pour chemin de contexte /LeNombreCache
févr. 03, 2015 5:33:35 PM org.apache.catalina.startup.HostConfig deployDescriptor
INFOS: Déploiement du descripteur de configuration /home/vivi/CCI/PL2/Serveur/apache-tomcat-7.0.57/conf/Catalina/localhost/LeNombreCache.xml
févr. 03, 2015 5:33:35 PM org.apache.catalina.startup.HostConfig deployDescriptor
INFOS: Deployment of configuration descriptor /home/vivi/CCI/PL2/Serveur/apache-tomcat-7.0.57/conf/Catalina/localhost/LeNombreCache.xml has finished in 421 ms
févr. 03, 2015 5:33:36 PM org.apache.catalina.util.LifecycleBase start
INFOS: The start() method was called on component [StandardEngine[Catalina].StandardHost[localhost].StandardContext[/LeNombreCache]] after start() had already been called. The second call will be ignored.
févr. 03, 2015 5:33:36 PM org.apache.catalina.core.StandardContext reload
INFOS: Le rechargement du contexte [/LeNombreCache] a démarré
févr. 03, 2015 5:33:36 PM org.apache.catalina.core.StandardContext reload
INFOS: Le rechargement de ce contexte est terminé
févr. 03, 2015 5:33:54 PM org.apache.catalina.core.StandardContext reload
INFOS: Le rechargement du contexte [/LeNombreCache] a démarré
févr. 03, 2015 5:33:54 PM org.apache.catalina.core.StandardContext reload
INFOS: Le rechargement de ce contexte est terminé
févr. 03, 2015 5:39:44 PM org.apache.catalina.core.StandardContext reload
INFOS: Le rechargement du contexte [/LeNombreCache] a démarré
févr. 03, 2015 5:39:45 PM org.apache.catalina.core.StandardContext reload
INFOS: Le rechargement de ce contexte est terminé
févr. 03, 2015 5:40:42 PM org.apache.catalina.core.StandardServer await
INFOS: A valid shutdown command was received via the shutdown port. Stopping the Server instance.
févr. 03, 2015 5:40:42 PM org.apache.coyote.AbstractProtocol pause
INFOS: Pausing ProtocolHandler ["http-bio-8080"]
févr. 03, 2015 5:40:42 PM org.apache.coyote.AbstractProtocol pause
INFOS: Pausing ProtocolHandler ["ajp-bio-8009"]
févr. 03, 2015 5:40:42 PM org.apache.catalina.core.StandardService stopInternal
INFOS: Arrêt du service Catalina
févr. 03, 2015 5:40:42 PM org.apache.coyote.AbstractProtocol stop
INFOS: Stopping ProtocolHandler ["http-bio-8080"]
févr. 03, 2015 5:40:42 PM org.apache.coyote.AbstractProtocol stop
INFOS: Stopping ProtocolHandler ["ajp-bio-8009"]
févr. 03, 2015 5:40:42 PM org.apache.coyote.AbstractProtocol destroy
INFOS: Destroying ProtocolHandler ["http-bio-8080"]
févr. 03, 2015 5:40:42 PM org.apache.coyote.AbstractProtocol destroy
INFOS: Destroying ProtocolHandler ["ajp-bio-8009"]
