févr. 15, 2015 7:42:23 PM org.apache.catalina.startup.VersionLoggerListener log
INFOS: Server version:        Apache Tomcat/7.0.57
févr. 15, 2015 7:42:23 PM org.apache.catalina.startup.VersionLoggerListener log
INFOS: Server built:          Nov 3 2014 08:39:16 UTC
févr. 15, 2015 7:42:23 PM org.apache.catalina.startup.VersionLoggerListener log
INFOS: Server number:         7.0.57.0
févr. 15, 2015 7:42:23 PM org.apache.catalina.startup.VersionLoggerListener log
INFOS: OS Name:               Linux
févr. 15, 2015 7:42:23 PM org.apache.catalina.startup.VersionLoggerListener log
INFOS: OS Version:            3.16.0-30-generic
févr. 15, 2015 7:42:23 PM org.apache.catalina.startup.VersionLoggerListener log
INFOS: Architecture:          amd64
févr. 15, 2015 7:42:23 PM org.apache.catalina.startup.VersionLoggerListener log
INFOS: JAVA_HOME:             /usr/lib/jvm/java-7-oracle/jre
févr. 15, 2015 7:42:23 PM org.apache.catalina.startup.VersionLoggerListener log
INFOS: JVM Version:           1.7.0_76-b13
févr. 15, 2015 7:42:23 PM org.apache.catalina.startup.VersionLoggerListener log
INFOS: JVM Vendor:            Oracle Corporation
févr. 15, 2015 7:42:23 PM org.apache.catalina.startup.VersionLoggerListener log
INFOS: CATALINA_BASE:         /home/vivi/CCI/PL2/Serveur/apache-tomcat-7.0.57
févr. 15, 2015 7:42:23 PM org.apache.catalina.startup.VersionLoggerListener log
INFOS: CATALINA_HOME:         /home/vivi/CCI/PL2/Serveur/apache-tomcat-7.0.57
févr. 15, 2015 7:42:23 PM org.apache.catalina.startup.VersionLoggerListener log
INFOS: Command line argument: -Djava.util.logging.config.file=/home/vivi/CCI/PL2/Serveur/apache-tomcat-7.0.57/conf/logging.properties
févr. 15, 2015 7:42:23 PM org.apache.catalina.startup.VersionLoggerListener log
INFOS: Command line argument: -Djava.util.logging.manager=org.apache.juli.ClassLoaderLogManager
févr. 15, 2015 7:42:23 PM org.apache.catalina.startup.VersionLoggerListener log
INFOS: Command line argument: -Dhttp.nonProxyHosts=localhost|127.0.0.1|vivi-K50IE
févr. 15, 2015 7:42:23 PM org.apache.catalina.startup.VersionLoggerListener log
INFOS: Command line argument: -Djava.endorsed.dirs=/home/vivi/CCI/PL2/Serveur/apache-tomcat-7.0.57/endorsed
févr. 15, 2015 7:42:23 PM org.apache.catalina.startup.VersionLoggerListener log
INFOS: Command line argument: -Dcatalina.base=/home/vivi/CCI/PL2/Serveur/apache-tomcat-7.0.57
févr. 15, 2015 7:42:23 PM org.apache.catalina.startup.VersionLoggerListener log
INFOS: Command line argument: -Dcatalina.home=/home/vivi/CCI/PL2/Serveur/apache-tomcat-7.0.57
févr. 15, 2015 7:42:23 PM org.apache.catalina.startup.VersionLoggerListener log
INFOS: Command line argument: -Djava.io.tmpdir=/home/vivi/CCI/PL2/Serveur/apache-tomcat-7.0.57/temp
févr. 15, 2015 7:42:23 PM org.apache.catalina.core.AprLifecycleListener lifecycleEvent
INFOS: The APR based Apache Tomcat Native library which allows optimal performance in production environments was not found on the java.library.path: /usr/lib/jvm/java-7-oracle/jre/lib/amd64:/usr/lib/jvm/java-7-oracle/jre/lib/i386::/usr/java/packages/lib/amd64:/usr/lib64:/lib64:/lib:/usr/lib
févr. 15, 2015 7:42:24 PM org.apache.coyote.AbstractProtocol init
INFOS: Initializing ProtocolHandler ["http-bio-8080"]
févr. 15, 2015 7:42:24 PM org.apache.coyote.AbstractProtocol init
INFOS: Initializing ProtocolHandler ["ajp-bio-8009"]
févr. 15, 2015 7:42:24 PM org.apache.catalina.startup.Catalina load
INFOS: Initialization processed in 4691 ms
févr. 15, 2015 7:42:25 PM org.apache.catalina.core.StandardService startInternal
INFOS: Démarrage du service Catalina
févr. 15, 2015 7:42:25 PM org.apache.catalina.core.StandardEngine startInternal
INFOS: Starting Servlet Engine: Apache Tomcat/7.0.57
févr. 15, 2015 7:42:25 PM org.apache.catalina.startup.HostConfig deployDescriptor
INFOS: Déploiement du descripteur de configuration /home/vivi/CCI/PL2/Serveur/apache-tomcat-7.0.57/conf/Catalina/localhost/AppliCafeV2.xml
févr. 15, 2015 7:42:27 PM org.apache.catalina.deploy.WebXml setVersion
AVERTISSEMENT: Unknown version string [3.1]. Default version will be used.
févr. 15, 2015 7:42:30 PM org.apache.catalina.util.SessionIdGenerator createSecureRandom
INFOS: Creation of SecureRandom instance for session ID generation using [SHA1PRNG] took [201] milliseconds.
févr. 15, 2015 7:42:30 PM org.apache.catalina.startup.HostConfig deployDescriptor
INFOS: Deployment of configuration descriptor /home/vivi/CCI/PL2/Serveur/apache-tomcat-7.0.57/conf/Catalina/localhost/AppliCafeV2.xml has finished in 4 730 ms
févr. 15, 2015 7:42:30 PM org.apache.catalina.startup.HostConfig deployDescriptor
INFOS: Déploiement du descripteur de configuration /home/vivi/CCI/PL2/Serveur/apache-tomcat-7.0.57/conf/Catalina/localhost/AppliCafeV3.xml
févr. 15, 2015 7:42:30 PM org.apache.catalina.deploy.WebXml setVersion
AVERTISSEMENT: Unknown version string [3.1]. Default version will be used.
févr. 15, 2015 7:42:32 PM org.apache.catalina.startup.HostConfig deployDescriptor
INFOS: Deployment of configuration descriptor /home/vivi/CCI/PL2/Serveur/apache-tomcat-7.0.57/conf/Catalina/localhost/AppliCafeV3.xml has finished in 1 611 ms
févr. 15, 2015 7:42:32 PM org.apache.catalina.startup.HostConfig deployDescriptor
INFOS: Déploiement du descripteur de configuration /home/vivi/CCI/PL2/Serveur/apache-tomcat-7.0.57/conf/Catalina/localhost/AppliCafeV1.xml
févr. 15, 2015 7:42:32 PM org.apache.catalina.deploy.WebXml setVersion
AVERTISSEMENT: Unknown version string [3.1]. Default version will be used.
févr. 15, 2015 7:42:33 PM org.apache.catalina.startup.HostConfig deployDescriptor
INFOS: Deployment of configuration descriptor /home/vivi/CCI/PL2/Serveur/apache-tomcat-7.0.57/conf/Catalina/localhost/AppliCafeV1.xml has finished in 1 229 ms
févr. 15, 2015 7:42:33 PM org.apache.catalina.startup.HostConfig deployDescriptor
INFOS: Déploiement du descripteur de configuration /home/vivi/CCI/PL2/Serveur/apache-tomcat-7.0.57/conf/Catalina/localhost/ApliDataBase.xml
févr. 15, 2015 7:42:34 PM org.apache.catalina.startup.HostConfig deployDescriptor
INFOS: Deployment of configuration descriptor /home/vivi/CCI/PL2/Serveur/apache-tomcat-7.0.57/conf/Catalina/localhost/ApliDataBase.xml has finished in 1 134 ms
févr. 15, 2015 7:42:34 PM org.apache.catalina.startup.HostConfig deployDescriptor
INFOS: Déploiement du descripteur de configuration /home/vivi/CCI/PL2/Serveur/apache-tomcat-7.0.57/conf/Catalina/localhost/AppliCafes.xml
févr. 15, 2015 7:42:36 PM org.apache.catalina.startup.HostConfig deployDescriptor
INFOS: Deployment of configuration descriptor /home/vivi/CCI/PL2/Serveur/apache-tomcat-7.0.57/conf/Catalina/localhost/AppliCafes.xml has finished in 2 036 ms
févr. 15, 2015 7:42:36 PM org.apache.catalina.startup.HostConfig deployDescriptor
INFOS: Déploiement du descripteur de configuration /home/vivi/CCI/PL2/Serveur/apache-tomcat-7.0.57/conf/Catalina/localhost/LeNombreCache.xml
févr. 15, 2015 7:42:37 PM org.apache.catalina.startup.HostConfig deployDescriptor
INFOS: Deployment of configuration descriptor /home/vivi/CCI/PL2/Serveur/apache-tomcat-7.0.57/conf/Catalina/localhost/LeNombreCache.xml has finished in 1 346 ms
févr. 15, 2015 7:42:37 PM org.apache.catalina.startup.HostConfig deployDescriptor
INFOS: Déploiement du descripteur de configuration /home/vivi/CCI/PL2/Serveur/apache-tomcat-7.0.57/conf/Catalina/localhost/WebApplication1.xml
févr. 15, 2015 7:42:38 PM org.apache.catalina.startup.HostConfig deployDescriptor
INFOS: Deployment of configuration descriptor /home/vivi/CCI/PL2/Serveur/apache-tomcat-7.0.57/conf/Catalina/localhost/WebApplication1.xml has finished in 949 ms
févr. 15, 2015 7:42:38 PM org.apache.catalina.startup.HostConfig deployDirectory
INFOS: Déploiement du répertoire /home/vivi/CCI/PL2/Serveur/apache-tomcat-7.0.57/webapps/examples de l'application web
févr. 15, 2015 7:42:40 PM org.apache.catalina.startup.HostConfig deployDirectory
INFOS: Deployment of web application directory /home/vivi/CCI/PL2/Serveur/apache-tomcat-7.0.57/webapps/examples has finished in 2 138 ms
févr. 15, 2015 7:42:40 PM org.apache.catalina.startup.HostConfig deployDirectory
INFOS: Déploiement du répertoire /home/vivi/CCI/PL2/Serveur/apache-tomcat-7.0.57/webapps/ROOT de l'application web
févr. 15, 2015 7:42:41 PM org.apache.catalina.startup.HostConfig deployDirectory
INFOS: Deployment of web application directory /home/vivi/CCI/PL2/Serveur/apache-tomcat-7.0.57/webapps/ROOT has finished in 502 ms
févr. 15, 2015 7:42:41 PM org.apache.catalina.startup.HostConfig deployDirectory
INFOS: Déploiement du répertoire /home/vivi/CCI/PL2/Serveur/apache-tomcat-7.0.57/webapps/manager de l'application web
févr. 15, 2015 7:42:42 PM org.apache.catalina.startup.HostConfig deployDirectory
INFOS: Deployment of web application directory /home/vivi/CCI/PL2/Serveur/apache-tomcat-7.0.57/webapps/manager has finished in 659 ms
févr. 15, 2015 7:42:42 PM org.apache.catalina.startup.HostConfig deployDirectory
INFOS: Déploiement du répertoire /home/vivi/CCI/PL2/Serveur/apache-tomcat-7.0.57/webapps/host-manager de l'application web
févr. 15, 2015 7:42:42 PM org.apache.catalina.startup.HostConfig deployDirectory
INFOS: Deployment of web application directory /home/vivi/CCI/PL2/Serveur/apache-tomcat-7.0.57/webapps/host-manager has finished in 319 ms
févr. 15, 2015 7:42:42 PM org.apache.catalina.startup.HostConfig deployDirectory
INFOS: Déploiement du répertoire /home/vivi/CCI/PL2/Serveur/apache-tomcat-7.0.57/webapps/docs de l'application web
févr. 15, 2015 7:42:42 PM org.apache.catalina.startup.HostConfig deployDirectory
INFOS: Deployment of web application directory /home/vivi/CCI/PL2/Serveur/apache-tomcat-7.0.57/webapps/docs has finished in 476 ms
févr. 15, 2015 7:42:42 PM org.apache.coyote.AbstractProtocol start
INFOS: Starting ProtocolHandler ["http-bio-8080"]
févr. 15, 2015 7:42:43 PM org.apache.coyote.AbstractProtocol start
INFOS: Starting ProtocolHandler ["ajp-bio-8009"]
févr. 15, 2015 7:42:43 PM org.apache.catalina.startup.Catalina start
INFOS: Server startup in 18179 ms
févr. 15, 2015 7:42:55 PM org.apache.catalina.startup.HostConfig deployDescriptor
INFOS: Déploiement du descripteur de configuration /home/vivi/CCI/PL2/Serveur/apache-tomcat-7.0.57/conf/Catalina/localhost/test.xml
févr. 15, 2015 7:42:56 PM org.apache.catalina.startup.HostConfig deployDescriptor
INFOS: Deployment of configuration descriptor /home/vivi/CCI/PL2/Serveur/apache-tomcat-7.0.57/conf/Catalina/localhost/test.xml has finished in 670 ms
févr. 15, 2015 7:42:56 PM org.apache.catalina.util.LifecycleBase start
INFOS: The start() method was called on component [StandardEngine[Catalina].StandardHost[localhost].StandardContext[/test]] after start() had already been called. The second call will be ignored.
févr. 15, 2015 7:54:42 PM org.apache.catalina.startup.HostConfig deployDescriptor
INFOS: Déploiement du descripteur de configuration /home/vivi/CCI/PL2/Serveur/apache-tomcat-7.0.57/conf/Catalina/localhost/AppliCafeV4_1.xml
févr. 15, 2015 7:54:42 PM org.apache.catalina.deploy.WebXml setVersion
AVERTISSEMENT: Unknown version string [3.1]. Default version will be used.
févr. 15, 2015 7:54:43 PM org.apache.catalina.startup.HostConfig deployDescriptor
INFOS: Deployment of configuration descriptor /home/vivi/CCI/PL2/Serveur/apache-tomcat-7.0.57/conf/Catalina/localhost/AppliCafeV4_1.xml has finished in 1 059 ms
févr. 15, 2015 7:54:43 PM org.apache.catalina.util.LifecycleBase start
INFOS: The start() method was called on component [StandardEngine[Catalina].StandardHost[localhost].StandardContext[/AppliCafeV4_1]] after start() had already been called. The second call will be ignored.
févr. 15, 2015 7:58:01 PM org.apache.catalina.core.StandardServer await
INFOS: A valid shutdown command was received via the shutdown port. Stopping the Server instance.
févr. 15, 2015 7:58:01 PM org.apache.coyote.AbstractProtocol pause
INFOS: Pausing ProtocolHandler ["http-bio-8080"]
févr. 15, 2015 7:58:01 PM org.apache.coyote.AbstractProtocol pause
INFOS: Pausing ProtocolHandler ["ajp-bio-8009"]
févr. 15, 2015 7:58:01 PM org.apache.catalina.core.StandardService stopInternal
INFOS: Arrêt du service Catalina
févr. 15, 2015 7:58:02 PM org.apache.catalina.loader.WebappClassLoader checkThreadLocalMapForLeaks
GRAVE: The web application [/AppliCafeV1] created a ThreadLocal with key of type [java.lang.ThreadLocal] (value [java.lang.ThreadLocal@4becf0b8]) and a value of type [java.lang.Class] (value [class oracle.sql.AnyDataFactory]) but failed to remove it when the web application was stopped. Threads are going to be renewed over time to try and avoid a probable memory leak.
févr. 15, 2015 7:58:02 PM org.apache.catalina.loader.WebappClassLoader checkThreadLocalMapForLeaks
GRAVE: The web application [/AppliCafeV1] created a ThreadLocal with key of type [java.lang.ThreadLocal] (value [java.lang.ThreadLocal@30afe6f9]) and a value of type [java.lang.Class] (value [class oracle.sql.TypeDescriptorFactory]) but failed to remove it when the web application was stopped. Threads are going to be renewed over time to try and avoid a probable memory leak.
févr. 15, 2015 7:58:03 PM org.apache.catalina.loader.WebappClassLoader checkThreadLocalMapForLeaks
GRAVE: The web application [/AppliCafes] created a ThreadLocal with key of type [java.lang.ThreadLocal] (value [java.lang.ThreadLocal@7da1b458]) and a value of type [java.lang.Class] (value [class oracle.sql.AnyDataFactory]) but failed to remove it when the web application was stopped. Threads are going to be renewed over time to try and avoid a probable memory leak.
févr. 15, 2015 7:58:03 PM org.apache.catalina.loader.WebappClassLoader checkThreadLocalMapForLeaks
GRAVE: The web application [/AppliCafes] created a ThreadLocal with key of type [java.lang.ThreadLocal] (value [java.lang.ThreadLocal@3473dd8]) and a value of type [java.lang.Class] (value [class oracle.sql.TypeDescriptorFactory]) but failed to remove it when the web application was stopped. Threads are going to be renewed over time to try and avoid a probable memory leak.
févr. 15, 2015 7:58:03 PM org.apache.catalina.loader.WebappClassLoader checkThreadLocalMapForLeaks
GRAVE: The web application [/ApliDataBase] created a ThreadLocal with key of type [java.lang.ThreadLocal] (value [java.lang.ThreadLocal@15ff6c16]) and a value of type [java.lang.Class] (value [class oracle.sql.AnyDataFactory]) but failed to remove it when the web application was stopped. Threads are going to be renewed over time to try and avoid a probable memory leak.
févr. 15, 2015 7:58:03 PM org.apache.catalina.loader.WebappClassLoader checkThreadLocalMapForLeaks
GRAVE: The web application [/ApliDataBase] created a ThreadLocal with key of type [java.lang.ThreadLocal] (value [java.lang.ThreadLocal@341123a2]) and a value of type [java.lang.Class] (value [class oracle.sql.TypeDescriptorFactory]) but failed to remove it when the web application was stopped. Threads are going to be renewed over time to try and avoid a probable memory leak.
févr. 15, 2015 7:58:03 PM org.apache.coyote.AbstractProtocol stop
INFOS: Stopping ProtocolHandler ["http-bio-8080"]
févr. 15, 2015 7:58:03 PM org.apache.coyote.AbstractProtocol stop
INFOS: Stopping ProtocolHandler ["ajp-bio-8009"]
févr. 15, 2015 7:58:03 PM org.apache.coyote.AbstractProtocol destroy
INFOS: Destroying ProtocolHandler ["http-bio-8080"]
févr. 15, 2015 7:58:03 PM org.apache.coyote.AbstractProtocol destroy
INFOS: Destroying ProtocolHandler ["ajp-bio-8009"]
