févr. 11, 2015 10:32:36 AM org.apache.catalina.startup.VersionLoggerListener log
INFOS: Server version:        Apache Tomcat/7.0.57
févr. 11, 2015 10:32:36 AM org.apache.catalina.startup.VersionLoggerListener log
INFOS: Server built:          Nov 3 2014 08:39:16 UTC
févr. 11, 2015 10:32:36 AM org.apache.catalina.startup.VersionLoggerListener log
INFOS: Server number:         7.0.57.0
févr. 11, 2015 10:32:36 AM org.apache.catalina.startup.VersionLoggerListener log
INFOS: OS Name:               Linux
févr. 11, 2015 10:32:36 AM org.apache.catalina.startup.VersionLoggerListener log
INFOS: OS Version:            3.16.0-30-generic
févr. 11, 2015 10:32:36 AM org.apache.catalina.startup.VersionLoggerListener log
INFOS: Architecture:          amd64
févr. 11, 2015 10:32:36 AM org.apache.catalina.startup.VersionLoggerListener log
INFOS: JAVA_HOME:             /usr/lib/jvm/java-7-oracle/jre
févr. 11, 2015 10:32:36 AM org.apache.catalina.startup.VersionLoggerListener log
INFOS: JVM Version:           1.7.0_76-b13
févr. 11, 2015 10:32:36 AM org.apache.catalina.startup.VersionLoggerListener log
INFOS: JVM Vendor:            Oracle Corporation
févr. 11, 2015 10:32:36 AM org.apache.catalina.startup.VersionLoggerListener log
INFOS: CATALINA_BASE:         /home/vivi/CCI/PL2/Serveur/apache-tomcat-7.0.57
févr. 11, 2015 10:32:36 AM org.apache.catalina.startup.VersionLoggerListener log
INFOS: CATALINA_HOME:         /home/vivi/CCI/PL2/Serveur/apache-tomcat-7.0.57
févr. 11, 2015 10:32:36 AM org.apache.catalina.startup.VersionLoggerListener log
INFOS: Command line argument: -Djava.util.logging.config.file=/home/vivi/CCI/PL2/Serveur/apache-tomcat-7.0.57/conf/logging.properties
févr. 11, 2015 10:32:36 AM org.apache.catalina.startup.VersionLoggerListener log
INFOS: Command line argument: -Djava.util.logging.manager=org.apache.juli.ClassLoaderLogManager
févr. 11, 2015 10:32:36 AM org.apache.catalina.startup.VersionLoggerListener log
INFOS: Command line argument: -Dhttp.nonProxyHosts=localhost|127.0.0.1|vivi-K50IE
févr. 11, 2015 10:32:36 AM org.apache.catalina.startup.VersionLoggerListener log
INFOS: Command line argument: -Djava.endorsed.dirs=/home/vivi/CCI/PL2/Serveur/apache-tomcat-7.0.57/endorsed
févr. 11, 2015 10:32:36 AM org.apache.catalina.startup.VersionLoggerListener log
INFOS: Command line argument: -Dcatalina.base=/home/vivi/CCI/PL2/Serveur/apache-tomcat-7.0.57
févr. 11, 2015 10:32:36 AM org.apache.catalina.startup.VersionLoggerListener log
INFOS: Command line argument: -Dcatalina.home=/home/vivi/CCI/PL2/Serveur/apache-tomcat-7.0.57
févr. 11, 2015 10:32:36 AM org.apache.catalina.startup.VersionLoggerListener log
INFOS: Command line argument: -Djava.io.tmpdir=/home/vivi/CCI/PL2/Serveur/apache-tomcat-7.0.57/temp
févr. 11, 2015 10:32:36 AM org.apache.catalina.core.AprLifecycleListener lifecycleEvent
INFOS: The APR based Apache Tomcat Native library which allows optimal performance in production environments was not found on the java.library.path: /usr/lib/jvm/java-7-oracle/jre/lib/amd64:/usr/lib/jvm/java-7-oracle/jre/lib/i386::/usr/java/packages/lib/amd64:/usr/lib64:/lib64:/lib:/usr/lib
févr. 11, 2015 10:32:38 AM org.apache.coyote.AbstractProtocol init
INFOS: Initializing ProtocolHandler ["http-bio-8080"]
févr. 11, 2015 10:32:38 AM org.apache.coyote.AbstractProtocol init
INFOS: Initializing ProtocolHandler ["ajp-bio-8009"]
févr. 11, 2015 10:32:38 AM org.apache.catalina.startup.Catalina load
INFOS: Initialization processed in 6392 ms
févr. 11, 2015 10:32:39 AM org.apache.catalina.core.StandardService startInternal
INFOS: Démarrage du service Catalina
févr. 11, 2015 10:32:39 AM org.apache.catalina.core.StandardEngine startInternal
INFOS: Starting Servlet Engine: Apache Tomcat/7.0.57
févr. 11, 2015 10:32:39 AM org.apache.catalina.startup.HostConfig deployDescriptor
INFOS: Déploiement du descripteur de configuration /home/vivi/CCI/PL2/Serveur/apache-tomcat-7.0.57/conf/Catalina/localhost/AppliCafeV2.xml
févr. 11, 2015 10:32:40 AM org.apache.catalina.deploy.WebXml setVersion
AVERTISSEMENT: Unknown version string [3.1]. Default version will be used.
févr. 11, 2015 10:32:43 AM org.apache.catalina.startup.HostConfig deployDescriptor
INFOS: Deployment of configuration descriptor /home/vivi/CCI/PL2/Serveur/apache-tomcat-7.0.57/conf/Catalina/localhost/AppliCafeV2.xml has finished in 4 271 ms
févr. 11, 2015 10:32:43 AM org.apache.catalina.startup.HostConfig deployDescriptor
INFOS: Déploiement du descripteur de configuration /home/vivi/CCI/PL2/Serveur/apache-tomcat-7.0.57/conf/Catalina/localhost/AppliCafeV3.xml
févr. 11, 2015 10:32:43 AM org.apache.catalina.deploy.WebXml setVersion
AVERTISSEMENT: Unknown version string [3.1]. Default version will be used.
févr. 11, 2015 10:32:44 AM org.apache.catalina.startup.HostConfig deployDescriptor
INFOS: Deployment of configuration descriptor /home/vivi/CCI/PL2/Serveur/apache-tomcat-7.0.57/conf/Catalina/localhost/AppliCafeV3.xml has finished in 1 249 ms
févr. 11, 2015 10:32:44 AM org.apache.catalina.startup.HostConfig deployDescriptor
INFOS: Déploiement du descripteur de configuration /home/vivi/CCI/PL2/Serveur/apache-tomcat-7.0.57/conf/Catalina/localhost/AppliCafeV1.xml
févr. 11, 2015 10:32:45 AM org.apache.catalina.deploy.WebXml setVersion
AVERTISSEMENT: Unknown version string [3.1]. Default version will be used.
févr. 11, 2015 10:32:46 AM org.apache.catalina.startup.HostConfig deployDescriptor
INFOS: Deployment of configuration descriptor /home/vivi/CCI/PL2/Serveur/apache-tomcat-7.0.57/conf/Catalina/localhost/AppliCafeV1.xml has finished in 1 475 ms
févr. 11, 2015 10:32:46 AM org.apache.catalina.startup.HostConfig deployDescriptor
INFOS: Déploiement du descripteur de configuration /home/vivi/CCI/PL2/Serveur/apache-tomcat-7.0.57/conf/Catalina/localhost/ApliDataBase.xml
févr. 11, 2015 10:32:47 AM org.apache.catalina.startup.HostConfig deployDescriptor
INFOS: Deployment of configuration descriptor /home/vivi/CCI/PL2/Serveur/apache-tomcat-7.0.57/conf/Catalina/localhost/ApliDataBase.xml has finished in 1 456 ms
févr. 11, 2015 10:32:47 AM org.apache.catalina.startup.HostConfig deployDescriptor
INFOS: Déploiement du descripteur de configuration /home/vivi/CCI/PL2/Serveur/apache-tomcat-7.0.57/conf/Catalina/localhost/AppliCafes.xml
févr. 11, 2015 10:32:49 AM org.apache.catalina.startup.HostConfig deployDescriptor
INFOS: Deployment of configuration descriptor /home/vivi/CCI/PL2/Serveur/apache-tomcat-7.0.57/conf/Catalina/localhost/AppliCafes.xml has finished in 1 481 ms
févr. 11, 2015 10:32:49 AM org.apache.catalina.startup.HostConfig deployDescriptor
INFOS: Déploiement du descripteur de configuration /home/vivi/CCI/PL2/Serveur/apache-tomcat-7.0.57/conf/Catalina/localhost/LeNombreCache.xml
févr. 11, 2015 10:32:50 AM org.apache.catalina.startup.HostConfig deployDescriptor
INFOS: Deployment of configuration descriptor /home/vivi/CCI/PL2/Serveur/apache-tomcat-7.0.57/conf/Catalina/localhost/LeNombreCache.xml has finished in 1 054 ms
févr. 11, 2015 10:32:50 AM org.apache.catalina.startup.HostConfig deployDescriptor
INFOS: Déploiement du descripteur de configuration /home/vivi/CCI/PL2/Serveur/apache-tomcat-7.0.57/conf/Catalina/localhost/WebApplication1.xml
févr. 11, 2015 10:32:51 AM org.apache.catalina.startup.HostConfig deployDescriptor
INFOS: Deployment of configuration descriptor /home/vivi/CCI/PL2/Serveur/apache-tomcat-7.0.57/conf/Catalina/localhost/WebApplication1.xml has finished in 1 021 ms
févr. 11, 2015 10:32:51 AM org.apache.catalina.startup.HostConfig deployDirectory
INFOS: Déploiement du répertoire /home/vivi/CCI/PL2/Serveur/apache-tomcat-7.0.57/webapps/examples de l'application web
févr. 11, 2015 10:32:55 AM org.apache.catalina.startup.HostConfig deployDirectory
INFOS: Deployment of web application directory /home/vivi/CCI/PL2/Serveur/apache-tomcat-7.0.57/webapps/examples has finished in 3 676 ms
févr. 11, 2015 10:32:55 AM org.apache.catalina.startup.HostConfig deployDirectory
INFOS: Déploiement du répertoire /home/vivi/CCI/PL2/Serveur/apache-tomcat-7.0.57/webapps/ROOT de l'application web
févr. 11, 2015 10:32:55 AM org.apache.catalina.startup.HostConfig deployDirectory
INFOS: Deployment of web application directory /home/vivi/CCI/PL2/Serveur/apache-tomcat-7.0.57/webapps/ROOT has finished in 792 ms
févr. 11, 2015 10:32:55 AM org.apache.catalina.startup.HostConfig deployDirectory
INFOS: Déploiement du répertoire /home/vivi/CCI/PL2/Serveur/apache-tomcat-7.0.57/webapps/manager de l'application web
févr. 11, 2015 10:32:56 AM org.apache.catalina.startup.HostConfig deployDirectory
INFOS: Deployment of web application directory /home/vivi/CCI/PL2/Serveur/apache-tomcat-7.0.57/webapps/manager has finished in 762 ms
févr. 11, 2015 10:32:56 AM org.apache.catalina.startup.HostConfig deployDirectory
INFOS: Déploiement du répertoire /home/vivi/CCI/PL2/Serveur/apache-tomcat-7.0.57/webapps/host-manager de l'application web
févr. 11, 2015 10:32:57 AM org.apache.catalina.startup.HostConfig deployDirectory
INFOS: Deployment of web application directory /home/vivi/CCI/PL2/Serveur/apache-tomcat-7.0.57/webapps/host-manager has finished in 557 ms
févr. 11, 2015 10:32:57 AM org.apache.catalina.startup.HostConfig deployDirectory
INFOS: Déploiement du répertoire /home/vivi/CCI/PL2/Serveur/apache-tomcat-7.0.57/webapps/docs de l'application web
févr. 11, 2015 10:32:57 AM org.apache.catalina.startup.HostConfig deployDirectory
INFOS: Deployment of web application directory /home/vivi/CCI/PL2/Serveur/apache-tomcat-7.0.57/webapps/docs has finished in 645 ms
févr. 11, 2015 10:32:57 AM org.apache.coyote.AbstractProtocol start
INFOS: Starting ProtocolHandler ["http-bio-8080"]
févr. 11, 2015 10:32:57 AM org.apache.coyote.AbstractProtocol start
INFOS: Starting ProtocolHandler ["ajp-bio-8009"]
févr. 11, 2015 10:32:58 AM org.apache.catalina.startup.Catalina start
INFOS: Server startup in 19428 ms
févr. 11, 2015 11:16:04 AM org.apache.catalina.core.StandardServer await
INFOS: A valid shutdown command was received via the shutdown port. Stopping the Server instance.
févr. 11, 2015 11:16:04 AM org.apache.coyote.AbstractProtocol pause
INFOS: Pausing ProtocolHandler ["http-bio-8080"]
févr. 11, 2015 11:16:05 AM org.apache.coyote.AbstractProtocol pause
INFOS: Pausing ProtocolHandler ["ajp-bio-8009"]
févr. 11, 2015 11:16:05 AM org.apache.catalina.core.StandardService stopInternal
INFOS: Arrêt du service Catalina
févr. 11, 2015 11:16:05 AM org.apache.coyote.AbstractProtocol stop
INFOS: Stopping ProtocolHandler ["http-bio-8080"]
févr. 11, 2015 11:16:05 AM org.apache.coyote.AbstractProtocol stop
INFOS: Stopping ProtocolHandler ["ajp-bio-8009"]
févr. 11, 2015 11:16:05 AM org.apache.coyote.AbstractProtocol destroy
INFOS: Destroying ProtocolHandler ["http-bio-8080"]
févr. 11, 2015 11:16:05 AM org.apache.coyote.AbstractProtocol destroy
INFOS: Destroying ProtocolHandler ["ajp-bio-8009"]
