févr. 09, 2015 4:59:57 PM org.apache.catalina.core.ApplicationContext log
INFOS: ContextListener: contextInitialized()
févr. 09, 2015 4:59:57 PM org.apache.catalina.core.ApplicationContext log
INFOS: SessionListener: contextInitialized()
févr. 09, 2015 4:59:57 PM org.apache.catalina.core.ApplicationContext log
INFOS: ContextListener: attributeAdded('org.apache.jasper.compiler.TldLocationsCache', 'org.apache.jasper.compiler.TldLocationsCache@2e781d9e')
févr. 09, 2015 5:05:09 PM org.apache.catalina.core.ApplicationContext log
INFOS: initialisationServlts: INFO nb = 67
févr. 09, 2015 5:06:21 PM org.apache.catalina.core.ApplicationContext log
INFOS: initialisationServlts: INFO nb = 818
févr. 09, 2015 5:07:11 PM org.apache.catalina.core.ApplicationContext log
INFOS: initialisationServlts: INFO nb = 255
févr. 09, 2015 5:08:13 PM org.apache.catalina.core.ApplicationContext log
INFOS: initialisationServlts: INFO nb = 253
févr. 09, 2015 5:09:10 PM org.apache.catalina.core.ApplicationContext log
INFOS: initialisationServlts: INFO nb = 197
févr. 09, 2015 5:09:45 PM org.apache.catalina.core.ApplicationContext log
INFOS: initialisationServlts: INFO nb = 444
févr. 09, 2015 5:10:30 PM org.apache.catalina.core.ApplicationContext log
INFOS: initialisationServlts: INFO nb = 264
févr. 09, 2015 5:10:54 PM org.apache.catalina.core.ApplicationContext log
INFOS: initialisationServlts: INFO nb = 912
févr. 09, 2015 7:41:17 PM org.apache.catalina.core.ApplicationContext log
INFOS: initialisationServlts: INFO nb = 959
févr. 09, 2015 7:50:03 PM org.apache.catalina.core.ApplicationContext log
INFOS: SessionListener: contextDestroyed()
févr. 09, 2015 7:50:03 PM org.apache.catalina.core.ApplicationContext log
INFOS: ContextListener: contextDestroyed()
