févr. 16, 2015 2:05:58 PM org.apache.catalina.core.ApplicationContext log
INFOS: ContextListener: contextInitialized()
févr. 16, 2015 2:05:58 PM org.apache.catalina.core.ApplicationContext log
INFOS: SessionListener: contextInitialized()
févr. 16, 2015 2:05:58 PM org.apache.catalina.core.ApplicationContext log
INFOS: ContextListener: attributeAdded('org.apache.jasper.compiler.TldLocationsCache', 'org.apache.jasper.compiler.TldLocationsCache@289c0574')
févr. 16, 2015 2:09:59 PM org.apache.catalina.core.ApplicationContext log
INFOS: SessionListener: contextDestroyed()
févr. 16, 2015 2:09:59 PM org.apache.catalina.core.ApplicationContext log
INFOS: ContextListener: contextDestroyed()
févr. 16, 2015 2:11:09 PM org.apache.catalina.core.ApplicationContext log
INFOS: ContextListener: contextInitialized()
févr. 16, 2015 2:11:09 PM org.apache.catalina.core.ApplicationContext log
INFOS: SessionListener: contextInitialized()
févr. 16, 2015 2:11:09 PM org.apache.catalina.core.ApplicationContext log
INFOS: ContextListener: attributeAdded('org.apache.jasper.compiler.TldLocationsCache', 'org.apache.jasper.compiler.TldLocationsCache@4d21cbd6')
févr. 16, 2015 3:10:20 PM org.apache.catalina.core.ApplicationContext log
INFOS: SessionListener: contextDestroyed()
févr. 16, 2015 3:10:20 PM org.apache.catalina.core.ApplicationContext log
INFOS: ContextListener: contextDestroyed()
