févr. 23, 2015 5:04:57 PM org.apache.catalina.core.ApplicationContext log
INFOS: Manager: init: Associated with Deployer 'Catalina:type=Deployer,host=localhost'
févr. 23, 2015 5:04:57 PM org.apache.catalina.core.ApplicationContext log
INFOS: Manager: init: Global resources are available
févr. 23, 2015 5:04:58 PM org.apache.catalina.core.ApplicationContext log
INFOS: Manager: list: Listing contexts for virtual host 'localhost'
févr. 23, 2015 5:04:58 PM org.apache.catalina.core.ApplicationContext log
INFOS: Manager: list: Listing contexts for virtual host 'localhost'
févr. 23, 2015 5:22:43 PM org.apache.catalina.core.ApplicationContext log
INFOS: Manager: list: Listing contexts for virtual host 'localhost'
févr. 23, 2015 5:22:43 PM org.apache.catalina.core.ApplicationContext log
INFOS: Manager: list: Listing contexts for virtual host 'localhost'
févr. 23, 2015 5:28:03 PM org.apache.catalina.core.ApplicationContext log
INFOS: Manager: list: Listing contexts for virtual host 'localhost'
févr. 23, 2015 5:28:03 PM org.apache.catalina.core.ApplicationContext log
INFOS: Manager: list: Listing contexts for virtual host 'localhost'
févr. 23, 2015 5:28:08 PM org.apache.catalina.core.ApplicationContext log
INFOS: Manager: list: Listing contexts for virtual host 'localhost'
févr. 23, 2015 5:28:08 PM org.apache.catalina.core.ApplicationContext log
INFOS: Manager: list: Listing contexts for virtual host 'localhost'
févr. 23, 2015 5:28:35 PM org.apache.catalina.core.ApplicationContext log
INFOS: Manager: list: Listing contexts for virtual host 'localhost'
févr. 23, 2015 5:28:35 PM org.apache.catalina.core.ApplicationContext log
INFOS: Manager: list: Listing contexts for virtual host 'localhost'
févr. 23, 2015 5:30:55 PM org.apache.catalina.core.ApplicationContext log
INFOS: Manager: list: Listing contexts for virtual host 'localhost'
févr. 23, 2015 5:30:56 PM org.apache.catalina.core.ApplicationContext log
INFOS: Manager: list: Listing contexts for virtual host 'localhost'
févr. 23, 2015 5:38:23 PM org.apache.catalina.core.ApplicationContext log
INFOS: Manager: list: Listing contexts for virtual host 'localhost'
févr. 23, 2015 5:38:24 PM org.apache.catalina.core.ApplicationContext log
INFOS: Manager: list: Listing contexts for virtual host 'localhost'
févr. 23, 2015 5:39:02 PM org.apache.catalina.core.ApplicationContext log
INFOS: Manager: list: Listing contexts for virtual host 'localhost'
févr. 23, 2015 5:39:02 PM org.apache.catalina.core.ApplicationContext log
INFOS: Manager: list: Listing contexts for virtual host 'localhost'
févr. 23, 2015 5:39:23 PM org.apache.catalina.core.ApplicationContext log
INFOS: Manager: list: Listing contexts for virtual host 'localhost'
févr. 23, 2015 5:39:24 PM org.apache.catalina.core.ApplicationContext log
INFOS: Manager: list: Listing contexts for virtual host 'localhost'
févr. 23, 2015 5:39:43 PM org.apache.catalina.core.ApplicationContext log
INFOS: Manager: list: Listing contexts for virtual host 'localhost'
févr. 23, 2015 5:39:43 PM org.apache.catalina.core.ApplicationContext log
INFOS: Manager: list: Listing contexts for virtual host 'localhost'
févr. 23, 2015 5:40:41 PM org.apache.catalina.core.ApplicationContext log
INFOS: Manager: list: Listing contexts for virtual host 'localhost'
févr. 23, 2015 5:40:41 PM org.apache.catalina.core.ApplicationContext log
INFOS: Manager: list: Listing contexts for virtual host 'localhost'
févr. 23, 2015 5:41:18 PM org.apache.catalina.core.ApplicationContext log
INFOS: Manager: list: Listing contexts for virtual host 'localhost'
févr. 23, 2015 5:41:21 PM org.apache.catalina.core.ApplicationContext log
INFOS: Manager: list: Listing contexts for virtual host 'localhost'
févr. 23, 2015 5:41:21 PM org.apache.catalina.core.ApplicationContext log
INFOS: Manager: list: Listing contexts for virtual host 'localhost'
févr. 23, 2015 5:42:01 PM org.apache.catalina.core.ApplicationContext log
INFOS: Manager: list: Listing contexts for virtual host 'localhost'
févr. 23, 2015 5:42:03 PM org.apache.catalina.core.ApplicationContext log
INFOS: Manager: list: Listing contexts for virtual host 'localhost'
févr. 23, 2015 5:42:03 PM org.apache.catalina.core.ApplicationContext log
INFOS: Manager: list: Listing contexts for virtual host 'localhost'
févr. 23, 2015 5:51:43 PM org.apache.catalina.core.ApplicationContext log
INFOS: Manager: list: Listing contexts for virtual host 'localhost'
févr. 23, 2015 5:51:43 PM org.apache.catalina.core.ApplicationContext log
INFOS: Manager: list: Listing contexts for virtual host 'localhost'
févr. 23, 2015 5:52:21 PM org.apache.catalina.core.ApplicationContext log
INFOS: Manager: list: Listing contexts for virtual host 'localhost'
févr. 23, 2015 5:52:21 PM org.apache.catalina.core.ApplicationContext log
INFOS: Manager: list: Listing contexts for virtual host 'localhost'
févr. 23, 2015 5:53:33 PM org.apache.catalina.core.ApplicationContext log
INFOS: Manager: list: Listing contexts for virtual host 'localhost'
févr. 23, 2015 5:53:33 PM org.apache.catalina.core.ApplicationContext log
INFOS: Manager: list: Listing contexts for virtual host 'localhost'
févr. 23, 2015 5:54:12 PM org.apache.catalina.core.ApplicationContext log
INFOS: Manager: list: Listing contexts for virtual host 'localhost'
févr. 23, 2015 5:54:12 PM org.apache.catalina.core.ApplicationContext log
INFOS: Manager: list: Listing contexts for virtual host 'localhost'
févr. 23, 2015 5:55:25 PM org.apache.catalina.core.ApplicationContext log
INFOS: Manager: list: Listing contexts for virtual host 'localhost'
févr. 23, 2015 5:55:25 PM org.apache.catalina.core.ApplicationContext log
INFOS: Manager: list: Listing contexts for virtual host 'localhost'
févr. 23, 2015 5:57:06 PM org.apache.catalina.core.ApplicationContext log
INFOS: Manager: list: Listing contexts for virtual host 'localhost'
févr. 23, 2015 5:57:07 PM org.apache.catalina.core.ApplicationContext log
INFOS: Manager: list: Listing contexts for virtual host 'localhost'
févr. 23, 2015 5:57:45 PM org.apache.catalina.core.ApplicationContext log
INFOS: Manager: list: Listing contexts for virtual host 'localhost'
févr. 23, 2015 5:57:45 PM org.apache.catalina.core.ApplicationContext log
INFOS: Manager: list: Listing contexts for virtual host 'localhost'
févr. 23, 2015 5:59:19 PM org.apache.catalina.core.ApplicationContext log
INFOS: Manager: list: Listing contexts for virtual host 'localhost'
févr. 23, 2015 5:59:19 PM org.apache.catalina.core.ApplicationContext log
INFOS: Manager: list: Listing contexts for virtual host 'localhost'
févr. 23, 2015 5:59:39 PM org.apache.catalina.core.ApplicationContext log
INFOS: Manager: list: Listing contexts for virtual host 'localhost'
févr. 23, 2015 5:59:39 PM org.apache.catalina.core.ApplicationContext log
INFOS: Manager: list: Listing contexts for virtual host 'localhost'
févr. 23, 2015 8:57:32 PM org.apache.catalina.core.ApplicationContext log
INFOS: Manager: init: Associated with Deployer 'Catalina:type=Deployer,host=localhost'
févr. 23, 2015 8:57:32 PM org.apache.catalina.core.ApplicationContext log
INFOS: Manager: init: Global resources are available
févr. 23, 2015 8:57:32 PM org.apache.catalina.core.ApplicationContext log
INFOS: Manager: list: Listing contexts for virtual host 'localhost'
févr. 23, 2015 8:57:32 PM org.apache.catalina.core.ApplicationContext log
INFOS: Manager: list: Listing contexts for virtual host 'localhost'
févr. 23, 2015 9:01:40 PM org.apache.catalina.core.ApplicationContext log
INFOS: Manager: list: Listing contexts for virtual host 'localhost'
févr. 23, 2015 9:01:41 PM org.apache.catalina.core.ApplicationContext log
INFOS: Manager: list: Listing contexts for virtual host 'localhost'
févr. 23, 2015 9:05:27 PM org.apache.catalina.core.ApplicationContext log
INFOS: Manager: list: Listing contexts for virtual host 'localhost'
févr. 23, 2015 9:06:39 PM org.apache.catalina.core.ApplicationContext log
INFOS: Manager: list: Listing contexts for virtual host 'localhost'
févr. 23, 2015 9:06:40 PM org.apache.catalina.core.ApplicationContext log
INFOS: Manager: restart: Reloading web application '/CarnetTest'
févr. 23, 2015 9:07:22 PM org.apache.catalina.core.ApplicationContext log
INFOS: Manager: list: Listing contexts for virtual host 'localhost'
févr. 23, 2015 9:07:23 PM org.apache.catalina.core.ApplicationContext log
INFOS: Manager: restart: Reloading web application '/CarnetTest'
févr. 23, 2015 9:08:21 PM org.apache.catalina.core.ApplicationContext log
INFOS: Manager: list: Listing contexts for virtual host 'localhost'
févr. 23, 2015 9:08:21 PM org.apache.catalina.core.ApplicationContext log
INFOS: Manager: restart: Reloading web application '/CarnetTest'
févr. 23, 2015 9:08:37 PM org.apache.catalina.core.ApplicationContext log
INFOS: Manager: list: Listing contexts for virtual host 'localhost'
févr. 23, 2015 9:08:37 PM org.apache.catalina.core.ApplicationContext log
INFOS: Manager: restart: Reloading web application '/CarnetTest'
févr. 23, 2015 9:27:59 PM org.apache.catalina.core.ApplicationContext log
INFOS: Manager: list: Listing contexts for virtual host 'localhost'
févr. 23, 2015 9:27:59 PM org.apache.catalina.core.ApplicationContext log
INFOS: Manager: list: Listing contexts for virtual host 'localhost'
févr. 23, 2015 9:28:00 PM org.apache.catalina.core.ApplicationContext log
INFOS: Manager: restart: Reloading web application '/CarnetTest'
févr. 23, 2015 9:29:17 PM org.apache.catalina.core.ApplicationContext log
INFOS: Manager: list: Listing contexts for virtual host 'localhost'
févr. 23, 2015 9:29:17 PM org.apache.catalina.core.ApplicationContext log
INFOS: Manager: list: Listing contexts for virtual host 'localhost'
févr. 23, 2015 9:29:17 PM org.apache.catalina.core.ApplicationContext log
INFOS: Manager: restart: Reloading web application '/CarnetTest'
févr. 23, 2015 9:29:55 PM org.apache.catalina.core.ApplicationContext log
INFOS: Manager: list: Listing contexts for virtual host 'localhost'
févr. 23, 2015 9:29:55 PM org.apache.catalina.core.ApplicationContext log
INFOS: Manager: list: Listing contexts for virtual host 'localhost'
févr. 23, 2015 9:30:12 PM org.apache.catalina.core.ApplicationContext log
INFOS: Manager: list: Listing contexts for virtual host 'localhost'
févr. 23, 2015 9:30:12 PM org.apache.catalina.core.ApplicationContext log
INFOS: Manager: list: Listing contexts for virtual host 'localhost'
févr. 23, 2015 9:30:12 PM org.apache.catalina.core.ApplicationContext log
INFOS: Manager: restart: Reloading web application '/CarnetTest'
févr. 23, 2015 9:32:48 PM org.apache.catalina.core.ApplicationContext log
INFOS: Manager: list: Listing contexts for virtual host 'localhost'
févr. 23, 2015 9:32:48 PM org.apache.catalina.core.ApplicationContext log
INFOS: Manager: list: Listing contexts for virtual host 'localhost'
févr. 23, 2015 9:32:48 PM org.apache.catalina.core.ApplicationContext log
INFOS: Manager: restart: Reloading web application '/CarnetTest'
févr. 23, 2015 9:33:17 PM org.apache.catalina.core.ApplicationContext log
INFOS: Manager: list: Listing contexts for virtual host 'localhost'
févr. 23, 2015 9:33:17 PM org.apache.catalina.core.ApplicationContext log
INFOS: Manager: list: Listing contexts for virtual host 'localhost'
févr. 23, 2015 9:33:17 PM org.apache.catalina.core.ApplicationContext log
INFOS: Manager: restart: Reloading web application '/CarnetTest'
févr. 23, 2015 9:33:50 PM org.apache.catalina.core.ApplicationContext log
INFOS: Manager: list: Listing contexts for virtual host 'localhost'
févr. 23, 2015 9:33:50 PM org.apache.catalina.core.ApplicationContext log
INFOS: Manager: list: Listing contexts for virtual host 'localhost'
févr. 23, 2015 9:34:21 PM org.apache.catalina.core.ApplicationContext log
INFOS: Manager: list: Listing contexts for virtual host 'localhost'
févr. 23, 2015 9:34:31 PM org.apache.catalina.core.ApplicationContext log
INFOS: Manager: list: Listing contexts for virtual host 'localhost'
févr. 23, 2015 9:34:54 PM org.apache.catalina.core.ApplicationContext log
INFOS: Manager: list: Listing contexts for virtual host 'localhost'
févr. 23, 2015 9:34:56 PM org.apache.catalina.core.ApplicationContext log
INFOS: Manager: list: Listing contexts for virtual host 'localhost'
févr. 23, 2015 9:36:18 PM org.apache.catalina.core.ApplicationContext log
INFOS: Manager: list: Listing contexts for virtual host 'localhost'
févr. 23, 2015 9:36:18 PM org.apache.catalina.core.ApplicationContext log
INFOS: Manager: list: Listing contexts for virtual host 'localhost'
févr. 23, 2015 9:36:18 PM org.apache.catalina.core.ApplicationContext log
INFOS: Manager: restart: Reloading web application '/CarnetTest'
févr. 23, 2015 9:37:01 PM org.apache.catalina.core.ApplicationContext log
INFOS: Manager: list: Listing contexts for virtual host 'localhost'
févr. 23, 2015 9:37:01 PM org.apache.catalina.core.ApplicationContext log
INFOS: Manager: list: Listing contexts for virtual host 'localhost'
févr. 23, 2015 9:37:42 PM org.apache.catalina.core.ApplicationContext log
INFOS: Manager: list: Listing contexts for virtual host 'localhost'
févr. 23, 2015 9:37:43 PM org.apache.catalina.core.ApplicationContext log
INFOS: Manager: list: Listing contexts for virtual host 'localhost'
févr. 23, 2015 9:43:19 PM org.apache.catalina.core.ApplicationContext log
INFOS: Manager: list: Listing contexts for virtual host 'localhost'
févr. 23, 2015 9:43:19 PM org.apache.catalina.core.ApplicationContext log
INFOS: Manager: restart: Reloading web application '/CarnetTest'
févr. 23, 2015 9:44:27 PM org.apache.catalina.core.ApplicationContext log
INFOS: Manager: list: Listing contexts for virtual host 'localhost'
févr. 23, 2015 9:45:53 PM org.apache.catalina.core.ApplicationContext log
INFOS: Manager: list: Listing contexts for virtual host 'localhost'
févr. 23, 2015 9:45:53 PM org.apache.catalina.core.ApplicationContext log
INFOS: Manager: list: Listing contexts for virtual host 'localhost'
févr. 23, 2015 9:45:54 PM org.apache.catalina.core.ApplicationContext log
INFOS: Manager: restart: Reloading web application '/CarnetTest'
févr. 23, 2015 9:47:17 PM org.apache.catalina.core.ApplicationContext log
INFOS: Manager: list: Listing contexts for virtual host 'localhost'
févr. 23, 2015 9:47:17 PM org.apache.catalina.core.ApplicationContext log
INFOS: Manager: list: Listing contexts for virtual host 'localhost'
févr. 23, 2015 9:51:36 PM org.apache.catalina.core.ApplicationContext log
INFOS: Manager: list: Listing contexts for virtual host 'localhost'
févr. 23, 2015 9:51:36 PM org.apache.catalina.core.ApplicationContext log
INFOS: Manager: restart: Reloading web application '/CarnetTest'
févr. 23, 2015 9:52:25 PM org.apache.catalina.core.ApplicationContext log
INFOS: Manager: list: Listing contexts for virtual host 'localhost'
févr. 23, 2015 9:52:26 PM org.apache.catalina.core.ApplicationContext log
INFOS: Manager: restart: Reloading web application '/CarnetTest'
févr. 23, 2015 9:53:03 PM org.apache.catalina.core.ApplicationContext log
INFOS: Manager: list: Listing contexts for virtual host 'localhost'
févr. 23, 2015 9:53:03 PM org.apache.catalina.core.ApplicationContext log
INFOS: Manager: list: Listing contexts for virtual host 'localhost'
févr. 23, 2015 9:53:04 PM org.apache.catalina.core.ApplicationContext log
INFOS: Manager: restart: Reloading web application '/CarnetTest'
févr. 23, 2015 9:54:17 PM org.apache.catalina.core.ApplicationContext log
INFOS: Manager: list: Listing contexts for virtual host 'localhost'
févr. 23, 2015 9:54:18 PM org.apache.catalina.core.ApplicationContext log
INFOS: Manager: list: Listing contexts for virtual host 'localhost'
févr. 23, 2015 9:56:13 PM org.apache.catalina.core.ApplicationContext log
INFOS: Manager: list: Listing contexts for virtual host 'localhost'
févr. 23, 2015 9:56:13 PM org.apache.catalina.core.ApplicationContext log
INFOS: Manager: list: Listing contexts for virtual host 'localhost'
févr. 23, 2015 9:56:13 PM org.apache.catalina.core.ApplicationContext log
INFOS: Manager: restart: Reloading web application '/CarnetTest'
févr. 23, 2015 9:58:52 PM org.apache.catalina.core.ApplicationContext log
INFOS: Manager: list: Listing contexts for virtual host 'localhost'
févr. 23, 2015 9:58:52 PM org.apache.catalina.core.ApplicationContext log
INFOS: Manager: restart: Reloading web application '/CarnetTest'
févr. 23, 2015 9:59:10 PM org.apache.catalina.core.ApplicationContext log
INFOS: Manager: list: Listing contexts for virtual host 'localhost'
févr. 23, 2015 9:59:10 PM org.apache.catalina.core.ApplicationContext log
INFOS: Manager: restart: Reloading web application '/CarnetTest'
févr. 23, 2015 10:01:02 PM org.apache.catalina.core.ApplicationContext log
INFOS: Manager: list: Listing contexts for virtual host 'localhost'
févr. 23, 2015 10:01:03 PM org.apache.catalina.core.ApplicationContext log
INFOS: Manager: restart: Reloading web application '/CarnetTest'
févr. 23, 2015 10:01:03 PM org.apache.catalina.core.ApplicationContext log
INFOS: Manager: list: Listing contexts for virtual host 'localhost'
févr. 23, 2015 10:01:04 PM org.apache.catalina.core.ApplicationContext log
INFOS: Manager: restart: Reloading web application '/CarnetTest'
févr. 23, 2015 10:02:07 PM org.apache.catalina.core.ApplicationContext log
INFOS: Manager: list: Listing contexts for virtual host 'localhost'
févr. 23, 2015 10:02:07 PM org.apache.catalina.core.ApplicationContext log
INFOS: Manager: list: Listing contexts for virtual host 'localhost'
févr. 23, 2015 10:02:07 PM org.apache.catalina.core.ApplicationContext log
INFOS: Manager: restart: Reloading web application '/CarnetTest'
févr. 23, 2015 10:03:39 PM org.apache.catalina.core.ApplicationContext log
INFOS: Manager: list: Listing contexts for virtual host 'localhost'
févr. 23, 2015 10:03:39 PM org.apache.catalina.core.ApplicationContext log
INFOS: Manager: list: Listing contexts for virtual host 'localhost'
févr. 23, 2015 10:05:06 PM org.apache.catalina.core.ApplicationContext log
INFOS: Manager: list: Listing contexts for virtual host 'localhost'
févr. 23, 2015 10:05:06 PM org.apache.catalina.core.ApplicationContext log
INFOS: Manager: list: Listing contexts for virtual host 'localhost'
févr. 23, 2015 10:05:48 PM org.apache.catalina.core.ApplicationContext log
INFOS: Manager: list: Listing contexts for virtual host 'localhost'
févr. 23, 2015 10:05:48 PM org.apache.catalina.core.ApplicationContext log
INFOS: Manager: list: Listing contexts for virtual host 'localhost'
févr. 23, 2015 10:06:39 PM org.apache.catalina.core.ApplicationContext log
INFOS: Manager: list: Listing contexts for virtual host 'localhost'
févr. 23, 2015 10:06:39 PM org.apache.catalina.core.ApplicationContext log
INFOS: Manager: list: Listing contexts for virtual host 'localhost'
févr. 23, 2015 10:06:40 PM org.apache.catalina.core.ApplicationContext log
INFOS: Manager: restart: Reloading web application '/CarnetTest'
févr. 23, 2015 10:08:08 PM org.apache.catalina.core.ApplicationContext log
INFOS: Manager: list: Listing contexts for virtual host 'localhost'
févr. 23, 2015 10:08:09 PM org.apache.catalina.core.ApplicationContext log
INFOS: Manager: list: Listing contexts for virtual host 'localhost'
févr. 23, 2015 10:09:16 PM org.apache.catalina.core.ApplicationContext log
INFOS: Manager: init: Associated with Deployer 'Catalina:type=Deployer,host=localhost'
févr. 23, 2015 10:09:16 PM org.apache.catalina.core.ApplicationContext log
INFOS: Manager: init: Global resources are available
févr. 23, 2015 10:09:16 PM org.apache.catalina.core.ApplicationContext log
INFOS: Manager: list: Listing contexts for virtual host 'localhost'
févr. 23, 2015 10:09:16 PM org.apache.catalina.core.ApplicationContext log
INFOS: Manager: list: Listing contexts for virtual host 'localhost'
févr. 23, 2015 10:09:16 PM org.apache.catalina.core.ApplicationContext log
INFOS: Manager: undeploy: Undeploying web application at '/CarnetTest'
févr. 23, 2015 10:09:19 PM org.apache.catalina.core.ApplicationContext log
INFOS: Manager: install: Installing context configuration at 'file:/tmp/context4041626822872338114.xml'
févr. 23, 2015 10:09:20 PM org.apache.catalina.core.ApplicationContext log
INFOS: Manager: start: Starting web application '/CarnetTest'
févr. 23, 2015 10:14:31 PM org.apache.catalina.core.ApplicationContext log
INFOS: Manager: list: Listing contexts for virtual host 'localhost'
févr. 23, 2015 10:14:31 PM org.apache.catalina.core.ApplicationContext log
INFOS: Manager: list: Listing contexts for virtual host 'localhost'
févr. 23, 2015 10:14:31 PM org.apache.catalina.core.ApplicationContext log
INFOS: Manager: restart: Reloading web application '/CarnetTest'
févr. 23, 2015 10:15:37 PM org.apache.catalina.core.ApplicationContext log
INFOS: Manager: list: Listing contexts for virtual host 'localhost'
févr. 23, 2015 10:15:37 PM org.apache.catalina.core.ApplicationContext log
INFOS: Manager: list: Listing contexts for virtual host 'localhost'
févr. 23, 2015 10:16:33 PM org.apache.catalina.core.ApplicationContext log
INFOS: Manager: list: Listing contexts for virtual host 'localhost'
févr. 23, 2015 10:16:34 PM org.apache.catalina.core.ApplicationContext log
INFOS: Manager: list: Listing contexts for virtual host 'localhost'
févr. 23, 2015 10:16:34 PM org.apache.catalina.core.ApplicationContext log
INFOS: Manager: undeploy: Undeploying web application at '/CarnetTest'
févr. 23, 2015 10:16:35 PM org.apache.catalina.core.ApplicationContext log
INFOS: Manager: install: Installing context configuration at 'file:/tmp/context4513241224657921528.xml'
févr. 23, 2015 10:16:35 PM org.apache.catalina.core.ApplicationContext log
INFOS: Manager: start: Starting web application '/CarnetTest'
févr. 23, 2015 10:25:31 PM org.apache.catalina.core.ApplicationContext log
INFOS: Manager: list: Listing contexts for virtual host 'localhost'
févr. 23, 2015 10:25:31 PM org.apache.catalina.core.ApplicationContext log
INFOS: Manager: list: Listing contexts for virtual host 'localhost'
févr. 23, 2015 10:25:31 PM org.apache.catalina.core.ApplicationContext log
INFOS: Manager: undeploy: Undeploying web application at '/CarnetTest'
févr. 23, 2015 10:25:32 PM org.apache.catalina.core.ApplicationContext log
INFOS: Manager: install: Installing context configuration at 'file:/tmp/context5317002922344594302.xml'
févr. 23, 2015 10:25:33 PM org.apache.catalina.core.ApplicationContext log
INFOS: Manager: start: Starting web application '/CarnetTest'
févr. 23, 2015 10:31:08 PM org.apache.catalina.core.ApplicationContext log
INFOS: Manager: list: Listing contexts for virtual host 'localhost'
févr. 23, 2015 10:31:08 PM org.apache.catalina.core.ApplicationContext log
INFOS: Manager: list: Listing contexts for virtual host 'localhost'
févr. 23, 2015 10:32:01 PM org.apache.catalina.core.ApplicationContext log
INFOS: Manager: list: Listing contexts for virtual host 'localhost'
févr. 23, 2015 10:32:02 PM org.apache.catalina.core.ApplicationContext log
INFOS: Manager: list: Listing contexts for virtual host 'localhost'
févr. 23, 2015 10:34:15 PM org.apache.catalina.core.ApplicationContext log
INFOS: Manager: list: Listing contexts for virtual host 'localhost'
févr. 23, 2015 10:34:15 PM org.apache.catalina.core.ApplicationContext log
INFOS: Manager: list: Listing contexts for virtual host 'localhost'
févr. 23, 2015 10:34:15 PM org.apache.catalina.core.ApplicationContext log
INFOS: Manager: undeploy: Undeploying web application at '/CarnetTest'
févr. 23, 2015 10:34:16 PM org.apache.catalina.core.ApplicationContext log
INFOS: Manager: install: Installing context configuration at 'file:/tmp/context730593872609979975.xml'
févr. 23, 2015 10:34:20 PM org.apache.catalina.core.ApplicationContext log
INFOS: Manager: start: Starting web application '/CarnetTest'
févr. 23, 2015 10:34:35 PM org.apache.catalina.core.ApplicationContext log
INFOS: Manager: list: Listing contexts for virtual host 'localhost'
févr. 23, 2015 10:34:35 PM org.apache.catalina.core.ApplicationContext log
INFOS: Manager: restart: Reloading web application '/CarnetTest'
févr. 23, 2015 10:35:43 PM org.apache.catalina.core.ApplicationContext log
INFOS: Manager: list: Listing contexts for virtual host 'localhost'
févr. 23, 2015 10:35:44 PM org.apache.catalina.core.ApplicationContext log
INFOS: Manager: restart: Reloading web application '/CarnetTest'
févr. 23, 2015 10:35:44 PM org.apache.catalina.core.ApplicationContext log
INFOS: Manager: list: Listing contexts for virtual host 'localhost'
févr. 23, 2015 10:35:44 PM org.apache.catalina.core.ApplicationContext log
INFOS: Manager: restart: Reloading web application '/CarnetTest'
févr. 23, 2015 10:35:48 PM org.apache.catalina.core.ApplicationContext log
INFOS: Manager: list: Listing contexts for virtual host 'localhost'
févr. 23, 2015 10:35:57 PM org.apache.catalina.core.ApplicationContext log
INFOS: Manager: list: Listing contexts for virtual host 'localhost'
févr. 23, 2015 10:36:00 PM org.apache.catalina.core.ApplicationContext log
INFOS: Manager: list: Listing contexts for virtual host 'localhost'
févr. 23, 2015 10:36:00 PM org.apache.catalina.core.ApplicationContext log
INFOS: Manager: restart: Reloading web application '/CarnetTest'
févr. 23, 2015 10:36:17 PM org.apache.catalina.core.ApplicationContext log
INFOS: Manager: list: Listing contexts for virtual host 'localhost'
févr. 23, 2015 10:36:41 PM org.apache.catalina.core.ApplicationContext log
INFOS: Manager: list: Listing contexts for virtual host 'localhost'
févr. 23, 2015 10:36:42 PM org.apache.catalina.core.ApplicationContext log
INFOS: Manager: list: Listing contexts for virtual host 'localhost'
févr. 23, 2015 10:36:42 PM org.apache.catalina.core.ApplicationContext log
INFOS: Manager: restart: Reloading web application '/CarnetTest'
févr. 23, 2015 10:38:06 PM org.apache.catalina.core.ApplicationContext log
INFOS: Manager: list: Listing contexts for virtual host 'localhost'
févr. 23, 2015 10:38:06 PM org.apache.catalina.core.ApplicationContext log
INFOS: Manager: list: Listing contexts for virtual host 'localhost'
févr. 23, 2015 10:38:24 PM org.apache.catalina.core.ApplicationContext log
INFOS: Manager: list: Listing contexts for virtual host 'localhost'
févr. 23, 2015 10:38:24 PM org.apache.catalina.core.ApplicationContext log
INFOS: Manager: list: Listing contexts for virtual host 'localhost'
févr. 23, 2015 10:39:36 PM org.apache.catalina.core.ApplicationContext log
INFOS: Manager: list: Listing contexts for virtual host 'localhost'
févr. 23, 2015 10:39:36 PM org.apache.catalina.core.ApplicationContext log
INFOS: Manager: restart: Reloading web application '/CarnetTest'
févr. 23, 2015 10:39:46 PM org.apache.catalina.core.ApplicationContext log
INFOS: Manager: list: Listing contexts for virtual host 'localhost'
févr. 23, 2015 10:39:47 PM org.apache.catalina.core.ApplicationContext log
INFOS: Manager: restart: Reloading web application '/CarnetTest'
févr. 23, 2015 10:39:47 PM org.apache.catalina.core.ApplicationContext log
INFOS: Manager: list: Listing contexts for virtual host 'localhost'
févr. 23, 2015 10:39:47 PM org.apache.catalina.core.ApplicationContext log
INFOS: Manager: restart: Reloading web application '/CarnetTest'
févr. 23, 2015 10:39:49 PM org.apache.catalina.core.ApplicationContext log
INFOS: Manager: list: Listing contexts for virtual host 'localhost'
févr. 23, 2015 10:39:49 PM org.apache.catalina.core.ApplicationContext log
INFOS: Manager: restart: Reloading web application '/CarnetTest'
févr. 23, 2015 10:39:57 PM org.apache.catalina.core.ApplicationContext log
INFOS: Manager: list: Listing contexts for virtual host 'localhost'
févr. 23, 2015 10:39:57 PM org.apache.catalina.core.ApplicationContext log
INFOS: Manager: list: Listing contexts for virtual host 'localhost'
févr. 23, 2015 10:39:57 PM org.apache.catalina.core.ApplicationContext log
INFOS: Manager: restart: Reloading web application '/CarnetTest'
févr. 23, 2015 10:41:35 PM org.apache.catalina.core.ApplicationContext log
INFOS: Manager: list: Listing contexts for virtual host 'localhost'
févr. 23, 2015 10:41:35 PM org.apache.catalina.core.ApplicationContext log
INFOS: Manager: restart: Reloading web application '/CarnetTest'
févr. 23, 2015 10:42:35 PM org.apache.catalina.core.ApplicationContext log
INFOS: Manager: list: Listing contexts for virtual host 'localhost'
févr. 23, 2015 10:42:35 PM org.apache.catalina.core.ApplicationContext log
INFOS: Manager: restart: Reloading web application '/CarnetTest'
févr. 23, 2015 10:43:10 PM org.apache.catalina.core.ApplicationContext log
INFOS: Manager: list: Listing contexts for virtual host 'localhost'
févr. 23, 2015 10:43:10 PM org.apache.catalina.core.ApplicationContext log
INFOS: Manager: restart: Reloading web application '/CarnetTest'
févr. 23, 2015 10:44:15 PM org.apache.catalina.core.ApplicationContext log
INFOS: Manager: list: Listing contexts for virtual host 'localhost'
févr. 23, 2015 10:44:15 PM org.apache.catalina.core.ApplicationContext log
INFOS: Manager: restart: Reloading web application '/CarnetTest'
févr. 23, 2015 10:45:48 PM org.apache.catalina.core.ApplicationContext log
INFOS: Manager: list: Listing contexts for virtual host 'localhost'
févr. 23, 2015 10:45:53 PM org.apache.catalina.core.ApplicationContext log
INFOS: Manager: list: Listing contexts for virtual host 'localhost'
févr. 23, 2015 10:45:53 PM org.apache.catalina.core.ApplicationContext log
INFOS: Manager: list: Listing contexts for virtual host 'localhost'
févr. 23, 2015 10:45:53 PM org.apache.catalina.core.ApplicationContext log
INFOS: Manager: restart: Reloading web application '/CarnetTest'
févr. 23, 2015 10:47:59 PM org.apache.catalina.core.ApplicationContext log
INFOS: Manager: list: Listing contexts for virtual host 'localhost'
févr. 23, 2015 10:47:59 PM org.apache.catalina.core.ApplicationContext log
INFOS: Manager: list: Listing contexts for virtual host 'localhost'
févr. 23, 2015 10:48:50 PM org.apache.catalina.core.ApplicationContext log
INFOS: Manager: list: Listing contexts for virtual host 'localhost'
févr. 23, 2015 10:48:50 PM org.apache.catalina.core.ApplicationContext log
INFOS: Manager: list: Listing contexts for virtual host 'localhost'
févr. 23, 2015 10:48:50 PM org.apache.catalina.core.ApplicationContext log
INFOS: Manager: undeploy: Undeploying web application at '/CarnetTest'
févr. 23, 2015 10:48:51 PM org.apache.catalina.core.ApplicationContext log
INFOS: Manager: install: Installing context configuration at 'file:/tmp/context5115283171727340105.xml'
févr. 23, 2015 10:48:53 PM org.apache.catalina.core.ApplicationContext log
INFOS: Manager: start: Starting web application '/CarnetTest'
févr. 23, 2015 10:51:13 PM org.apache.catalina.core.ApplicationContext log
INFOS: Manager: list: Listing contexts for virtual host 'localhost'
févr. 23, 2015 10:51:13 PM org.apache.catalina.core.ApplicationContext log
INFOS: Manager: list: Listing contexts for virtual host 'localhost'
févr. 23, 2015 10:51:14 PM org.apache.catalina.core.ApplicationContext log
INFOS: Manager: restart: Reloading web application '/CarnetTest'
févr. 23, 2015 10:54:04 PM org.apache.catalina.core.ApplicationContext log
INFOS: Manager: list: Listing contexts for virtual host 'localhost'
févr. 23, 2015 10:54:04 PM org.apache.catalina.core.ApplicationContext log
INFOS: Manager: list: Listing contexts for virtual host 'localhost'
févr. 23, 2015 10:54:45 PM org.apache.catalina.core.ApplicationContext log
INFOS: Manager: list: Listing contexts for virtual host 'localhost'
févr. 23, 2015 10:54:45 PM org.apache.catalina.core.ApplicationContext log
INFOS: Manager: list: Listing contexts for virtual host 'localhost'
févr. 23, 2015 10:55:42 PM org.apache.catalina.core.ApplicationContext log
INFOS: Manager: list: Listing contexts for virtual host 'localhost'
févr. 23, 2015 10:55:42 PM org.apache.catalina.core.ApplicationContext log
INFOS: Manager: list: Listing contexts for virtual host 'localhost'
févr. 23, 2015 11:00:40 PM org.apache.catalina.core.ApplicationContext log
INFOS: Manager: list: Listing contexts for virtual host 'localhost'
févr. 23, 2015 11:00:40 PM org.apache.catalina.core.ApplicationContext log
INFOS: Manager: list: Listing contexts for virtual host 'localhost'
févr. 23, 2015 11:01:47 PM org.apache.catalina.core.ApplicationContext log
INFOS: Manager: list: Listing contexts for virtual host 'localhost'
févr. 23, 2015 11:01:47 PM org.apache.catalina.core.ApplicationContext log
INFOS: Manager: list: Listing contexts for virtual host 'localhost'
févr. 23, 2015 11:02:36 PM org.apache.catalina.core.ApplicationContext log
INFOS: Manager: list: Listing contexts for virtual host 'localhost'
févr. 23, 2015 11:02:36 PM org.apache.catalina.core.ApplicationContext log
INFOS: Manager: list: Listing contexts for virtual host 'localhost'
févr. 23, 2015 11:03:18 PM org.apache.catalina.core.ApplicationContext log
INFOS: Manager: list: Listing contexts for virtual host 'localhost'
févr. 23, 2015 11:03:19 PM org.apache.catalina.core.ApplicationContext log
INFOS: Manager: list: Listing contexts for virtual host 'localhost'
févr. 23, 2015 11:03:36 PM org.apache.catalina.core.ApplicationContext log
INFOS: Manager: list: Listing contexts for virtual host 'localhost'
févr. 23, 2015 11:03:36 PM org.apache.catalina.core.ApplicationContext log
INFOS: Manager: list: Listing contexts for virtual host 'localhost'
févr. 23, 2015 11:03:52 PM org.apache.catalina.core.ApplicationContext log
INFOS: Manager: list: Listing contexts for virtual host 'localhost'
févr. 23, 2015 11:03:52 PM org.apache.catalina.core.ApplicationContext log
INFOS: Manager: list: Listing contexts for virtual host 'localhost'
févr. 23, 2015 11:04:45 PM org.apache.catalina.core.ApplicationContext log
INFOS: Manager: list: Listing contexts for virtual host 'localhost'
févr. 23, 2015 11:04:45 PM org.apache.catalina.core.ApplicationContext log
INFOS: Manager: list: Listing contexts for virtual host 'localhost'
févr. 23, 2015 11:05:19 PM org.apache.catalina.core.ApplicationContext log
INFOS: Manager: list: Listing contexts for virtual host 'localhost'
févr. 23, 2015 11:05:19 PM org.apache.catalina.core.ApplicationContext log
INFOS: Manager: list: Listing contexts for virtual host 'localhost'
févr. 23, 2015 11:06:05 PM org.apache.catalina.core.ApplicationContext log
INFOS: Manager: list: Listing contexts for virtual host 'localhost'
févr. 23, 2015 11:06:05 PM org.apache.catalina.core.ApplicationContext log
INFOS: Manager: list: Listing contexts for virtual host 'localhost'
févr. 23, 2015 11:06:36 PM org.apache.catalina.core.ApplicationContext log
INFOS: Manager: list: Listing contexts for virtual host 'localhost'
févr. 23, 2015 11:06:37 PM org.apache.catalina.core.ApplicationContext log
INFOS: Manager: list: Listing contexts for virtual host 'localhost'
févr. 23, 2015 11:06:49 PM org.apache.catalina.core.ApplicationContext log
INFOS: Manager: list: Listing contexts for virtual host 'localhost'
févr. 23, 2015 11:06:49 PM org.apache.catalina.core.ApplicationContext log
INFOS: Manager: list: Listing contexts for virtual host 'localhost'
févr. 23, 2015 11:07:00 PM org.apache.catalina.core.ApplicationContext log
INFOS: Manager: undeploy: Undeploying web application at '/ApliDataBase'
févr. 23, 2015 11:07:02 PM org.apache.catalina.core.ApplicationContext log
INFOS: Manager: list: Listing contexts for virtual host 'localhost'
févr. 23, 2015 11:07:02 PM org.apache.catalina.core.ApplicationContext log
INFOS: Manager: list: Listing contexts for virtual host 'localhost'
févr. 23, 2015 11:07:08 PM org.apache.catalina.core.ApplicationContext log
INFOS: Manager: undeploy: Undeploying web application at '/AppliCafeV1'
févr. 23, 2015 11:07:09 PM org.apache.catalina.core.ApplicationContext log
INFOS: Manager: list: Listing contexts for virtual host 'localhost'
févr. 23, 2015 11:07:09 PM org.apache.catalina.core.ApplicationContext log
INFOS: Manager: list: Listing contexts for virtual host 'localhost'
févr. 23, 2015 11:07:12 PM org.apache.catalina.core.ApplicationContext log
INFOS: Manager: undeploy: Undeploying web application at '/AppliCafeV2'
févr. 23, 2015 11:07:13 PM org.apache.catalina.core.ApplicationContext log
INFOS: Manager: list: Listing contexts for virtual host 'localhost'
févr. 23, 2015 11:07:13 PM org.apache.catalina.core.ApplicationContext log
INFOS: Manager: list: Listing contexts for virtual host 'localhost'
févr. 23, 2015 11:07:15 PM org.apache.catalina.core.ApplicationContext log
INFOS: Manager: undeploy: Undeploying web application at '/AppliCafeV3'
févr. 23, 2015 11:07:17 PM org.apache.catalina.core.ApplicationContext log
INFOS: Manager: list: Listing contexts for virtual host 'localhost'
févr. 23, 2015 11:07:17 PM org.apache.catalina.core.ApplicationContext log
INFOS: Manager: list: Listing contexts for virtual host 'localhost'
févr. 23, 2015 11:07:21 PM org.apache.catalina.core.ApplicationContext log
INFOS: Manager: undeploy: Undeploying web application at '/AppliCafes'
févr. 23, 2015 11:07:22 PM org.apache.catalina.core.ApplicationContext log
INFOS: Manager: list: Listing contexts for virtual host 'localhost'
févr. 23, 2015 11:07:22 PM org.apache.catalina.core.ApplicationContext log
INFOS: Manager: list: Listing contexts for virtual host 'localhost'
févr. 23, 2015 11:07:28 PM org.apache.catalina.core.ApplicationContext log
INFOS: Manager: undeploy: Undeploying web application at '/WebApplication1'
févr. 23, 2015 11:07:29 PM org.apache.catalina.core.ApplicationContext log
INFOS: Manager: list: Listing contexts for virtual host 'localhost'
févr. 23, 2015 11:07:29 PM org.apache.catalina.core.ApplicationContext log
INFOS: Manager: list: Listing contexts for virtual host 'localhost'
févr. 23, 2015 11:07:32 PM org.apache.catalina.core.ApplicationContext log
INFOS: Manager: undeploy: Undeploying web application at '/docs'
févr. 23, 2015 11:07:39 PM org.apache.catalina.core.ApplicationContext log
INFOS: Manager: list: Listing contexts for virtual host 'localhost'
févr. 23, 2015 11:07:39 PM org.apache.catalina.core.ApplicationContext log
INFOS: Manager: list: Listing contexts for virtual host 'localhost'
févr. 23, 2015 11:07:43 PM org.apache.catalina.core.ApplicationContext log
INFOS: Manager: undeploy: Undeploying web application at '/test'
févr. 23, 2015 11:07:44 PM org.apache.catalina.core.ApplicationContext log
INFOS: Manager: list: Listing contexts for virtual host 'localhost'
févr. 23, 2015 11:07:44 PM org.apache.catalina.core.ApplicationContext log
INFOS: Manager: list: Listing contexts for virtual host 'localhost'
févr. 23, 2015 11:08:59 PM org.apache.catalina.core.ApplicationContext log
INFOS: Manager: init: Associated with Deployer 'Catalina:type=Deployer,host=localhost'
févr. 23, 2015 11:08:59 PM org.apache.catalina.core.ApplicationContext log
INFOS: Manager: init: Global resources are available
févr. 23, 2015 11:08:59 PM org.apache.catalina.core.ApplicationContext log
INFOS: Manager: list: Listing contexts for virtual host 'localhost'
févr. 23, 2015 11:09:00 PM org.apache.catalina.core.ApplicationContext log
INFOS: Manager: list: Listing contexts for virtual host 'localhost'
févr. 23, 2015 11:09:38 PM org.apache.catalina.core.ApplicationContext log
INFOS: Manager: list: Listing contexts for virtual host 'localhost'
févr. 23, 2015 11:09:38 PM org.apache.catalina.core.ApplicationContext log
INFOS: Manager: list: Listing contexts for virtual host 'localhost'
févr. 23, 2015 11:09:55 PM org.apache.catalina.core.ApplicationContext log
INFOS: Manager: list: Listing contexts for virtual host 'localhost'
févr. 23, 2015 11:09:55 PM org.apache.catalina.core.ApplicationContext log
INFOS: Manager: list: Listing contexts for virtual host 'localhost'
févr. 23, 2015 11:10:57 PM org.apache.catalina.core.ApplicationContext log
INFOS: Manager: list: Listing contexts for virtual host 'localhost'
févr. 23, 2015 11:10:57 PM org.apache.catalina.core.ApplicationContext log
INFOS: Manager: list: Listing contexts for virtual host 'localhost'
févr. 23, 2015 11:11:30 PM org.apache.catalina.core.ApplicationContext log
INFOS: Manager: list: Listing contexts for virtual host 'localhost'
févr. 23, 2015 11:11:30 PM org.apache.catalina.core.ApplicationContext log
INFOS: Manager: list: Listing contexts for virtual host 'localhost'
févr. 23, 2015 11:11:41 PM org.apache.catalina.core.ApplicationContext log
INFOS: Manager: list: Listing contexts for virtual host 'localhost'
févr. 23, 2015 11:11:41 PM org.apache.catalina.core.ApplicationContext log
INFOS: Manager: list: Listing contexts for virtual host 'localhost'
févr. 23, 2015 11:12:22 PM org.apache.catalina.core.ApplicationContext log
INFOS: Manager: list: Listing contexts for virtual host 'localhost'
févr. 23, 2015 11:12:22 PM org.apache.catalina.core.ApplicationContext log
INFOS: Manager: list: Listing contexts for virtual host 'localhost'
févr. 23, 2015 11:14:21 PM org.apache.catalina.core.ApplicationContext log
INFOS: Manager: list: Listing contexts for virtual host 'localhost'
févr. 23, 2015 11:14:21 PM org.apache.catalina.core.ApplicationContext log
INFOS: Manager: list: Listing contexts for virtual host 'localhost'
févr. 23, 2015 11:15:22 PM org.apache.catalina.core.ApplicationContext log
INFOS: Manager: list: Listing contexts for virtual host 'localhost'
févr. 23, 2015 11:15:22 PM org.apache.catalina.core.ApplicationContext log
INFOS: Manager: list: Listing contexts for virtual host 'localhost'
févr. 23, 2015 11:16:18 PM org.apache.catalina.core.ApplicationContext log
INFOS: Manager: list: Listing contexts for virtual host 'localhost'
févr. 23, 2015 11:16:18 PM org.apache.catalina.core.ApplicationContext log
INFOS: Manager: list: Listing contexts for virtual host 'localhost'
févr. 23, 2015 11:16:33 PM org.apache.catalina.core.ApplicationContext log
INFOS: Manager: list: Listing contexts for virtual host 'localhost'
févr. 23, 2015 11:16:33 PM org.apache.catalina.core.ApplicationContext log
INFOS: Manager: list: Listing contexts for virtual host 'localhost'
févr. 23, 2015 11:18:42 PM org.apache.catalina.core.ApplicationContext log
INFOS: Manager: list: Listing contexts for virtual host 'localhost'
févr. 23, 2015 11:18:42 PM org.apache.catalina.core.ApplicationContext log
INFOS: Manager: list: Listing contexts for virtual host 'localhost'
févr. 23, 2015 11:18:58 PM org.apache.catalina.core.ApplicationContext log
INFOS: Manager: list: Listing contexts for virtual host 'localhost'
févr. 23, 2015 11:18:58 PM org.apache.catalina.core.ApplicationContext log
INFOS: Manager: list: Listing contexts for virtual host 'localhost'
févr. 23, 2015 11:19:34 PM org.apache.catalina.core.ApplicationContext log
INFOS: Manager: list: Listing contexts for virtual host 'localhost'
févr. 23, 2015 11:19:34 PM org.apache.catalina.core.ApplicationContext log
INFOS: Manager: list: Listing contexts for virtual host 'localhost'
févr. 23, 2015 11:20:03 PM org.apache.catalina.core.ApplicationContext log
INFOS: Manager: list: Listing contexts for virtual host 'localhost'
févr. 23, 2015 11:20:03 PM org.apache.catalina.core.ApplicationContext log
INFOS: Manager: list: Listing contexts for virtual host 'localhost'
févr. 23, 2015 11:21:30 PM org.apache.catalina.core.ApplicationContext log
INFOS: Manager: list: Listing contexts for virtual host 'localhost'
févr. 23, 2015 11:21:36 PM org.apache.catalina.core.ApplicationContext log
INFOS: Manager: list: Listing contexts for virtual host 'localhost'
févr. 23, 2015 11:21:36 PM org.apache.catalina.core.ApplicationContext log
INFOS: Manager: list: Listing contexts for virtual host 'localhost'
févr. 23, 2015 11:22:45 PM org.apache.catalina.core.ApplicationContext log
INFOS: Manager: list: Listing contexts for virtual host 'localhost'
févr. 23, 2015 11:22:45 PM org.apache.catalina.core.ApplicationContext log
INFOS: Manager: list: Listing contexts for virtual host 'localhost'
févr. 23, 2015 11:24:22 PM org.apache.catalina.core.ApplicationContext log
INFOS: Manager: list: Listing contexts for virtual host 'localhost'
févr. 23, 2015 11:24:22 PM org.apache.catalina.core.ApplicationContext log
INFOS: Manager: list: Listing contexts for virtual host 'localhost'
févr. 23, 2015 11:24:37 PM org.apache.catalina.core.ApplicationContext log
INFOS: Manager: list: Listing contexts for virtual host 'localhost'
févr. 23, 2015 11:24:37 PM org.apache.catalina.core.ApplicationContext log
INFOS: Manager: list: Listing contexts for virtual host 'localhost'
févr. 23, 2015 11:25:25 PM org.apache.catalina.core.ApplicationContext log
INFOS: Manager: list: Listing contexts for virtual host 'localhost'
févr. 23, 2015 11:25:25 PM org.apache.catalina.core.ApplicationContext log
INFOS: Manager: list: Listing contexts for virtual host 'localhost'
févr. 23, 2015 11:25:54 PM org.apache.catalina.core.ApplicationContext log
INFOS: Manager: list: Listing contexts for virtual host 'localhost'
