févr. 03, 2015 3:17:52 PM org.apache.catalina.core.ApplicationContext log
INFOS: Manager: init: Associated with Deployer 'Catalina:type=Deployer,host=localhost'
févr. 03, 2015 3:17:52 PM org.apache.catalina.core.ApplicationContext log
INFOS: Manager: init: Global resources are available
févr. 03, 2015 3:17:52 PM org.apache.catalina.core.ApplicationContext log
INFOS: Manager: list: Listing contexts for virtual host 'localhost'
févr. 03, 2015 3:17:52 PM org.apache.catalina.core.ApplicationContext log
INFOS: Manager: list: Listing contexts for virtual host 'localhost'
févr. 03, 2015 3:20:15 PM org.apache.catalina.core.ApplicationContext log
INFOS: Manager: list: Listing contexts for virtual host 'localhost'
févr. 03, 2015 3:20:15 PM org.apache.catalina.core.ApplicationContext log
INFOS: Manager: list: Listing contexts for virtual host 'localhost'
févr. 03, 2015 3:20:16 PM org.apache.catalina.core.ApplicationContext log
INFOS: Manager: restart: Reloading web application '/ApliDataBase'
févr. 03, 2015 3:20:42 PM org.apache.catalina.core.ApplicationContext log
INFOS: Manager: list: Listing contexts for virtual host 'localhost'
févr. 03, 2015 3:20:42 PM org.apache.catalina.core.ApplicationContext log
INFOS: Manager: list: Listing contexts for virtual host 'localhost'
févr. 03, 2015 3:20:43 PM org.apache.catalina.core.ApplicationContext log
INFOS: Manager: restart: Reloading web application '/ApliDataBase'
févr. 03, 2015 3:21:23 PM org.apache.catalina.core.ApplicationContext log
INFOS: Manager: list: Listing contexts for virtual host 'localhost'
févr. 03, 2015 3:21:24 PM org.apache.catalina.core.ApplicationContext log
INFOS: Manager: list: Listing contexts for virtual host 'localhost'
févr. 03, 2015 3:21:24 PM org.apache.catalina.core.ApplicationContext log
INFOS: Manager: restart: Reloading web application '/ApliDataBase'
févr. 03, 2015 3:22:52 PM org.apache.catalina.core.ApplicationContext log
INFOS: Manager: init: Associated with Deployer 'Catalina:type=Deployer,host=localhost'
févr. 03, 2015 3:22:52 PM org.apache.catalina.core.ApplicationContext log
INFOS: Manager: init: Global resources are available
févr. 03, 2015 3:22:52 PM org.apache.catalina.core.ApplicationContext log
INFOS: Manager: list: Listing contexts for virtual host 'localhost'
févr. 03, 2015 3:22:52 PM org.apache.catalina.core.ApplicationContext log
INFOS: Manager: list: Listing contexts for virtual host 'localhost'
févr. 03, 2015 3:22:52 PM org.apache.catalina.core.ApplicationContext log
INFOS: Manager: restart: Reloading web application '/ApliDataBase'
févr. 03, 2015 3:25:14 PM org.apache.catalina.core.ApplicationContext log
INFOS: Manager: init: Associated with Deployer 'Catalina:type=Deployer,host=localhost'
févr. 03, 2015 3:25:14 PM org.apache.catalina.core.ApplicationContext log
INFOS: Manager: init: Global resources are available
févr. 03, 2015 3:25:14 PM org.apache.catalina.core.ApplicationContext log
INFOS: Manager: list: Listing contexts for virtual host 'localhost'
févr. 03, 2015 3:25:14 PM org.apache.catalina.core.ApplicationContext log
INFOS: Manager: list: Listing contexts for virtual host 'localhost'
févr. 03, 2015 3:25:14 PM org.apache.catalina.core.ApplicationContext log
INFOS: Manager: restart: Reloading web application '/ApliDataBase'
févr. 03, 2015 3:28:55 PM org.apache.catalina.core.ApplicationContext log
INFOS: Manager: init: Associated with Deployer 'Catalina:type=Deployer,host=localhost'
févr. 03, 2015 3:28:55 PM org.apache.catalina.core.ApplicationContext log
INFOS: Manager: init: Global resources are available
févr. 03, 2015 3:28:55 PM org.apache.catalina.core.ApplicationContext log
INFOS: Manager: list: Listing contexts for virtual host 'localhost'
févr. 03, 2015 3:28:55 PM org.apache.catalina.core.ApplicationContext log
INFOS: Manager: list: Listing contexts for virtual host 'localhost'
févr. 03, 2015 3:28:55 PM org.apache.catalina.core.ApplicationContext log
INFOS: Manager: restart: Reloading web application '/ApliDataBase'
févr. 03, 2015 3:29:58 PM org.apache.catalina.core.ApplicationContext log
INFOS: Manager: list: Listing contexts for virtual host 'localhost'
févr. 03, 2015 3:29:58 PM org.apache.catalina.core.ApplicationContext log
INFOS: Manager: list: Listing contexts for virtual host 'localhost'
févr. 03, 2015 3:29:58 PM org.apache.catalina.core.ApplicationContext log
INFOS: Manager: restart: Reloading web application '/ApliDataBase'
févr. 03, 2015 3:35:02 PM org.apache.catalina.core.ApplicationContext log
INFOS: Manager: list: Listing contexts for virtual host 'localhost'
févr. 03, 2015 3:35:03 PM org.apache.catalina.core.ApplicationContext log
INFOS: Manager: list: Listing contexts for virtual host 'localhost'
févr. 03, 2015 3:35:03 PM org.apache.catalina.core.ApplicationContext log
INFOS: Manager: install: Installing context configuration at 'file:/tmp/context3223802535592832213.xml'
févr. 03, 2015 3:35:03 PM org.apache.catalina.core.ApplicationContext log
INFOS: Manager: start: Starting web application '/LeNombreCache'
févr. 03, 2015 3:43:28 PM org.apache.catalina.core.ApplicationContext log
INFOS: Manager: list: Listing contexts for virtual host 'localhost'
févr. 03, 2015 3:43:28 PM org.apache.catalina.core.ApplicationContext log
INFOS: Manager: list: Listing contexts for virtual host 'localhost'
févr. 03, 2015 3:48:32 PM org.apache.catalina.core.ApplicationContext log
INFOS: Manager: list: Listing contexts for virtual host 'localhost'
févr. 03, 2015 3:48:33 PM org.apache.catalina.core.ApplicationContext log
INFOS: Manager: list: Listing contexts for virtual host 'localhost'
févr. 03, 2015 3:51:52 PM org.apache.catalina.core.ApplicationContext log
INFOS: Manager: list: Listing contexts for virtual host 'localhost'
févr. 03, 2015 3:51:53 PM org.apache.catalina.core.ApplicationContext log
INFOS: Manager: list: Listing contexts for virtual host 'localhost'
févr. 03, 2015 3:52:14 PM org.apache.catalina.core.ApplicationContext log
INFOS: Manager: list: Listing contexts for virtual host 'localhost'
févr. 03, 2015 3:52:15 PM org.apache.catalina.core.ApplicationContext log
INFOS: Manager: list: Listing contexts for virtual host 'localhost'
févr. 03, 2015 3:52:29 PM org.apache.catalina.core.ApplicationContext log
INFOS: Manager: list: Listing contexts for virtual host 'localhost'
févr. 03, 2015 3:52:29 PM org.apache.catalina.core.ApplicationContext log
INFOS: Manager: list: Listing contexts for virtual host 'localhost'
févr. 03, 2015 3:52:49 PM org.apache.catalina.core.ApplicationContext log
INFOS: Manager: list: Listing contexts for virtual host 'localhost'
févr. 03, 2015 3:52:49 PM org.apache.catalina.core.ApplicationContext log
INFOS: Manager: list: Listing contexts for virtual host 'localhost'
févr. 03, 2015 3:54:40 PM org.apache.catalina.core.ApplicationContext log
INFOS: Manager: list: Listing contexts for virtual host 'localhost'
févr. 03, 2015 3:54:40 PM org.apache.catalina.core.ApplicationContext log
INFOS: Manager: restart: Reloading web application '/LeNombreCache'
févr. 03, 2015 3:54:47 PM org.apache.catalina.core.ApplicationContext log
INFOS: Manager: list: Listing contexts for virtual host 'localhost'
févr. 03, 2015 3:54:47 PM org.apache.catalina.core.ApplicationContext log
INFOS: Manager: restart: Reloading web application '/LeNombreCache'
févr. 03, 2015 3:54:57 PM org.apache.catalina.core.ApplicationContext log
INFOS: Manager: list: Listing contexts for virtual host 'localhost'
févr. 03, 2015 3:54:58 PM org.apache.catalina.core.ApplicationContext log
INFOS: Manager: list: Listing contexts for virtual host 'localhost'
févr. 03, 2015 3:55:00 PM org.apache.catalina.core.ApplicationContext log
INFOS: Manager: list: Listing contexts for virtual host 'localhost'
févr. 03, 2015 3:55:00 PM org.apache.catalina.core.ApplicationContext log
INFOS: Manager: restart: Reloading web application '/LeNombreCache'
févr. 03, 2015 3:55:50 PM org.apache.catalina.core.ApplicationContext log
INFOS: Manager: list: Listing contexts for virtual host 'localhost'
févr. 03, 2015 3:56:05 PM org.apache.catalina.core.ApplicationContext log
INFOS: Manager: list: Listing contexts for virtual host 'localhost'
févr. 03, 2015 3:56:05 PM org.apache.catalina.core.ApplicationContext log
INFOS: Manager: restart: Reloading web application '/LeNombreCache'
févr. 03, 2015 3:56:06 PM org.apache.catalina.core.ApplicationContext log
INFOS: Manager: list: Listing contexts for virtual host 'localhost'
févr. 03, 2015 3:56:06 PM org.apache.catalina.core.ApplicationContext log
INFOS: Manager: list: Listing contexts for virtual host 'localhost'
févr. 03, 2015 3:56:08 PM org.apache.catalina.core.ApplicationContext log
INFOS: Manager: list: Listing contexts for virtual host 'localhost'
févr. 03, 2015 3:56:08 PM org.apache.catalina.core.ApplicationContext log
INFOS: Manager: restart: Reloading web application '/LeNombreCache'
févr. 03, 2015 3:56:09 PM org.apache.catalina.core.ApplicationContext log
INFOS: Manager: list: Listing contexts for virtual host 'localhost'
févr. 03, 2015 3:56:09 PM org.apache.catalina.core.ApplicationContext log
INFOS: Manager: restart: Reloading web application '/LeNombreCache'
févr. 03, 2015 3:56:15 PM org.apache.catalina.core.ApplicationContext log
INFOS: Manager: list: Listing contexts for virtual host 'localhost'
févr. 03, 2015 3:56:16 PM org.apache.catalina.core.ApplicationContext log
INFOS: Manager: list: Listing contexts for virtual host 'localhost'
févr. 03, 2015 3:56:16 PM org.apache.catalina.core.ApplicationContext log
INFOS: Manager: restart: Reloading web application '/LeNombreCache'
févr. 03, 2015 3:56:17 PM org.apache.catalina.core.ApplicationContext log
INFOS: Manager: list: Listing contexts for virtual host 'localhost'
févr. 03, 2015 3:56:17 PM org.apache.catalina.core.ApplicationContext log
INFOS: Manager: restart: Reloading web application '/LeNombreCache'
févr. 03, 2015 3:57:31 PM org.apache.catalina.core.ApplicationContext log
INFOS: Manager: list: Listing contexts for virtual host 'localhost'
févr. 03, 2015 3:57:31 PM org.apache.catalina.core.ApplicationContext log
INFOS: Manager: restart: Reloading web application '/LeNombreCache'
févr. 03, 2015 3:57:32 PM org.apache.catalina.core.ApplicationContext log
INFOS: Manager: list: Listing contexts for virtual host 'localhost'
févr. 03, 2015 3:57:32 PM org.apache.catalina.core.ApplicationContext log
INFOS: Manager: restart: Reloading web application '/LeNombreCache'
févr. 03, 2015 4:07:51 PM org.apache.catalina.core.ApplicationContext log
INFOS: Manager: list: Listing contexts for virtual host 'localhost'
févr. 03, 2015 4:07:52 PM org.apache.catalina.core.ApplicationContext log
INFOS: Manager: list: Listing contexts for virtual host 'localhost'
févr. 03, 2015 4:07:52 PM org.apache.catalina.core.ApplicationContext log
INFOS: Manager: restart: Reloading web application '/LeNombreCache'
févr. 03, 2015 4:07:54 PM org.apache.catalina.core.ApplicationContext log
INFOS: Manager: list: Listing contexts for virtual host 'localhost'
févr. 03, 2015 4:07:54 PM org.apache.catalina.core.ApplicationContext log
INFOS: Manager: list: Listing contexts for virtual host 'localhost'
févr. 03, 2015 4:42:25 PM org.apache.catalina.core.ApplicationContext log
INFOS: Manager: list: Listing contexts for virtual host 'localhost'
févr. 03, 2015 4:42:25 PM org.apache.catalina.core.ApplicationContext log
INFOS: Manager: list: Listing contexts for virtual host 'localhost'
févr. 03, 2015 4:42:25 PM org.apache.catalina.core.ApplicationContext log
INFOS: Manager: restart: Reloading web application '/LeNombreCache'
févr. 03, 2015 4:44:07 PM org.apache.catalina.core.ApplicationContext log
INFOS: Manager: list: Listing contexts for virtual host 'localhost'
févr. 03, 2015 4:44:07 PM org.apache.catalina.core.ApplicationContext log
INFOS: Manager: list: Listing contexts for virtual host 'localhost'
févr. 03, 2015 4:45:10 PM org.apache.catalina.core.ApplicationContext log
INFOS: Manager: init: Associated with Deployer 'Catalina:type=Deployer,host=localhost'
févr. 03, 2015 4:45:10 PM org.apache.catalina.core.ApplicationContext log
INFOS: Manager: init: Global resources are available
févr. 03, 2015 4:45:10 PM org.apache.catalina.core.ApplicationContext log
INFOS: Manager: list: Listing contexts for virtual host 'localhost'
févr. 03, 2015 4:45:10 PM org.apache.catalina.core.ApplicationContext log
INFOS: Manager: list: Listing contexts for virtual host 'localhost'
févr. 03, 2015 4:45:10 PM org.apache.catalina.core.ApplicationContext log
INFOS: Manager: undeploy: Undeploying web application at '/LeNombreCache'
févr. 03, 2015 4:45:12 PM org.apache.catalina.core.ApplicationContext log
INFOS: Manager: install: Installing context configuration at 'file:/tmp/context5847188092746780442.xml'
févr. 03, 2015 4:45:12 PM org.apache.catalina.core.ApplicationContext log
INFOS: Manager: start: Starting web application '/LeNombreCache'
févr. 03, 2015 4:48:42 PM org.apache.catalina.core.ApplicationContext log
INFOS: Manager: list: Listing contexts for virtual host 'localhost'
févr. 03, 2015 4:48:42 PM org.apache.catalina.core.ApplicationContext log
INFOS: Manager: list: Listing contexts for virtual host 'localhost'
févr. 03, 2015 4:48:42 PM org.apache.catalina.core.ApplicationContext log
INFOS: Manager: restart: Reloading web application '/LeNombreCache'
févr. 03, 2015 4:51:46 PM org.apache.catalina.core.ApplicationContext log
INFOS: Manager: list: Listing contexts for virtual host 'localhost'
févr. 03, 2015 4:51:46 PM org.apache.catalina.core.ApplicationContext log
INFOS: Manager: list: Listing contexts for virtual host 'localhost'
févr. 03, 2015 4:54:51 PM org.apache.catalina.core.ApplicationContext log
INFOS: Manager: list: Listing contexts for virtual host 'localhost'
févr. 03, 2015 4:54:51 PM org.apache.catalina.core.ApplicationContext log
INFOS: Manager: list: Listing contexts for virtual host 'localhost'
févr. 03, 2015 5:06:11 PM org.apache.catalina.core.ApplicationContext log
INFOS: Manager: list: Listing contexts for virtual host 'localhost'
févr. 03, 2015 5:06:11 PM org.apache.catalina.core.ApplicationContext log
INFOS: Manager: list: Listing contexts for virtual host 'localhost'
févr. 03, 2015 5:07:58 PM org.apache.catalina.core.ApplicationContext log
INFOS: Manager: list: Listing contexts for virtual host 'localhost'
févr. 03, 2015 5:07:58 PM org.apache.catalina.core.ApplicationContext log
INFOS: Manager: list: Listing contexts for virtual host 'localhost'
févr. 03, 2015 5:07:58 PM org.apache.catalina.core.ApplicationContext log
INFOS: Manager: restart: Reloading web application '/LeNombreCache'
févr. 03, 2015 5:08:15 PM org.apache.catalina.core.ApplicationContext log
INFOS: Manager: list: Listing contexts for virtual host 'localhost'
févr. 03, 2015 5:08:15 PM org.apache.catalina.core.ApplicationContext log
INFOS: Manager: list: Listing contexts for virtual host 'localhost'
févr. 03, 2015 5:08:16 PM org.apache.catalina.core.ApplicationContext log
INFOS: Manager: restart: Reloading web application '/LeNombreCache'
févr. 03, 2015 5:15:40 PM org.apache.catalina.core.ApplicationContext log
INFOS: Manager: list: Listing contexts for virtual host 'localhost'
févr. 03, 2015 5:15:41 PM org.apache.catalina.core.ApplicationContext log
INFOS: Manager: restart: Reloading web application '/ApliDataBase'
févr. 03, 2015 5:15:42 PM org.apache.catalina.core.ApplicationContext log
INFOS: Manager: list: Listing contexts for virtual host 'localhost'
févr. 03, 2015 5:15:42 PM org.apache.catalina.core.ApplicationContext log
INFOS: Manager: list: Listing contexts for virtual host 'localhost'
févr. 03, 2015 5:21:23 PM org.apache.catalina.core.ApplicationContext log
INFOS: Manager: list: Listing contexts for virtual host 'localhost'
févr. 03, 2015 5:21:23 PM org.apache.catalina.core.ApplicationContext log
INFOS: Manager: list: Listing contexts for virtual host 'localhost'
févr. 03, 2015 5:21:24 PM org.apache.catalina.core.ApplicationContext log
INFOS: Manager: restart: Reloading web application '/LeNombreCache'
févr. 03, 2015 5:21:38 PM org.apache.catalina.core.ApplicationContext log
INFOS: Manager: list: Listing contexts for virtual host 'localhost'
févr. 03, 2015 5:21:38 PM org.apache.catalina.core.ApplicationContext log
INFOS: Manager: list: Listing contexts for virtual host 'localhost'
févr. 03, 2015 5:21:38 PM org.apache.catalina.core.ApplicationContext log
INFOS: Manager: undeploy: Undeploying web application at '/LeNombreCache'
févr. 03, 2015 5:21:39 PM org.apache.catalina.core.ApplicationContext log
INFOS: Manager: install: Installing context configuration at 'file:/tmp/context3099063443332971202.xml'
févr. 03, 2015 5:21:39 PM org.apache.catalina.core.ApplicationContext log
INFOS: Manager: start: Starting web application '/LeNombreCache'
févr. 03, 2015 5:25:27 PM org.apache.catalina.core.ApplicationContext log
INFOS: Manager: list: Listing contexts for virtual host 'localhost'
févr. 03, 2015 5:25:28 PM org.apache.catalina.core.ApplicationContext log
INFOS: Manager: list: Listing contexts for virtual host 'localhost'
févr. 03, 2015 5:25:28 PM org.apache.catalina.core.ApplicationContext log
INFOS: Manager: undeploy: Undeploying web application at '/LeNombreCache'
févr. 03, 2015 5:25:28 PM org.apache.catalina.core.ApplicationContext log
INFOS: Manager: install: Installing context configuration at 'file:/tmp/context946415581251788977.xml'
févr. 03, 2015 5:25:29 PM org.apache.catalina.core.ApplicationContext log
INFOS: Manager: start: Starting web application '/LeNombreCache'
févr. 03, 2015 5:28:02 PM org.apache.catalina.core.ApplicationContext log
INFOS: Manager: list: Listing contexts for virtual host 'localhost'
févr. 03, 2015 5:28:03 PM org.apache.catalina.core.ApplicationContext log
INFOS: Manager: list: Listing contexts for virtual host 'localhost'
févr. 03, 2015 5:28:03 PM org.apache.catalina.core.ApplicationContext log
INFOS: Manager: undeploy: Undeploying web application at '/LeNombreCache'
févr. 03, 2015 5:28:03 PM org.apache.catalina.core.ApplicationContext log
INFOS: Manager: install: Installing context configuration at 'file:/tmp/context4669432644563903814.xml'
févr. 03, 2015 5:28:04 PM org.apache.catalina.core.ApplicationContext log
INFOS: Manager: start: Starting web application '/LeNombreCache'
févr. 03, 2015 5:31:12 PM org.apache.catalina.core.ApplicationContext log
INFOS: Manager: list: Listing contexts for virtual host 'localhost'
févr. 03, 2015 5:31:12 PM org.apache.catalina.core.ApplicationContext log
INFOS: Manager: list: Listing contexts for virtual host 'localhost'
févr. 03, 2015 5:31:13 PM org.apache.catalina.core.ApplicationContext log
INFOS: Manager: restart: Reloading web application '/LeNombreCache'
févr. 03, 2015 5:33:34 PM org.apache.catalina.core.ApplicationContext log
INFOS: Manager: list: Listing contexts for virtual host 'localhost'
févr. 03, 2015 5:33:34 PM org.apache.catalina.core.ApplicationContext log
INFOS: Manager: list: Listing contexts for virtual host 'localhost'
févr. 03, 2015 5:33:34 PM org.apache.catalina.core.ApplicationContext log
INFOS: Manager: undeploy: Undeploying web application at '/LeNombreCache'
févr. 03, 2015 5:33:35 PM org.apache.catalina.core.ApplicationContext log
INFOS: Manager: install: Installing context configuration at 'file:/tmp/context2587356226096963601.xml'
févr. 03, 2015 5:33:36 PM org.apache.catalina.core.ApplicationContext log
INFOS: Manager: start: Starting web application '/LeNombreCache'
févr. 03, 2015 5:33:36 PM org.apache.catalina.core.ApplicationContext log
INFOS: Manager: list: Listing contexts for virtual host 'localhost'
févr. 03, 2015 5:33:36 PM org.apache.catalina.core.ApplicationContext log
INFOS: Manager: restart: Reloading web application '/LeNombreCache'
févr. 03, 2015 5:33:54 PM org.apache.catalina.core.ApplicationContext log
INFOS: Manager: list: Listing contexts for virtual host 'localhost'
févr. 03, 2015 5:33:54 PM org.apache.catalina.core.ApplicationContext log
INFOS: Manager: list: Listing contexts for virtual host 'localhost'
févr. 03, 2015 5:33:54 PM org.apache.catalina.core.ApplicationContext log
INFOS: Manager: restart: Reloading web application '/LeNombreCache'
févr. 03, 2015 5:39:44 PM org.apache.catalina.core.ApplicationContext log
INFOS: Manager: list: Listing contexts for virtual host 'localhost'
févr. 03, 2015 5:39:44 PM org.apache.catalina.core.ApplicationContext log
INFOS: Manager: list: Listing contexts for virtual host 'localhost'
févr. 03, 2015 5:39:44 PM org.apache.catalina.core.ApplicationContext log
INFOS: Manager: restart: Reloading web application '/LeNombreCache'
févr. 03, 2015 5:40:00 PM org.apache.catalina.core.ApplicationContext log
INFOS: Manager: list: Listing contexts for virtual host 'localhost'
févr. 03, 2015 5:40:00 PM org.apache.catalina.core.ApplicationContext log
INFOS: Manager: list: Listing contexts for virtual host 'localhost'
févr. 03, 2015 5:40:07 PM org.apache.catalina.core.ApplicationContext log
INFOS: Manager: list: Listing contexts for virtual host 'localhost'
févr. 03, 2015 5:40:07 PM org.apache.catalina.core.ApplicationContext log
INFOS: Manager: list: Listing contexts for virtual host 'localhost'
