janv. 29, 2015 1:25:43 PM org.apache.catalina.core.ApplicationContext log
INFOS: Manager: init: Associated with Deployer 'Catalina:type=Deployer,host=localhost'
janv. 29, 2015 1:25:43 PM org.apache.catalina.core.ApplicationContext log
INFOS: Manager: init: Global resources are available
janv. 29, 2015 1:25:43 PM org.apache.catalina.core.ApplicationContext log
INFOS: Manager: list: Listing contexts for virtual host 'localhost'
janv. 29, 2015 1:25:43 PM org.apache.catalina.core.ApplicationContext log
INFOS: Manager: list: Listing contexts for virtual host 'localhost'
janv. 29, 2015 1:25:43 PM org.apache.catalina.core.ApplicationContext log
INFOS: Manager: install: Installing context configuration at 'file:/tmp/context6460529477805291016.xml'
janv. 29, 2015 1:25:43 PM org.apache.catalina.core.ApplicationContext log
INFOS: Manager: start: Starting web application '/WebApplication1'
janv. 29, 2015 1:40:12 PM org.apache.catalina.core.ApplicationContext log
INFOS: Manager: list: Listing contexts for virtual host 'localhost'
janv. 29, 2015 1:40:12 PM org.apache.catalina.core.ApplicationContext log
INFOS: Manager: list: Listing contexts for virtual host 'localhost'
janv. 29, 2015 1:43:26 PM org.apache.catalina.core.ApplicationContext log
INFOS: Manager: list: Listing contexts for virtual host 'localhost'
janv. 29, 2015 1:43:26 PM org.apache.catalina.core.ApplicationContext log
INFOS: Manager: list: Listing contexts for virtual host 'localhost'
janv. 29, 2015 1:45:20 PM org.apache.catalina.core.ApplicationContext log
INFOS: Manager: list: Listing contexts for virtual host 'localhost'
janv. 29, 2015 1:45:20 PM org.apache.catalina.core.ApplicationContext log
INFOS: Manager: restart: Reloading web application '/WebApplication1'
janv. 29, 2015 1:45:21 PM org.apache.catalina.core.ApplicationContext log
INFOS: Manager: list: Listing contexts for virtual host 'localhost'
janv. 29, 2015 1:45:21 PM org.apache.catalina.core.ApplicationContext log
INFOS: Manager: restart: Reloading web application '/WebApplication1'
janv. 29, 2015 1:47:49 PM org.apache.catalina.core.ApplicationContext log
INFOS: Manager: list: Listing contexts for virtual host 'localhost'
janv. 29, 2015 1:47:49 PM org.apache.catalina.core.ApplicationContext log
INFOS: Manager: list: Listing contexts for virtual host 'localhost'
janv. 29, 2015 1:47:49 PM org.apache.catalina.core.ApplicationContext log
INFOS: Manager: restart: Reloading web application '/WebApplication1'
janv. 29, 2015 1:48:29 PM org.apache.catalina.core.ApplicationContext log
INFOS: Manager: list: Listing contexts for virtual host 'localhost'
janv. 29, 2015 1:48:29 PM org.apache.catalina.core.ApplicationContext log
INFOS: Manager: list: Listing contexts for virtual host 'localhost'
janv. 29, 2015 1:48:29 PM org.apache.catalina.core.ApplicationContext log
INFOS: Manager: restart: Reloading web application '/WebApplication1'
janv. 29, 2015 2:04:58 PM org.apache.catalina.core.ApplicationContext log
INFOS: Manager: list: Listing contexts for virtual host 'localhost'
janv. 29, 2015 2:04:58 PM org.apache.catalina.core.ApplicationContext log
INFOS: Manager: list: Listing contexts for virtual host 'localhost'
janv. 29, 2015 2:04:58 PM org.apache.catalina.core.ApplicationContext log
INFOS: Manager: restart: Reloading web application '/WebApplication1'
janv. 29, 2015 2:08:26 PM org.apache.catalina.core.ApplicationContext log
INFOS: Manager: list: Listing contexts for virtual host 'localhost'
janv. 29, 2015 2:08:26 PM org.apache.catalina.core.ApplicationContext log
INFOS: Manager: list: Listing contexts for virtual host 'localhost'
janv. 29, 2015 2:23:44 PM org.apache.catalina.core.ApplicationContext log
INFOS: Manager: list: Listing contexts for virtual host 'localhost'
janv. 29, 2015 2:23:44 PM org.apache.catalina.core.ApplicationContext log
INFOS: Manager: restart: Reloading web application '/WebApplication1'
janv. 29, 2015 2:23:44 PM org.apache.catalina.core.ApplicationContext log
INFOS: Manager: list: Listing contexts for virtual host 'localhost'
janv. 29, 2015 2:23:45 PM org.apache.catalina.core.ApplicationContext log
INFOS: Manager: restart: Reloading web application '/WebApplication1'
janv. 29, 2015 2:26:06 PM org.apache.catalina.core.ApplicationContext log
INFOS: Manager: list: Listing contexts for virtual host 'localhost'
janv. 29, 2015 2:26:06 PM org.apache.catalina.core.ApplicationContext log
INFOS: Manager: list: Listing contexts for virtual host 'localhost'
janv. 29, 2015 2:26:06 PM org.apache.catalina.core.ApplicationContext log
INFOS: Manager: restart: Reloading web application '/WebApplication1'
janv. 29, 2015 2:27:26 PM org.apache.catalina.core.ApplicationContext log
INFOS: Manager: list: Listing contexts for virtual host 'localhost'
janv. 29, 2015 2:27:26 PM org.apache.catalina.core.ApplicationContext log
INFOS: Manager: list: Listing contexts for virtual host 'localhost'
janv. 29, 2015 2:30:06 PM org.apache.catalina.core.ApplicationContext log
INFOS: Manager: list: Listing contexts for virtual host 'localhost'
janv. 29, 2015 2:30:06 PM org.apache.catalina.core.ApplicationContext log
INFOS: Manager: list: Listing contexts for virtual host 'localhost'
janv. 29, 2015 2:36:44 PM org.apache.catalina.core.ApplicationContext log
INFOS: Manager: list: Listing contexts for virtual host 'localhost'
janv. 29, 2015 2:36:44 PM org.apache.catalina.core.ApplicationContext log
INFOS: Manager: list: Listing contexts for virtual host 'localhost'
janv. 29, 2015 2:36:44 PM org.apache.catalina.core.ApplicationContext log
INFOS: Manager: restart: Reloading web application '/WebApplication1'
janv. 29, 2015 2:38:01 PM org.apache.catalina.core.ApplicationContext log
INFOS: Manager: init: Associated with Deployer 'Catalina:type=Deployer,host=localhost'
janv. 29, 2015 2:38:01 PM org.apache.catalina.core.ApplicationContext log
INFOS: Manager: init: Global resources are available
janv. 29, 2015 2:38:01 PM org.apache.catalina.core.ApplicationContext log
INFOS: Manager: list: Listing contexts for virtual host 'localhost'
janv. 29, 2015 2:38:01 PM org.apache.catalina.core.ApplicationContext log
INFOS: Manager: list: Listing contexts for virtual host 'localhost'
janv. 29, 2015 2:38:01 PM org.apache.catalina.core.ApplicationContext log
INFOS: Manager: undeploy: Undeploying web application at '/WebApplication1'
janv. 29, 2015 2:38:02 PM org.apache.catalina.core.ApplicationContext log
INFOS: Manager: install: Installing context configuration at 'file:/tmp/context3153699352641417366.xml'
janv. 29, 2015 2:38:02 PM org.apache.catalina.core.ApplicationContext log
INFOS: Manager: start: Starting web application '/WebApplication1'
janv. 29, 2015 2:40:09 PM org.apache.catalina.core.ApplicationContext log
INFOS: Manager: list: Listing contexts for virtual host 'localhost'
janv. 29, 2015 2:40:09 PM org.apache.catalina.core.ApplicationContext log
INFOS: Manager: list: Listing contexts for virtual host 'localhost'
janv. 29, 2015 2:40:09 PM org.apache.catalina.core.ApplicationContext log
INFOS: Manager: restart: Reloading web application '/WebApplication1'
janv. 29, 2015 2:42:08 PM org.apache.catalina.core.ApplicationContext log
INFOS: Manager: list: Listing contexts for virtual host 'localhost'
janv. 29, 2015 2:42:08 PM org.apache.catalina.core.ApplicationContext log
INFOS: Manager: restart: Reloading web application '/WebApplication1'
janv. 29, 2015 2:42:08 PM org.apache.catalina.core.ApplicationContext log
INFOS: Manager: list: Listing contexts for virtual host 'localhost'
janv. 29, 2015 2:42:08 PM org.apache.catalina.core.ApplicationContext log
INFOS: Manager: restart: Reloading web application '/WebApplication1'
janv. 29, 2015 2:46:30 PM org.apache.catalina.core.ApplicationContext log
INFOS: Manager: list: Listing contexts for virtual host 'localhost'
janv. 29, 2015 2:46:30 PM org.apache.catalina.core.ApplicationContext log
INFOS: Manager: restart: Reloading web application '/WebApplication1'
janv. 29, 2015 2:53:50 PM org.apache.catalina.core.ApplicationContext log
INFOS: Manager: list: Listing contexts for virtual host 'localhost'
janv. 29, 2015 2:53:50 PM org.apache.catalina.core.ApplicationContext log
INFOS: Manager: list: Listing contexts for virtual host 'localhost'
janv. 29, 2015 2:53:50 PM org.apache.catalina.core.ApplicationContext log
INFOS: Manager: restart: Reloading web application '/WebApplication1'
janv. 29, 2015 2:59:01 PM org.apache.catalina.core.ApplicationContext log
INFOS: Manager: list: Listing contexts for virtual host 'localhost'
janv. 29, 2015 2:59:01 PM org.apache.catalina.core.ApplicationContext log
INFOS: Manager: list: Listing contexts for virtual host 'localhost'
janv. 29, 2015 2:59:01 PM org.apache.catalina.core.ApplicationContext log
INFOS: Manager: restart: Reloading web application '/WebApplication1'
janv. 29, 2015 3:01:28 PM org.apache.catalina.core.ApplicationContext log
INFOS: Manager: list: Listing contexts for virtual host 'localhost'
janv. 29, 2015 3:01:28 PM org.apache.catalina.core.ApplicationContext log
INFOS: Manager: list: Listing contexts for virtual host 'localhost'
janv. 29, 2015 3:03:13 PM org.apache.catalina.core.ApplicationContext log
INFOS: Manager: list: Listing contexts for virtual host 'localhost'
janv. 29, 2015 3:03:13 PM org.apache.catalina.core.ApplicationContext log
INFOS: Manager: restart: Reloading web application '/WebApplication1'
janv. 29, 2015 3:04:37 PM org.apache.catalina.core.ApplicationContext log
INFOS: Manager: list: Listing contexts for virtual host 'localhost'
janv. 29, 2015 3:04:37 PM org.apache.catalina.core.ApplicationContext log
INFOS: Manager: list: Listing contexts for virtual host 'localhost'
janv. 29, 2015 3:04:37 PM org.apache.catalina.core.ApplicationContext log
INFOS: Manager: undeploy: Undeploying web application at '/WebApplication1'
janv. 29, 2015 3:04:37 PM org.apache.catalina.core.ApplicationContext log
INFOS: Manager: install: Installing context configuration at 'file:/tmp/context5570567924034873748.xml'
janv. 29, 2015 3:04:38 PM org.apache.catalina.core.ApplicationContext log
INFOS: Manager: start: Starting web application '/WebApplication1'
janv. 29, 2015 3:20:58 PM org.apache.catalina.core.ApplicationContext log
INFOS: Manager: list: Listing contexts for virtual host 'localhost'
janv. 29, 2015 3:20:58 PM org.apache.catalina.core.ApplicationContext log
INFOS: Manager: list: Listing contexts for virtual host 'localhost'
janv. 29, 2015 3:20:58 PM org.apache.catalina.core.ApplicationContext log
INFOS: Manager: restart: Reloading web application '/WebApplication1'
janv. 29, 2015 3:21:19 PM org.apache.catalina.core.ApplicationContext log
INFOS: Manager: list: Listing contexts for virtual host 'localhost'
janv. 29, 2015 3:21:19 PM org.apache.catalina.core.ApplicationContext log
INFOS: Manager: undeploy: Undeploying web application at '/WebApplication1'
janv. 29, 2015 3:21:28 PM org.apache.catalina.core.ApplicationContext log
INFOS: Manager: list: Listing contexts for virtual host 'localhost'
janv. 29, 2015 3:21:28 PM org.apache.catalina.core.ApplicationContext log
INFOS: Manager: list: Listing contexts for virtual host 'localhost'
janv. 29, 2015 3:21:28 PM org.apache.catalina.core.ApplicationContext log
INFOS: Manager: install: Installing context configuration at 'file:/tmp/context7595446249117787338.xml'
janv. 29, 2015 3:21:28 PM org.apache.catalina.core.ApplicationContext log
INFOS: Manager: start: Starting web application '/WebApplication1'
janv. 29, 2015 3:23:45 PM org.apache.catalina.core.ApplicationContext log
INFOS: Manager: list: Listing contexts for virtual host 'localhost'
janv. 29, 2015 3:23:45 PM org.apache.catalina.core.ApplicationContext log
INFOS: Manager: restart: Reloading web application '/WebApplication1'
janv. 29, 2015 3:23:57 PM org.apache.catalina.core.ApplicationContext log
INFOS: Manager: list: Listing contexts for virtual host 'localhost'
janv. 29, 2015 3:23:57 PM org.apache.catalina.core.ApplicationContext log
INFOS: Manager: list: Listing contexts for virtual host 'localhost'
janv. 29, 2015 3:23:57 PM org.apache.catalina.core.ApplicationContext log
INFOS: Manager: restart: Reloading web application '/WebApplication1'
janv. 29, 2015 3:24:31 PM org.apache.catalina.core.ApplicationContext log
INFOS: Manager: list: Listing contexts for virtual host 'localhost'
janv. 29, 2015 3:24:31 PM org.apache.catalina.core.ApplicationContext log
INFOS: Manager: list: Listing contexts for virtual host 'localhost'
janv. 29, 2015 3:24:31 PM org.apache.catalina.core.ApplicationContext log
INFOS: Manager: restart: Reloading web application '/WebApplication1'
janv. 29, 2015 3:25:37 PM org.apache.catalina.core.ApplicationContext log
INFOS: Manager: list: Listing contexts for virtual host 'localhost'
janv. 29, 2015 3:25:37 PM org.apache.catalina.core.ApplicationContext log
INFOS: Manager: undeploy: Undeploying web application at '/WebApplication1'
janv. 29, 2015 3:25:44 PM org.apache.catalina.core.ApplicationContext log
INFOS: Manager: list: Listing contexts for virtual host 'localhost'
janv. 29, 2015 3:25:44 PM org.apache.catalina.core.ApplicationContext log
INFOS: Manager: list: Listing contexts for virtual host 'localhost'
janv. 29, 2015 3:25:44 PM org.apache.catalina.core.ApplicationContext log
INFOS: Manager: install: Installing context configuration at 'file:/tmp/context3553000540729551417.xml'
janv. 29, 2015 3:25:44 PM org.apache.catalina.core.ApplicationContext log
INFOS: Manager: start: Starting web application '/WebApplication1'
janv. 29, 2015 3:26:33 PM org.apache.catalina.core.ApplicationContext log
INFOS: Manager: list: Listing contexts for virtual host 'localhost'
janv. 29, 2015 3:26:33 PM org.apache.catalina.core.ApplicationContext log
INFOS: Manager: list: Listing contexts for virtual host 'localhost'
janv. 29, 2015 3:26:33 PM org.apache.catalina.core.ApplicationContext log
INFOS: Manager: undeploy: Undeploying web application at '/WebApplication1'
janv. 29, 2015 3:26:33 PM org.apache.catalina.core.ApplicationContext log
INFOS: Manager: install: Installing context configuration at 'file:/tmp/context1806520855040523155.xml'
janv. 29, 2015 3:26:33 PM org.apache.catalina.core.ApplicationContext log
INFOS: Manager: start: Starting web application '/WebApplication1'
janv. 29, 2015 3:29:26 PM org.apache.catalina.core.ApplicationContext log
INFOS: Manager: init: Associated with Deployer 'Catalina:type=Deployer,host=localhost'
janv. 29, 2015 3:29:26 PM org.apache.catalina.core.ApplicationContext log
INFOS: Manager: init: Global resources are available
janv. 29, 2015 3:29:27 PM org.apache.catalina.core.ApplicationContext log
INFOS: Manager: list: Listing contexts for virtual host 'localhost'
janv. 29, 2015 3:29:27 PM org.apache.catalina.core.ApplicationContext log
INFOS: Manager: list: Listing contexts for virtual host 'localhost'
janv. 29, 2015 3:31:17 PM org.apache.catalina.core.ApplicationContext log
INFOS: Manager: init: Associated with Deployer 'Catalina:type=Deployer,host=localhost'
janv. 29, 2015 3:31:17 PM org.apache.catalina.core.ApplicationContext log
INFOS: Manager: init: Global resources are available
janv. 29, 2015 3:31:17 PM org.apache.catalina.core.ApplicationContext log
INFOS: Manager: list: Listing contexts for virtual host 'localhost'
janv. 29, 2015 3:31:17 PM org.apache.catalina.core.ApplicationContext log
INFOS: Manager: list: Listing contexts for virtual host 'localhost'
janv. 29, 2015 3:31:18 PM org.apache.catalina.core.ApplicationContext log
INFOS: Manager: undeploy: Undeploying web application at '/WebApplication1'
janv. 29, 2015 3:31:18 PM org.apache.catalina.core.ApplicationContext log
INFOS: Manager: install: Installing context configuration at 'file:/tmp/context1582323782300952705.xml'
janv. 29, 2015 3:31:19 PM org.apache.catalina.core.ApplicationContext log
INFOS: Manager: start: Starting web application '/WebApplication1'
janv. 29, 2015 3:32:15 PM org.apache.catalina.core.ApplicationContext log
INFOS: Manager: list: Listing contexts for virtual host 'localhost'
janv. 29, 2015 3:32:15 PM org.apache.catalina.core.ApplicationContext log
INFOS: Manager: restart: Reloading web application '/WebApplication1'
janv. 29, 2015 3:32:25 PM org.apache.catalina.core.ApplicationContext log
INFOS: Manager: list: Listing contexts for virtual host 'localhost'
janv. 29, 2015 3:32:25 PM org.apache.catalina.core.ApplicationContext log
INFOS: Manager: list: Listing contexts for virtual host 'localhost'
janv. 29, 2015 3:32:25 PM org.apache.catalina.core.ApplicationContext log
INFOS: Manager: undeploy: Undeploying web application at '/WebApplication1'
janv. 29, 2015 3:32:26 PM org.apache.catalina.core.ApplicationContext log
INFOS: Manager: install: Installing context configuration at 'file:/tmp/context2616571090535691628.xml'
janv. 29, 2015 3:32:27 PM org.apache.catalina.core.ApplicationContext log
INFOS: Manager: start: Starting web application '/WebApplication1'
janv. 29, 2015 3:40:16 PM org.apache.catalina.core.ApplicationContext log
INFOS: Manager: list: Listing contexts for virtual host 'localhost'
janv. 29, 2015 3:40:16 PM org.apache.catalina.core.ApplicationContext log
INFOS: Manager: restart: Reloading web application '/WebApplication1'
janv. 29, 2015 3:40:17 PM org.apache.catalina.core.ApplicationContext log
INFOS: Manager: list: Listing contexts for virtual host 'localhost'
janv. 29, 2015 3:40:17 PM org.apache.catalina.core.ApplicationContext log
INFOS: Manager: restart: Reloading web application '/WebApplication1'
janv. 29, 2015 3:41:47 PM org.apache.catalina.core.ApplicationContext log
INFOS: Manager: list: Listing contexts for virtual host 'localhost'
janv. 29, 2015 3:41:47 PM org.apache.catalina.core.ApplicationContext log
INFOS: Manager: list: Listing contexts for virtual host 'localhost'
janv. 29, 2015 3:41:48 PM org.apache.catalina.core.ApplicationContext log
INFOS: Manager: restart: Reloading web application '/WebApplication1'
janv. 29, 2015 3:43:01 PM org.apache.catalina.core.ApplicationContext log
INFOS: Manager: list: Listing contexts for virtual host 'localhost'
janv. 29, 2015 3:43:01 PM org.apache.catalina.core.ApplicationContext log
INFOS: Manager: restart: Reloading web application '/WebApplication1'
janv. 29, 2015 3:46:06 PM org.apache.catalina.core.ApplicationContext log
INFOS: Manager: list: Listing contexts for virtual host 'localhost'
janv. 29, 2015 3:46:07 PM org.apache.catalina.core.ApplicationContext log
INFOS: Manager: list: Listing contexts for virtual host 'localhost'
janv. 29, 2015 3:46:07 PM org.apache.catalina.core.ApplicationContext log
INFOS: Manager: restart: Reloading web application '/WebApplication1'
janv. 29, 2015 3:47:14 PM org.apache.catalina.core.ApplicationContext log
INFOS: Manager: list: Listing contexts for virtual host 'localhost'
janv. 29, 2015 3:47:14 PM org.apache.catalina.core.ApplicationContext log
INFOS: Manager: list: Listing contexts for virtual host 'localhost'
janv. 29, 2015 3:47:14 PM org.apache.catalina.core.ApplicationContext log
INFOS: Manager: restart: Reloading web application '/WebApplication1'
janv. 29, 2015 3:47:20 PM org.apache.catalina.core.ApplicationContext log
INFOS: Manager: list: Listing contexts for virtual host 'localhost'
janv. 29, 2015 3:47:20 PM org.apache.catalina.core.ApplicationContext log
INFOS: Manager: list: Listing contexts for virtual host 'localhost'
janv. 29, 2015 3:47:20 PM org.apache.catalina.core.ApplicationContext log
INFOS: Manager: undeploy: Undeploying web application at '/WebApplication1'
janv. 29, 2015 3:47:21 PM org.apache.catalina.core.ApplicationContext log
INFOS: Manager: install: Installing context configuration at 'file:/tmp/context6982617572926932985.xml'
janv. 29, 2015 3:47:21 PM org.apache.catalina.core.ApplicationContext log
INFOS: Manager: start: Starting web application '/WebApplication1'
janv. 29, 2015 3:51:15 PM org.apache.catalina.core.ApplicationContext log
INFOS: Manager: list: Listing contexts for virtual host 'localhost'
janv. 29, 2015 3:51:15 PM org.apache.catalina.core.ApplicationContext log
INFOS: Manager: restart: Reloading web application '/WebApplication1'
janv. 29, 2015 3:51:23 PM org.apache.catalina.core.ApplicationContext log
INFOS: Manager: list: Listing contexts for virtual host 'localhost'
janv. 29, 2015 3:51:23 PM org.apache.catalina.core.ApplicationContext log
INFOS: Manager: restart: Reloading web application '/WebApplication1'
janv. 29, 2015 3:57:44 PM org.apache.catalina.core.ApplicationContext log
INFOS: Manager: list: Listing contexts for virtual host 'localhost'
janv. 29, 2015 3:57:44 PM org.apache.catalina.core.ApplicationContext log
INFOS: Manager: list: Listing contexts for virtual host 'localhost'
janv. 29, 2015 3:57:44 PM org.apache.catalina.core.ApplicationContext log
INFOS: Manager: restart: Reloading web application '/WebApplication1'
janv. 29, 2015 3:58:07 PM org.apache.catalina.core.ApplicationContext log
INFOS: Manager: list: Listing contexts for virtual host 'localhost'
janv. 29, 2015 3:58:08 PM org.apache.catalina.core.ApplicationContext log
INFOS: Manager: list: Listing contexts for virtual host 'localhost'
janv. 29, 2015 3:58:32 PM org.apache.catalina.core.ApplicationContext log
INFOS: Manager: list: Listing contexts for virtual host 'localhost'
janv. 29, 2015 3:58:32 PM org.apache.catalina.core.ApplicationContext log
INFOS: Manager: list: Listing contexts for virtual host 'localhost'
janv. 29, 2015 3:58:32 PM org.apache.catalina.core.ApplicationContext log
INFOS: Manager: restart: Reloading web application '/WebApplication1'
janv. 29, 2015 3:58:40 PM org.apache.catalina.core.ApplicationContext log
INFOS: Manager: list: Listing contexts for virtual host 'localhost'
janv. 29, 2015 3:58:40 PM org.apache.catalina.core.ApplicationContext log
INFOS: Manager: list: Listing contexts for virtual host 'localhost'
janv. 29, 2015 3:59:28 PM org.apache.catalina.core.ApplicationContext log
INFOS: Manager: list: Listing contexts for virtual host 'localhost'
janv. 29, 2015 3:59:28 PM org.apache.catalina.core.ApplicationContext log
INFOS: Manager: list: Listing contexts for virtual host 'localhost'
janv. 29, 2015 3:59:28 PM org.apache.catalina.core.ApplicationContext log
INFOS: Manager: restart: Reloading web application '/WebApplication1'
janv. 29, 2015 3:59:35 PM org.apache.catalina.core.ApplicationContext log
INFOS: Manager: list: Listing contexts for virtual host 'localhost'
janv. 29, 2015 3:59:35 PM org.apache.catalina.core.ApplicationContext log
INFOS: Manager: list: Listing contexts for virtual host 'localhost'
janv. 29, 2015 4:01:14 PM org.apache.catalina.core.ApplicationContext log
INFOS: Manager: list: Listing contexts for virtual host 'localhost'
janv. 29, 2015 4:01:14 PM org.apache.catalina.core.ApplicationContext log
INFOS: Manager: list: Listing contexts for virtual host 'localhost'
janv. 29, 2015 4:01:14 PM org.apache.catalina.core.ApplicationContext log
INFOS: Manager: restart: Reloading web application '/WebApplication1'
janv. 29, 2015 4:01:21 PM org.apache.catalina.core.ApplicationContext log
INFOS: Manager: list: Listing contexts for virtual host 'localhost'
janv. 29, 2015 4:01:22 PM org.apache.catalina.core.ApplicationContext log
INFOS: Manager: list: Listing contexts for virtual host 'localhost'
janv. 29, 2015 4:01:45 PM org.apache.catalina.core.ApplicationContext log
INFOS: Manager: list: Listing contexts for virtual host 'localhost'
janv. 29, 2015 4:01:46 PM org.apache.catalina.core.ApplicationContext log
INFOS: Manager: list: Listing contexts for virtual host 'localhost'
janv. 29, 2015 4:01:54 PM org.apache.catalina.core.ApplicationContext log
INFOS: Manager: list: Listing contexts for virtual host 'localhost'
janv. 29, 2015 4:01:54 PM org.apache.catalina.core.ApplicationContext log
INFOS: Manager: list: Listing contexts for virtual host 'localhost'
janv. 29, 2015 4:11:10 PM org.apache.catalina.core.ApplicationContext log
INFOS: Manager: list: Listing contexts for virtual host 'localhost'
janv. 29, 2015 4:11:10 PM org.apache.catalina.core.ApplicationContext log
INFOS: Manager: list: Listing contexts for virtual host 'localhost'
janv. 29, 2015 4:11:38 PM org.apache.catalina.core.ApplicationContext log
INFOS: Manager: list: Listing contexts for virtual host 'localhost'
janv. 29, 2015 4:13:43 PM org.apache.catalina.core.ApplicationContext log
INFOS: Manager: list: Listing contexts for virtual host 'localhost'
janv. 29, 2015 4:13:43 PM org.apache.catalina.core.ApplicationContext log
INFOS: Manager: restart: Reloading web application '/WebApplication1'
janv. 29, 2015 4:13:44 PM org.apache.catalina.core.ApplicationContext log
INFOS: Manager: list: Listing contexts for virtual host 'localhost'
janv. 29, 2015 4:13:44 PM org.apache.catalina.core.ApplicationContext log
INFOS: Manager: restart: Reloading web application '/WebApplication1'
janv. 29, 2015 4:20:17 PM org.apache.catalina.core.ApplicationContext log
INFOS: Manager: list: Listing contexts for virtual host 'localhost'
janv. 29, 2015 4:20:17 PM org.apache.catalina.core.ApplicationContext log
INFOS: Manager: list: Listing contexts for virtual host 'localhost'
janv. 29, 2015 4:20:17 PM org.apache.catalina.core.ApplicationContext log
INFOS: Manager: restart: Reloading web application '/WebApplication1'
janv. 29, 2015 4:22:48 PM org.apache.catalina.core.ApplicationContext log
INFOS: Manager: list: Listing contexts for virtual host 'localhost'
janv. 29, 2015 4:22:48 PM org.apache.catalina.core.ApplicationContext log
INFOS: Manager: list: Listing contexts for virtual host 'localhost'
janv. 29, 2015 4:23:16 PM org.apache.catalina.core.ApplicationContext log
INFOS: Manager: list: Listing contexts for virtual host 'localhost'
janv. 29, 2015 4:23:16 PM org.apache.catalina.core.ApplicationContext log
INFOS: Manager: list: Listing contexts for virtual host 'localhost'
janv. 29, 2015 4:24:04 PM org.apache.catalina.core.ApplicationContext log
INFOS: Manager: list: Listing contexts for virtual host 'localhost'
janv. 29, 2015 4:24:08 PM org.apache.catalina.core.ApplicationContext log
INFOS: Manager: list: Listing contexts for virtual host 'localhost'
janv. 29, 2015 4:24:08 PM org.apache.catalina.core.ApplicationContext log
INFOS: Manager: list: Listing contexts for virtual host 'localhost'
janv. 29, 2015 4:25:42 PM org.apache.catalina.core.ApplicationContext log
INFOS: Manager: list: Listing contexts for virtual host 'localhost'
janv. 29, 2015 4:25:42 PM org.apache.catalina.core.ApplicationContext log
INFOS: Manager: list: Listing contexts for virtual host 'localhost'
janv. 29, 2015 4:25:51 PM org.apache.catalina.core.ApplicationContext log
INFOS: Manager: list: Listing contexts for virtual host 'localhost'
janv. 29, 2015 4:25:51 PM org.apache.catalina.core.ApplicationContext log
INFOS: Manager: list: Listing contexts for virtual host 'localhost'
janv. 29, 2015 4:26:11 PM org.apache.catalina.core.ApplicationContext log
INFOS: Manager: list: Listing contexts for virtual host 'localhost'
janv. 29, 2015 4:26:11 PM org.apache.catalina.core.ApplicationContext log
INFOS: Manager: list: Listing contexts for virtual host 'localhost'
janv. 29, 2015 4:26:11 PM org.apache.catalina.core.ApplicationContext log
INFOS: Manager: undeploy: Undeploying web application at '/WebApplication1'
janv. 29, 2015 4:26:11 PM org.apache.catalina.core.ApplicationContext log
INFOS: Manager: install: Installing context configuration at 'file:/tmp/context3657129204683099501.xml'
janv. 29, 2015 4:26:12 PM org.apache.catalina.core.ApplicationContext log
INFOS: Manager: start: Starting web application '/WebApplication1'
janv. 29, 2015 4:26:55 PM org.apache.catalina.core.ApplicationContext log
INFOS: Manager: list: Listing contexts for virtual host 'localhost'
janv. 29, 2015 4:26:55 PM org.apache.catalina.core.ApplicationContext log
INFOS: Manager: list: Listing contexts for virtual host 'localhost'
janv. 29, 2015 4:27:27 PM org.apache.catalina.core.ApplicationContext log
INFOS: Manager: list: Listing contexts for virtual host 'localhost'
janv. 29, 2015 4:27:27 PM org.apache.catalina.core.ApplicationContext log
INFOS: Manager: list: Listing contexts for virtual host 'localhost'
janv. 29, 2015 4:29:01 PM org.apache.catalina.core.ApplicationContext log
INFOS: Manager: list: Listing contexts for virtual host 'localhost'
janv. 29, 2015 4:29:02 PM org.apache.catalina.core.ApplicationContext log
INFOS: Manager: list: Listing contexts for virtual host 'localhost'
janv. 29, 2015 4:29:02 PM org.apache.catalina.core.ApplicationContext log
INFOS: Manager: undeploy: Undeploying web application at '/WebApplication1'
janv. 29, 2015 4:29:02 PM org.apache.catalina.core.ApplicationContext log
INFOS: Manager: install: Installing context configuration at 'file:/tmp/context662152592903030202.xml'
janv. 29, 2015 4:29:02 PM org.apache.catalina.core.ApplicationContext log
INFOS: Manager: start: Starting web application '/WebApplication1'
janv. 29, 2015 4:47:35 PM org.apache.catalina.core.ApplicationContext log
INFOS: Manager: init: Associated with Deployer 'Catalina:type=Deployer,host=localhost'
janv. 29, 2015 4:47:35 PM org.apache.catalina.core.ApplicationContext log
INFOS: Manager: init: Global resources are available
janv. 29, 2015 4:47:35 PM org.apache.catalina.core.ApplicationContext log
INFOS: Manager: list: Listing contexts for virtual host 'localhost'
janv. 29, 2015 4:47:35 PM org.apache.catalina.core.ApplicationContext log
INFOS: Manager: list: Listing contexts for virtual host 'localhost'
janv. 29, 2015 5:34:48 PM org.apache.catalina.core.ApplicationContext log
INFOS: Manager: init: Associated with Deployer 'Catalina:type=Deployer,host=localhost'
janv. 29, 2015 5:34:48 PM org.apache.catalina.core.ApplicationContext log
INFOS: Manager: init: Global resources are available
janv. 29, 2015 5:34:48 PM org.apache.catalina.core.ApplicationContext log
INFOS: Manager: list: Listing contexts for virtual host 'localhost'
janv. 29, 2015 5:34:48 PM org.apache.catalina.core.ApplicationContext log
INFOS: Manager: list: Listing contexts for virtual host 'localhost'
janv. 29, 2015 5:34:48 PM org.apache.catalina.core.ApplicationContext log
INFOS: Manager: install: Installing context configuration at 'file:/tmp/context5558303001711043140.xml'
janv. 29, 2015 5:34:49 PM org.apache.catalina.core.ApplicationContext log
INFOS: Manager: start: Starting web application '/ApliDataBase'
janv. 29, 2015 5:35:36 PM org.apache.catalina.core.ApplicationContext log
INFOS: Manager: list: Listing contexts for virtual host 'localhost'
janv. 29, 2015 5:35:36 PM org.apache.catalina.core.ApplicationContext log
INFOS: Manager: list: Listing contexts for virtual host 'localhost'
janv. 29, 2015 5:36:25 PM org.apache.catalina.core.ApplicationContext log
INFOS: Manager: list: Listing contexts for virtual host 'localhost'
janv. 29, 2015 5:36:25 PM org.apache.catalina.core.ApplicationContext log
INFOS: Manager: restart: Reloading web application '/ApliDataBase'
janv. 29, 2015 5:36:26 PM org.apache.catalina.core.ApplicationContext log
INFOS: Manager: list: Listing contexts for virtual host 'localhost'
janv. 29, 2015 5:36:26 PM org.apache.catalina.core.ApplicationContext log
INFOS: Manager: restart: Reloading web application '/ApliDataBase'
janv. 29, 2015 5:38:25 PM org.apache.catalina.core.ApplicationContext log
INFOS: Manager: list: Listing contexts for virtual host 'localhost'
janv. 29, 2015 5:38:25 PM org.apache.catalina.core.ApplicationContext log
INFOS: Manager: restart: Reloading web application '/ApliDataBase'
janv. 29, 2015 5:38:31 PM org.apache.catalina.core.ApplicationContext log
INFOS: Manager: list: Listing contexts for virtual host 'localhost'
janv. 29, 2015 5:38:31 PM org.apache.catalina.core.ApplicationContext log
INFOS: Manager: list: Listing contexts for virtual host 'localhost'
janv. 29, 2015 5:38:31 PM org.apache.catalina.core.ApplicationContext log
INFOS: Manager: restart: Reloading web application '/ApliDataBase'
janv. 29, 2015 5:48:29 PM org.apache.catalina.core.ApplicationContext log
INFOS: Manager: list: Listing contexts for virtual host 'localhost'
janv. 29, 2015 5:48:29 PM org.apache.catalina.core.ApplicationContext log
INFOS: Manager: restart: Reloading web application '/ApliDataBase'
janv. 29, 2015 5:48:33 PM org.apache.catalina.core.ApplicationContext log
INFOS: Manager: list: Listing contexts for virtual host 'localhost'
janv. 29, 2015 5:48:33 PM org.apache.catalina.core.ApplicationContext log
INFOS: Manager: list: Listing contexts for virtual host 'localhost'
janv. 29, 2015 5:48:33 PM org.apache.catalina.core.ApplicationContext log
INFOS: Manager: restart: Reloading web application '/ApliDataBase'
janv. 29, 2015 5:49:20 PM org.apache.catalina.core.ApplicationContext log
INFOS: Manager: init: Associated with Deployer 'Catalina:type=Deployer,host=localhost'
janv. 29, 2015 5:49:20 PM org.apache.catalina.core.ApplicationContext log
INFOS: Manager: init: Global resources are available
janv. 29, 2015 5:49:20 PM org.apache.catalina.core.ApplicationContext log
INFOS: Manager: list: Listing contexts for virtual host 'localhost'
janv. 29, 2015 5:49:20 PM org.apache.catalina.core.ApplicationContext log
INFOS: Manager: list: Listing contexts for virtual host 'localhost'
janv. 29, 2015 5:50:12 PM org.apache.catalina.core.ApplicationContext log
INFOS: Manager: init: Associated with Deployer 'Catalina:type=Deployer,host=localhost'
janv. 29, 2015 5:50:12 PM org.apache.catalina.core.ApplicationContext log
INFOS: Manager: init: Global resources are available
janv. 29, 2015 5:50:12 PM org.apache.catalina.core.ApplicationContext log
INFOS: Manager: list: Listing contexts for virtual host 'localhost'
janv. 29, 2015 5:50:12 PM org.apache.catalina.core.ApplicationContext log
INFOS: Manager: list: Listing contexts for virtual host 'localhost'
janv. 29, 2015 5:50:42 PM org.apache.catalina.core.ApplicationContext log
INFOS: Manager: init: Associated with Deployer 'Catalina:type=Deployer,host=localhost'
janv. 29, 2015 5:50:42 PM org.apache.catalina.core.ApplicationContext log
INFOS: Manager: init: Global resources are available
janv. 29, 2015 5:50:42 PM org.apache.catalina.core.ApplicationContext log
INFOS: Manager: list: Listing contexts for virtual host 'localhost'
janv. 29, 2015 5:50:43 PM org.apache.catalina.core.ApplicationContext log
INFOS: Manager: list: Listing contexts for virtual host 'localhost'
janv. 29, 2015 5:50:43 PM org.apache.catalina.core.ApplicationContext log
INFOS: Manager: undeploy: Undeploying web application at '/ApliDataBase'
janv. 29, 2015 5:50:43 PM org.apache.catalina.core.ApplicationContext log
INFOS: Manager: install: Installing context configuration at 'file:/tmp/context3718464858881802272.xml'
janv. 29, 2015 5:50:44 PM org.apache.catalina.core.ApplicationContext log
INFOS: Manager: start: Starting web application '/ApliDataBase'
janv. 29, 2015 5:54:26 PM org.apache.catalina.core.ApplicationContext log
INFOS: Manager: init: Associated with Deployer 'Catalina:type=Deployer,host=localhost'
janv. 29, 2015 5:54:26 PM org.apache.catalina.core.ApplicationContext log
INFOS: Manager: init: Global resources are available
janv. 29, 2015 5:54:26 PM org.apache.catalina.core.ApplicationContext log
INFOS: Manager: list: Listing contexts for virtual host 'localhost'
janv. 29, 2015 5:54:26 PM org.apache.catalina.core.ApplicationContext log
INFOS: Manager: list: Listing contexts for virtual host 'localhost'
janv. 29, 2015 5:54:26 PM org.apache.catalina.core.ApplicationContext log
INFOS: Manager: undeploy: Undeploying web application at '/ApliDataBase'
janv. 29, 2015 5:54:27 PM org.apache.catalina.core.ApplicationContext log
INFOS: Manager: install: Installing context configuration at 'file:/tmp/context5924405277934693958.xml'
janv. 29, 2015 6:26:12 PM org.apache.catalina.core.ApplicationContext log
INFOS: Manager: init: Associated with Deployer 'Catalina:type=Deployer,host=localhost'
janv. 29, 2015 6:26:12 PM org.apache.catalina.core.ApplicationContext log
INFOS: Manager: init: Global resources are available
janv. 29, 2015 6:26:12 PM org.apache.catalina.core.ApplicationContext log
INFOS: Manager: list: Listing contexts for virtual host 'localhost'
janv. 29, 2015 6:26:12 PM org.apache.catalina.core.ApplicationContext log
INFOS: Manager: list: Listing contexts for virtual host 'localhost'
janv. 29, 2015 6:26:34 PM org.apache.catalina.core.ApplicationContext log
INFOS: Manager: init: Associated with Deployer 'Catalina:type=Deployer,host=localhost'
janv. 29, 2015 6:26:34 PM org.apache.catalina.core.ApplicationContext log
INFOS: Manager: init: Global resources are available
janv. 29, 2015 6:26:34 PM org.apache.catalina.core.ApplicationContext log
INFOS: Manager: list: Listing contexts for virtual host 'localhost'
janv. 29, 2015 6:26:34 PM org.apache.catalina.core.ApplicationContext log
INFOS: Manager: list: Listing contexts for virtual host 'localhost'
janv. 29, 2015 6:26:34 PM org.apache.catalina.core.ApplicationContext log
INFOS: Manager: undeploy: Undeploying web application at '/ApliDataBase'
janv. 29, 2015 6:26:35 PM org.apache.catalina.core.ApplicationContext log
INFOS: Manager: install: Installing context configuration at 'file:/tmp/context9139395339712935090.xml'
janv. 29, 2015 6:26:36 PM org.apache.catalina.core.ApplicationContext log
INFOS: Manager: start: Starting web application '/ApliDataBase'
janv. 29, 2015 6:29:05 PM org.apache.catalina.core.ApplicationContext log
INFOS: Manager: list: Listing contexts for virtual host 'localhost'
janv. 29, 2015 6:29:05 PM org.apache.catalina.core.ApplicationContext log
INFOS: Manager: undeploy: Undeploying web application at '/ApliDataBase'
janv. 29, 2015 6:29:56 PM org.apache.catalina.core.ApplicationContext log
INFOS: Manager: init: Associated with Deployer 'Catalina:type=Deployer,host=localhost'
janv. 29, 2015 6:29:56 PM org.apache.catalina.core.ApplicationContext log
INFOS: Manager: init: Global resources are available
janv. 29, 2015 6:29:56 PM org.apache.catalina.core.ApplicationContext log
INFOS: Manager: list: Listing contexts for virtual host 'localhost'
janv. 29, 2015 6:29:56 PM org.apache.catalina.core.ApplicationContext log
INFOS: Manager: list: Listing contexts for virtual host 'localhost'
janv. 29, 2015 6:29:57 PM org.apache.catalina.core.ApplicationContext log
INFOS: Manager: install: Installing context configuration at 'file:/tmp/context5631108545696358525.xml'
janv. 29, 2015 6:29:57 PM org.apache.catalina.core.ApplicationContext log
INFOS: Manager: start: Starting web application '/ApliDataBase'
janv. 29, 2015 6:30:50 PM org.apache.catalina.core.ApplicationContext log
INFOS: Manager: init: Associated with Deployer 'Catalina:type=Deployer,host=localhost'
janv. 29, 2015 6:30:50 PM org.apache.catalina.core.ApplicationContext log
INFOS: Manager: init: Global resources are available
janv. 29, 2015 6:30:50 PM org.apache.catalina.core.ApplicationContext log
INFOS: Manager: list: Listing contexts for virtual host 'localhost'
janv. 29, 2015 6:30:50 PM org.apache.catalina.core.ApplicationContext log
INFOS: Manager: list: Listing contexts for virtual host 'localhost'
janv. 29, 2015 6:30:51 PM org.apache.catalina.core.ApplicationContext log
INFOS: Manager: restart: Reloading web application '/ApliDataBase'
janv. 29, 2015 6:48:07 PM org.apache.catalina.core.ApplicationContext log
INFOS: Manager: list: Listing contexts for virtual host 'localhost'
janv. 29, 2015 6:48:07 PM org.apache.catalina.core.ApplicationContext log
INFOS: Manager: list: Listing contexts for virtual host 'localhost'
janv. 29, 2015 6:48:07 PM org.apache.catalina.core.ApplicationContext log
INFOS: Manager: restart: Reloading web application '/ApliDataBase'
janv. 29, 2015 6:50:35 PM org.apache.catalina.core.ApplicationContext log
INFOS: Manager: list: Listing contexts for virtual host 'localhost'
janv. 29, 2015 6:50:35 PM org.apache.catalina.core.ApplicationContext log
INFOS: Manager: list: Listing contexts for virtual host 'localhost'
janv. 29, 2015 6:50:35 PM org.apache.catalina.core.ApplicationContext log
INFOS: Manager: restart: Reloading web application '/ApliDataBase'
