févr. 15, 2015 7:42:54 PM org.apache.catalina.core.ApplicationContext log
INFOS: Manager: init: Associated with Deployer 'Catalina:type=Deployer,host=localhost'
févr. 15, 2015 7:42:54 PM org.apache.catalina.core.ApplicationContext log
INFOS: Manager: init: Global resources are available
févr. 15, 2015 7:42:54 PM org.apache.catalina.core.ApplicationContext log
INFOS: Manager: list: Listing contexts for virtual host 'localhost'
févr. 15, 2015 7:42:55 PM org.apache.catalina.core.ApplicationContext log
INFOS: Manager: list: Listing contexts for virtual host 'localhost'
févr. 15, 2015 7:42:55 PM org.apache.catalina.core.ApplicationContext log
INFOS: Manager: install: Installing context configuration at 'file:/tmp/context3497926044737107354.xml'
févr. 15, 2015 7:42:56 PM org.apache.catalina.core.ApplicationContext log
INFOS: Manager: start: Starting web application '/test'
févr. 15, 2015 7:46:30 PM org.apache.catalina.core.ApplicationContext log
INFOS: Manager: list: Listing contexts for virtual host 'localhost'
févr. 15, 2015 7:46:45 PM org.apache.catalina.core.ApplicationContext log
INFOS: Manager: list: Listing contexts for virtual host 'localhost'
févr. 15, 2015 7:46:45 PM org.apache.catalina.core.ApplicationContext log
INFOS: Manager: list: Listing contexts for virtual host 'localhost'
févr. 15, 2015 7:49:59 PM org.apache.catalina.core.ApplicationContext log
INFOS: Manager: list: Listing contexts for virtual host 'localhost'
févr. 15, 2015 7:49:59 PM org.apache.catalina.core.ApplicationContext log
INFOS: Manager: list: Listing contexts for virtual host 'localhost'
févr. 15, 2015 7:50:43 PM org.apache.catalina.core.ApplicationContext log
INFOS: Manager: list: Listing contexts for virtual host 'localhost'
févr. 15, 2015 7:50:43 PM org.apache.catalina.core.ApplicationContext log
INFOS: Manager: list: Listing contexts for virtual host 'localhost'
févr. 15, 2015 7:54:41 PM org.apache.catalina.core.ApplicationContext log
INFOS: Manager: list: Listing contexts for virtual host 'localhost'
févr. 15, 2015 7:54:41 PM org.apache.catalina.core.ApplicationContext log
INFOS: Manager: list: Listing contexts for virtual host 'localhost'
févr. 15, 2015 7:54:42 PM org.apache.catalina.core.ApplicationContext log
INFOS: Manager: install: Installing context configuration at 'file:/tmp/context1306799802453793183.xml'
févr. 15, 2015 7:54:43 PM org.apache.catalina.core.ApplicationContext log
INFOS: Manager: start: Starting web application '/AppliCafeV4_1'
févr. 15, 2015 7:55:05 PM org.apache.catalina.core.ApplicationContext log
INFOS: Manager: list: Listing contexts for virtual host 'localhost'
févr. 15, 2015 7:55:05 PM org.apache.catalina.core.ApplicationContext log
INFOS: Manager: list: Listing contexts for virtual host 'localhost'
févr. 15, 2015 7:57:26 PM org.apache.catalina.core.ApplicationContext log
INFOS: Manager: list: Listing contexts for virtual host 'localhost'
févr. 15, 2015 7:57:26 PM org.apache.catalina.core.ApplicationContext log
INFOS: Manager: list: Listing contexts for virtual host 'localhost'
févr. 15, 2015 7:57:36 PM org.apache.catalina.core.ApplicationContext log
INFOS: Manager: list: Listing contexts for virtual host 'localhost'
févr. 15, 2015 7:57:37 PM org.apache.catalina.core.ApplicationContext log
INFOS: Manager: list: Listing contexts for virtual host 'localhost'
